TN:
SF:/Users/vladimirdzotov/Dropbox/do/GA/synthetix/synthetix-perps-minimal/markets/perps-market/contracts/Proxy.sol
DA:1,0
DA:11,7
DA:13,0
DA:16,0
end_of_record

SF:/Users/vladimirdzotov/Dropbox/do/GA/synthetix/synthetix-perps-minimal/markets/perps-market/contracts/fuzzing/Fuzz.sol
DA:6,260
DA:8,0
DA:9,0
end_of_record

SF:/Users/vladimirdzotov/Dropbox/do/GA/synthetix/synthetix-perps-minimal/markets/perps-market/contracts/fuzzing/FuzzAdmin.sol
DA:7,0
DA:8,11
DA:9,7
DA:11,14
DA:14,11
DA:15,7
DA:17,47
DA:22,11
DA:23,7
DA:24,1
DA:26,44
DA:27,3
DA:32,18
DA:37,11
DA:38,7
DA:39,1
DA:41,44
DA:42,3
DA:47,18
DA:54,11
DA:57,0
DA:58,4
DA:59,1
DA:60,1
DA:61,6
DA:62,42
DA:68,45
DA:70,5
DA:73,17
DA:79,3
DA:80,6
DA:81,1
DA:82,1
DA:83,1
DA:84,4
DA:85,1
DA:86,1
DA:89,55
DA:99,11
DA:100,64
DA:102,20
DA:103,4
DA:105,47
DA:116,11
DA:117,64
DA:120,21
DA:121,4
DA:123,47
DA:125,15
DA:126,2
DA:134,16
DA:135,64
DA:138,21
DA:139,4
DA:141,47
DA:143,41
DA:144,2
DA:149,11
DA:152,11
DA:153,64
DA:156,20
DA:157,4
DA:159,47
end_of_record

SF:/Users/vladimirdzotov/Dropbox/do/GA/synthetix/synthetix-perps-minimal/markets/perps-market/contracts/fuzzing/FuzzGuidedModule.sol
DA:9,0
DA:15,6
DA:16,6
DA:17,6
DA:20,5
DA:21,6
DA:22,4
DA:25,14
DA:28,6
DA:29,8
DA:30,20
DA:31,4
DA:32,8
DA:33,14
DA:35,10
DA:37,42
DA:42,5
DA:43,19
DA:49,8
DA:50,14
DA:52,44
DA:56,16
DA:57,70
DA:61,16
DA:63,6
DA:65,67
DA:66,27
DA:68,21
DA:72,4
DA:73,18
DA:74,44
DA:79,15
DA:83,2
DA:84,6
DA:85,8
DA:88,23
DA:90,6
DA:91,5
DA:92,5
DA:94,66
DA:95,25
DA:97,22
DA:100,3
DA:101,11
DA:102,16
DA:106,26
DA:108,23
DA:110,16
DA:111,4
DA:114,6
DA:117,4
DA:118,3
DA:119,4
DA:121,24
DA:122,29
DA:123,27
DA:125,5
DA:127,10
DA:128,4
DA:131,5
DA:132,5
DA:134,5
DA:135,2
DA:136,2
DA:137,2
DA:138,3
DA:139,4
DA:140,4
DA:144,16
DA:145,63
DA:146,26
DA:148,21
DA:151,8
DA:152,17
DA:153,6
DA:154,5
DA:158,1
DA:159,24
DA:162,64
DA:163,26
DA:168,4
DA:169,17
DA:170,1
DA:175,64
DA:176,29
DA:181,3
DA:182,18
DA:183,44
DA:186,13
DA:187,11
DA:188,1
DA:192,20
DA:195,4
DA:196,27
DA:197,24
DA:198,24
DA:200,27
DA:201,23
DA:202,7
DA:205,63
DA:206,27
DA:212,9
DA:213,8
DA:214,1
DA:215,1
DA:216,1
DA:217,1
DA:218,15
DA:221,7
DA:222,57
DA:223,2
DA:224,7
DA:225,6
DA:229,4
DA:235,1
DA:241,28
DA:242,1
DA:244,5
DA:245,27
DA:246,9
DA:248,5
DA:249,27
DA:250,9
DA:252,5
DA:253,27
DA:254,9
DA:257,27
DA:258,9
DA:259,26
DA:260,23
DA:262,63
DA:263,28
DA:269,44
DA:273,18
DA:274,40
DA:275,46
DA:277,6
DA:278,57
DA:279,12
DA:325,1
DA:330,1
DA:331,9
DA:333,10
DA:339,69
DA:340,28
DA:347,3
DA:348,5
DA:349,15
DA:350,0
DA:352,0
end_of_record

SF:/Users/vladimirdzotov/Dropbox/do/GA/synthetix/synthetix-perps-minimal/markets/perps-market/contracts/fuzzing/FuzzLiquidationModule.sol
DA:14,0
DA:21,5
DA:22,3
DA:23,4
DA:25,24
DA:26,29
DA:27,27
DA:29,5
DA:31,10
DA:32,4
DA:35,3
DA:36,1
DA:37,1
DA:38,1
DA:39,4
DA:40,10
DA:41,4
DA:45,5
DA:46,3
DA:47,4
DA:49,24
DA:50,29
DA:51,27
DA:53,5
DA:55,10
DA:56,4
DA:59,3
DA:60,1
DA:61,1
DA:62,1
DA:63,4
DA:64,4
DA:68,13
DA:70,4
DA:71,7
DA:72,1
DA:75,24
DA:76,29
DA:78,5
DA:80,10
DA:81,4
DA:84,4
DA:85,1
DA:86,1
DA:87,1
DA:88,4
DA:92,11
DA:95,7
DA:96,1
DA:99,24
DA:100,29
DA:102,5
DA:104,10
DA:105,4
DA:108,3
DA:109,1
DA:110,1
DA:111,1
DA:112,4
end_of_record

SF:/Users/vladimirdzotov/Dropbox/do/GA/synthetix/synthetix-perps-minimal/markets/perps-market/contracts/fuzzing/FuzzModules.sol
DA:6,0
end_of_record

SF:/Users/vladimirdzotov/Dropbox/do/GA/synthetix/synthetix-perps-minimal/markets/perps-market/contracts/fuzzing/FuzzOrderModule.sol
DA:10,0
DA:14,78
DA:16,16
DA:19,7
DA:20,21
DA:22,24
DA:23,29
DA:24,22
DA:26,1
DA:27,1
DA:28,1
DA:29,21
DA:30,21
DA:31,5
DA:32,21
DA:34,21
DA:36,21
DA:37,7
DA:38,1
DA:39,1
DA:40,1
DA:41,1
DA:44,10
DA:45,12
DA:49,21
DA:51,21
DA:53,14
DA:54,24
DA:55,24
DA:58,23
DA:59,11
DA:61,21
DA:63,10
DA:64,4
DA:65,4
DA:66,4
DA:67,4
DA:68,4
DA:69,4
DA:70,4
DA:72,21
DA:73,21
DA:75,4
DA:76,1
DA:77,1
DA:78,1
DA:79,4
DA:80,4
DA:83,113
DA:84,23
DA:86,21
DA:89,6
DA:90,7
DA:92,24
DA:93,29
DA:94,27
DA:96,5
DA:98,50
DA:99,10
DA:100,15
DA:101,4
DA:107,28
DA:108,5
DA:109,2
DA:110,2
DA:111,2
DA:112,3
DA:113,7
DA:114,19
DA:117,61
DA:120,12
DA:121,8
DA:123,24
DA:124,29
DA:125,27
DA:127,5
DA:129,10
DA:130,15
DA:131,4
DA:134,4
DA:135,1
DA:136,1
DA:137,1
DA:138,4
DA:139,4
DA:141,61
end_of_record

SF:/Users/vladimirdzotov/Dropbox/do/GA/synthetix/synthetix-perps-minimal/markets/perps-market/contracts/fuzzing/FuzzPerpsAccountModule.sol
DA:8,0
DA:13,14
DA:16,4
DA:17,7
DA:18,1
DA:19,1
DA:21,25
DA:22,29
DA:23,12
DA:24,5
DA:25,12
DA:27,10
DA:28,4
DA:29,4
DA:30,4
DA:32,12
DA:34,4
DA:35,4
DA:36,1
DA:37,1
DA:38,1
DA:39,4
DA:40,4
DA:42,12
DA:45,11
DA:46,8
DA:48,25
DA:49,29
DA:51,5
DA:53,10
DA:54,4
DA:55,4
DA:58,3
DA:59,1
DA:60,1
DA:61,1
DA:62,4
end_of_record

SF:/Users/vladimirdzotov/Dropbox/do/GA/synthetix/synthetix-perps-minimal/markets/perps-market/contracts/fuzzing/FuzzSetup.sol
DA:10,0
DA:11,0
DA:13,0
DA:15,0
DA:16,0
DA:18,0
DA:20,0
DA:21,0
DA:22,0
DA:23,0
DA:24,0
DA:25,0
DA:26,0
DA:27,0
DA:28,0
DA:29,0
DA:30,0
DA:31,0
DA:32,0
DA:33,0
DA:35,0
DA:37,0
DA:38,0
DA:39,0
DA:40,0
DA:41,0
DA:42,0
DA:43,0
DA:44,0
DA:45,0
DA:46,0
DA:47,0
DA:50,0
DA:51,0
DA:52,0
DA:53,0
DA:54,0
DA:55,0
DA:56,0
DA:57,0
DA:58,0
DA:59,0
DA:60,0
DA:61,0
DA:62,0
DA:63,0
DA:64,0
DA:65,0
DA:66,0
DA:67,0
DA:68,0
DA:69,0
DA:70,0
DA:71,0
DA:72,0
DA:73,0
DA:74,0
DA:75,0
DA:76,0
DA:77,0
DA:78,0
DA:79,0
DA:80,0
DA:81,0
DA:82,0
DA:83,0
DA:84,0
DA:85,0
DA:88,0
DA:89,0
DA:90,0
DA:91,0
DA:92,0
DA:95,0
DA:98,0
DA:100,0
DA:101,0
DA:102,0
DA:104,0
DA:106,0
DA:107,0
DA:108,0
DA:109,0
DA:112,0
DA:114,0
DA:115,0
DA:116,0
DA:117,0
DA:118,0
DA:119,0
DA:120,0
DA:121,0
DA:122,0
DA:123,0
DA:124,0
DA:127,0
DA:128,0
DA:130,0
DA:131,0
DA:135,0
DA:136,0
DA:140,0
DA:141,0
DA:146,0
DA:148,0
DA:151,0
DA:152,0
DA:153,0
DA:157,0
DA:158,0
DA:159,0
DA:161,0
DA:162,0
DA:163,0
DA:164,0
DA:166,0
DA:167,0
DA:168,0
DA:169,0
DA:171,0
DA:172,0
DA:173,0
DA:174,0
DA:175,0
DA:178,0
DA:181,0
DA:182,0
DA:183,0
DA:184,0
DA:185,0
DA:187,0
DA:189,0
DA:191,0
DA:192,0
DA:197,0
DA:198,0
DA:201,0
DA:202,0
DA:203,0
DA:204,0
DA:205,0
DA:211,0
DA:212,0
DA:215,0
DA:216,0
DA:219,0
DA:220,0
DA:222,0
DA:223,0
DA:224,0
DA:233,0
DA:234,0
DA:235,0
DA:238,0
DA:241,0
DA:243,0
DA:244,0
DA:247,0
DA:250,0
DA:252,0
DA:253,0
DA:256,0
DA:259,0
DA:261,0
DA:262,0
DA:265,0
DA:268,0
DA:270,0
DA:271,0
DA:274,0
DA:277,0
DA:279,0
DA:280,0
DA:283,0
DA:286,0
DA:288,0
DA:289,0
DA:292,0
DA:295,0
DA:297,0
DA:298,0
DA:299,0
DA:301,0
DA:306,0
DA:307,0
DA:308,0
DA:311,0
DA:314,0
DA:316,0
DA:317,0
DA:320,0
DA:323,0
DA:325,0
DA:326,0
DA:329,0
DA:332,0
DA:334,0
DA:335,0
DA:338,0
DA:341,0
DA:343,0
DA:344,0
DA:347,0
DA:350,0
DA:352,0
DA:353,0
DA:356,0
DA:359,0
DA:361,0
DA:362,0
DA:363,0
DA:365,0
DA:368,0
DA:370,0
DA:371,0
DA:372,0
DA:373,0
DA:375,0
DA:378,0
DA:381,0
DA:382,0
DA:383,0
DA:386,0
DA:387,0
DA:388,0
DA:389,0
DA:391,0
DA:397,0
DA:398,0
DA:399,0
DA:404,0
DA:407,0
DA:409,0
DA:410,0
DA:415,0
DA:418,0
DA:420,0
DA:421,0
DA:426,0
DA:429,0
DA:431,0
DA:432,0
DA:437,0
DA:440,0
DA:442,0
DA:443,0
DA:448,0
DA:451,0
DA:453,0
DA:454,0
DA:457,0
DA:460,0
DA:462,0
DA:463,0
DA:466,0
DA:469,0
DA:471,0
DA:472,0
DA:473,0
DA:477,0
DA:483,0
DA:484,0
DA:485,0
DA:488,0
DA:491,0
DA:493,0
DA:494,0
DA:497,0
DA:500,0
DA:502,0
DA:503,0
DA:506,0
DA:509,0
DA:511,0
DA:512,0
DA:515,0
DA:518,0
DA:520,0
DA:521,0
DA:524,0
DA:527,0
DA:529,0
DA:530,0
DA:533,0
DA:536,0
DA:538,0
DA:539,0
DA:542,0
DA:545,0
DA:547,0
DA:548,0
DA:551,0
DA:554,0
DA:556,0
DA:557,0
DA:560,0
DA:563,0
DA:565,0
DA:566,0
DA:569,0
DA:572,0
DA:574,0
DA:575,0
DA:578,0
DA:581,0
DA:583,0
DA:584,0
DA:587,0
DA:590,0
DA:592,0
DA:593,0
DA:596,0
DA:599,0
DA:601,0
DA:602,0
DA:605,0
DA:608,0
DA:610,0
DA:611,0
DA:614,0
DA:617,0
DA:619,0
DA:620,0
DA:623,0
DA:626,0
DA:628,0
DA:629,0
DA:630,0
DA:632,0
DA:638,0
DA:639,0
DA:640,0
DA:643,0
DA:646,0
DA:648,0
DA:649,0
DA:652,0
DA:655,0
DA:657,0
DA:658,0
DA:663,0
DA:666,0
DA:668,0
DA:669,0
DA:672,0
DA:675,0
DA:677,0
DA:678,0
DA:681,0
DA:684,0
DA:686,0
DA:687,0
DA:690,0
DA:693,0
DA:695,0
DA:696,0
DA:699,0
DA:702,0
DA:704,0
DA:705,0
DA:708,0
DA:711,0
DA:713,0
DA:714,0
DA:717,0
DA:720,0
DA:722,0
DA:723,0
DA:728,0
DA:731,0
DA:733,0
DA:734,0
DA:737,0
DA:740,0
DA:742,0
DA:743,0
DA:746,0
DA:749,0
DA:751,0
DA:752,0
DA:755,0
DA:758,0
DA:760,0
DA:761,0
DA:766,0
DA:769,0
DA:771,0
DA:772,0
DA:775,0
DA:778,0
DA:780,0
DA:781,0
DA:784,0
DA:787,0
DA:789,0
DA:790,0
DA:793,0
DA:796,0
DA:798,0
DA:799,0
DA:802,0
DA:805,0
DA:807,0
DA:808,0
DA:811,0
DA:814,0
DA:816,0
DA:817,0
DA:818,0
DA:820,0
DA:826,0
DA:827,0
DA:828,0
DA:831,0
DA:834,0
DA:836,0
DA:837,0
DA:840,0
DA:843,0
DA:845,0
DA:846,0
DA:849,0
DA:852,0
DA:854,0
DA:855,0
DA:858,0
DA:861,0
DA:863,0
DA:864,0
DA:867,0
DA:870,0
DA:872,0
DA:873,0
DA:876,0
DA:879,0
DA:881,0
DA:882,0
DA:885,0
DA:888,0
DA:890,0
DA:891,0
DA:894,0
DA:897,0
DA:899,0
DA:900,0
DA:903,0
DA:906,0
DA:908,0
DA:909,0
DA:912,0
DA:915,0
DA:917,0
DA:918,0
DA:921,0
DA:924,0
DA:926,0
DA:927,0
DA:930,0
DA:933,0
DA:935,0
DA:936,0
DA:937,0
DA:939,0
DA:945,0
DA:946,0
DA:947,0
DA:950,0
DA:953,0
DA:955,0
DA:956,0
DA:959,0
DA:962,0
DA:964,0
DA:965,0
DA:968,0
DA:971,0
DA:973,0
DA:974,0
DA:977,0
DA:980,0
DA:982,0
DA:983,0
DA:986,0
DA:989,0
DA:991,0
DA:992,0
DA:995,0
DA:998,0
DA:1000,0
DA:1001,0
DA:1004,0
DA:1007,0
DA:1009,0
DA:1010,0
DA:1013,0
DA:1016,0
DA:1018,0
DA:1019,0
DA:1020,0
DA:1022,0
DA:1028,0
DA:1029,0
DA:1030,0
DA:1033,0
DA:1036,0
DA:1038,0
DA:1039,0
DA:1042,0
DA:1045,0
DA:1047,0
DA:1048,0
DA:1051,0
DA:1054,0
DA:1056,0
DA:1057,0
DA:1060,0
DA:1063,0
DA:1065,0
DA:1066,0
DA:1069,0
DA:1072,0
DA:1074,0
DA:1075,0
DA:1078,0
DA:1081,0
DA:1083,0
DA:1084,0
DA:1087,0
DA:1090,0
DA:1092,0
DA:1093,0
DA:1096,0
DA:1099,0
DA:1101,0
DA:1102,0
DA:1103,0
DA:1105,0
DA:1111,0
DA:1112,0
DA:1113,0
DA:1116,0
DA:1119,0
DA:1121,0
DA:1122,0
DA:1123,0
DA:1125,0
DA:1131,0
DA:1132,0
DA:1133,0
DA:1136,0
DA:1139,0
DA:1141,0
DA:1142,0
DA:1145,0
DA:1148,0
DA:1150,0
DA:1151,0
DA:1154,0
DA:1157,0
DA:1159,0
DA:1160,0
DA:1163,0
DA:1166,0
DA:1168,0
DA:1169,0
DA:1172,0
DA:1175,0
DA:1177,0
DA:1178,0
DA:1181,0
DA:1184,0
DA:1186,0
DA:1187,0
DA:1190,0
DA:1193,0
DA:1195,0
DA:1196,0
DA:1199,0
DA:1202,0
DA:1204,0
DA:1205,0
DA:1208,0
DA:1211,0
DA:1213,0
DA:1214,0
DA:1215,0
DA:1217,0
DA:1223,0
DA:1224,0
DA:1225,0
DA:1228,0
DA:1231,0
DA:1233,0
DA:1234,0
DA:1237,0
DA:1240,0
DA:1242,0
DA:1243,0
DA:1246,0
DA:1249,0
DA:1251,0
DA:1252,0
DA:1255,0
DA:1258,0
DA:1260,0
DA:1261,0
DA:1264,0
DA:1267,0
DA:1268,0
DA:1269,0
DA:1272,0
DA:1275,0
DA:1276,0
DA:1277,0
DA:1280,0
DA:1283,0
DA:1284,0
DA:1285,0
DA:1288,0
DA:1291,0
DA:1292,0
DA:1293,0
DA:1296,0
DA:1299,0
DA:1300,0
DA:1301,0
DA:1304,0
DA:1307,0
DA:1309,0
DA:1310,0
DA:1313,0
DA:1316,0
DA:1318,0
DA:1319,0
DA:1322,0
DA:1325,0
DA:1326,0
DA:1327,0
DA:1330,0
DA:1333,0
DA:1334,0
DA:1335,0
DA:1338,0
DA:1341,0
DA:1342,0
DA:1343,0
DA:1344,0
DA:1346,0
DA:1352,0
DA:1353,0
DA:1354,0
DA:1360,0
DA:1362,0
DA:1363,0
DA:1364,0
DA:1372,0
DA:1373,0
DA:1374,0
DA:1375,0
DA:1377,0
DA:1381,0
DA:1392,0
DA:1393,0
DA:1394,0
DA:1395,0
DA:1396,0
DA:1397,0
DA:1401,0
DA:1411,0
DA:1412,0
DA:1414,0
DA:1415,0
DA:1416,0
DA:1431,0
DA:1433,0
DA:1435,0
DA:1436,0
DA:1437,0
DA:1438,0
DA:1439,0
DA:1445,0
DA:1446,0
DA:1449,0
DA:1450,0
DA:1458,0
DA:1459,0
DA:1460,0
DA:1461,0
DA:1468,0
DA:1469,0
DA:1470,0
DA:1471,0
DA:1484,0
DA:1485,0
DA:1486,0
DA:1487,0
DA:1500,0
DA:1501,0
DA:1502,0
DA:1503,0
DA:1516,0
DA:1517,0
DA:1518,0
DA:1519,0
DA:1532,0
DA:1533,0
DA:1534,0
DA:1536,0
DA:1537,0
DA:1538,0
DA:1539,0
DA:1540,0
DA:1542,0
DA:1545,0
DA:1548,0
DA:1549,0
DA:1550,0
DA:1552,0
DA:1553,0
DA:1554,0
DA:1555,0
DA:1556,0
DA:1557,0
DA:1558,0
DA:1564,0
DA:1565,0
DA:1566,0
DA:1568,0
DA:1569,0
DA:1570,0
DA:1571,0
DA:1572,0
DA:1573,0
DA:1574,0
DA:1580,0
DA:1581,0
DA:1582,0
DA:1583,0
DA:1584,0
DA:1586,0
DA:1587,0
DA:1588,0
DA:1589,0
DA:1591,0
DA:1592,0
DA:1593,0
DA:1594,0
DA:1595,0
DA:1598,0
DA:1601,0
DA:1602,0
DA:1603,0
DA:1604,0
DA:1606,0
DA:1612,0
DA:1613,0
DA:1614,0
DA:1620,0
DA:1622,0
DA:1623,0
DA:1625,0
DA:1629,0
DA:1631,0
DA:1632,0
DA:1633,0
DA:1634,0
DA:1641,0
DA:1642,0
DA:1643,0
DA:1644,0
DA:1651,0
DA:1653,0
DA:1654,0
DA:1655,0
DA:1657,0
DA:1662,0
DA:1664,0
DA:1665,0
DA:1666,0
DA:1667,0
DA:1668,0
DA:1669,0
DA:1677,0
DA:1678,0
DA:1679,0
DA:1680,0
DA:1685,0
DA:1688,0
DA:1689,0
DA:1691,0
DA:1692,0
DA:1693,0
DA:1694,0
DA:1696,0
DA:1697,0
DA:1698,0
DA:1699,0
DA:1701,0
DA:1702,0
DA:1703,0
DA:1704,0
DA:1706,0
DA:1707,0
DA:1708,0
DA:1709,0
DA:1711,0
DA:1712,0
DA:1713,0
DA:1718,0
DA:1721,0
DA:1722,0
DA:1723,0
DA:1724,0
DA:1725,0
DA:1726,0
DA:1727,0
DA:1730,0
DA:1732,0
DA:1738,0
DA:1744,0
DA:1752,0
DA:1753,0
DA:1757,0
DA:1761,0
DA:1766,0
DA:1767,0
DA:1768,0
DA:1776,0
DA:1783,0
DA:1784,0
DA:1785,0
DA:1786,0
DA:1795,0
DA:1796,0
DA:1797,0
DA:1798,0
DA:1799,0
DA:1807,0
DA:1808,0
DA:1809,0
DA:1810,0
DA:1811,0
DA:1819,0
DA:1820,0
DA:1821,0
DA:1822,0
DA:1831,0
DA:1832,0
DA:1833,0
DA:1834,0
DA:1835,0
DA:1843,0
DA:1844,0
DA:1845,0
DA:1846,0
DA:1847,0
DA:1855,0
DA:1856,0
DA:1857,0
DA:1858,0
DA:1865,0
DA:1866,0
DA:1867,0
DA:1868,0
DA:1869,0
DA:1875,0
DA:1876,0
DA:1877,0
DA:1878,0
DA:1879,0
DA:1886,0
DA:1887,0
DA:1888,0
DA:1889,0
DA:1897,0
DA:1898,0
DA:1899,0
DA:1900,0
DA:1901,0
DA:1908,0
DA:1909,0
DA:1910,0
DA:1911,0
DA:1912,0
DA:1919,0
DA:1920,0
DA:1921,0
DA:1922,0
DA:1931,0
DA:1932,0
DA:1933,0
DA:1934,0
DA:1935,0
DA:1942,0
DA:1943,0
DA:1944,0
DA:1945,0
DA:1946,0
DA:1954,0
DA:1955,0
DA:1956,0
DA:1957,0
DA:1969,0
DA:1970,0
DA:1971,0
DA:1972,0
DA:1973,0
DA:1983,0
DA:1984,0
DA:1985,0
DA:1986,0
DA:1987,0
DA:1998,0
DA:1999,0
DA:2000,0
DA:2001,0
DA:2014,0
DA:2015,0
DA:2016,0
DA:2017,0
DA:2020,0
DA:2029,0
DA:2030,0
DA:2031,0
DA:2032,0
DA:2035,0
DA:2044,0
DA:2045,0
DA:2046,0
DA:2047,0
DA:2054,0
DA:2055,0
DA:2056,0
DA:2063,0
DA:2064,0
DA:2066,0
DA:2067,0
DA:2068,0
DA:2072,0
DA:2073,0
DA:2074,0
DA:2075,0
DA:2076,0
DA:2081,0
DA:2082,0
DA:2085,0
DA:2086,0
DA:2087,0
DA:2088,0
DA:2089,0
DA:2098,3
DA:2100,6
DA:2101,65
DA:2102,21
DA:2106,4
DA:2107,18
DA:2110,10
DA:2111,2
DA:2112,1
DA:2113,11
DA:2114,12
DA:2115,3
DA:2116,1
DA:2121,1
DA:2123,2
DA:2125,78
DA:2126,64
DA:2129,0
DA:2133,0
DA:2134,0
DA:2135,0
DA:2137,0
DA:2142,0
DA:2143,0
DA:2144,0
DA:2151,0
DA:2152,0
DA:2153,0
DA:2154,0
DA:2156,0
end_of_record

SF:/Users/vladimirdzotov/Dropbox/do/GA/synthetix/synthetix-perps-minimal/markets/perps-market/contracts/fuzzing/helper/BeforeAfter.sol
DA:165,1
DA:166,5
DA:171,1
DA:172,5
DA:177,1
DA:178,6
DA:181,1
DA:182,6
DA:185,7
DA:186,23
DA:187,284
DA:188,267
DA:192,2
DA:193,4
DA:194,15
DA:198,1
DA:199,20
DA:200,90
DA:204,1
DA:209,4
DA:210,2
DA:211,2
DA:212,2
DA:213,14
DA:217,1
DA:222,21
DA:224,3
DA:225,5
DA:226,6
DA:227,6
DA:228,6
DA:229,6
DA:230,5
DA:231,5
DA:232,6
DA:233,6
DA:234,5
DA:235,5
DA:236,6
DA:237,6
DA:238,6
DA:239,20
DA:241,1
DA:247,21
DA:249,7
DA:251,20
DA:253,2
DA:254,69
DA:255,21
DA:259,4
DA:260,35
DA:263,2
DA:264,69
DA:265,29
DA:271,49
DA:272,1
DA:277,5
DA:279,1
DA:280,31
DA:281,9
DA:282,21
DA:284,24
DA:289,2
DA:293,69
DA:294,29
DA:299,4
DA:300,60
DA:301,1
DA:303,1
DA:304,18
DA:305,6
DA:306,6
DA:307,3
DA:310,1
DA:311,6
DA:312,6
DA:313,6
DA:315,69
DA:316,21
DA:320,4
DA:321,20
DA:322,19
DA:324,4
DA:325,6
DA:326,6
DA:327,6
DA:330,4
DA:331,7
DA:335,4
DA:338,3
DA:339,69
DA:340,29
DA:345,4
DA:346,18
DA:347,8
DA:348,18
DA:349,8
DA:350,18
DA:351,5
DA:352,18
DA:356,2
DA:357,90
DA:358,17
DA:359,89
DA:360,12
DA:361,87
DA:362,12
DA:365,1
DA:368,58
DA:369,27
DA:374,38
DA:377,20
DA:379,64
DA:380,29
DA:385,3
DA:386,24
DA:388,32
DA:390,18
DA:393,5
DA:394,2
DA:398,5
DA:401,1
DA:402,2
DA:404,69
DA:405,29
DA:410,4
DA:411,19
DA:413,41
DA:416,21
DA:417,7
DA:420,12
DA:421,25
DA:424,7
DA:425,4
DA:426,33
DA:427,5
DA:428,6
DA:429,4
DA:433,5
DA:437,3
DA:438,65
DA:439,28
DA:445,4
DA:446,18
DA:448,8
DA:449,30
DA:452,8
DA:453,30
DA:456,8
DA:457,30
DA:460,5
DA:461,30
DA:467,3
DA:469,6
DA:470,65
DA:471,29
DA:476,4
DA:477,16
DA:480,1
DA:483,63
DA:484,27
DA:489,4
DA:490,62
DA:491,1
DA:495,64
DA:496,28
DA:501,3
DA:502,15
DA:503,1
DA:506,16
DA:508,62
DA:509,28
DA:514,3
DA:515,24
DA:517,35
DA:518,18
DA:521,4
DA:522,7
DA:524,91
DA:525,17
DA:527,4
DA:528,10
DA:529,2
DA:530,6
DA:531,5
DA:532,5
DA:537,6
DA:542,4
DA:543,70
DA:544,34
DA:545,1
DA:546,2
DA:547,34
DA:548,58
DA:551,4
DA:552,0
DA:554,0
DA:556,0
DA:561,28
DA:562,18
DA:567,8
DA:568,30
DA:569,5
DA:570,30
DA:574,1
DA:575,2
DA:577,7
DA:578,7
DA:580,69
DA:581,29
DA:586,4
DA:587,56
DA:588,1
DA:590,64
DA:591,29
DA:596,3
DA:597,56
DA:598,1
DA:600,40
DA:602,28
DA:605,64
DA:606,21
DA:610,3
DA:611,47
DA:612,1
DA:615,40
DA:617,16
DA:619,3
DA:620,31
DA:622,33
DA:625,5
DA:626,2
DA:627,30
DA:630,3
DA:631,31
DA:633,33
DA:636,5
DA:637,2
DA:638,30
DA:642,4
DA:643,29
DA:644,4
DA:645,9
DA:646,4
DA:647,4
DA:648,4
DA:649,6
DA:650,5
DA:654,2
DA:659,2
DA:661,65
DA:662,28
DA:668,4
DA:669,7
DA:671,3
DA:672,3
DA:673,3
DA:674,15
DA:676,9
DA:677,37
DA:679,4
DA:682,4
DA:683,13
DA:686,3
DA:687,5
DA:690,4
DA:691,6
DA:692,38
DA:694,4
DA:697,3
DA:698,14
DA:701,3
DA:702,5
DA:705,3
DA:709,1
DA:712,1
DA:713,9
DA:714,7
DA:717,65
DA:718,28
DA:724,4
DA:725,14
DA:728,1
DA:729,2
DA:731,6
DA:732,6
DA:733,6
DA:735,6
DA:736,6
DA:737,6
DA:739,6
DA:740,6
DA:741,6
DA:743,4
DA:744,18
DA:745,4
DA:746,4
DA:747,5
DA:751,7
DA:752,2
DA:754,69
DA:755,29
DA:760,4
DA:761,16
DA:762,1
DA:765,9
DA:766,18
DA:768,5
DA:769,18
DA:774,7
DA:775,2
DA:777,69
DA:778,29
DA:783,4
DA:784,19
DA:785,9
DA:786,23
DA:787,5
DA:788,23
DA:792,7
DA:793,2
DA:795,69
DA:796,29
DA:801,4
DA:802,19
DA:803,9
DA:804,22
DA:805,8
DA:806,22
DA:807,5
DA:808,22
DA:914,2
DA:916,54
DA:917,35
DA:919,63
DA:920,73
DA:922,56
DA:923,35
DA:925,63
DA:926,74
DA:928,56
DA:929,35
DA:931,63
DA:932,74
DA:935,63
DA:936,63
DA:939,13
DA:940,13
DA:941,12
DA:943,21
DA:945,7
DA:948,4
DA:951,5
DA:955,1
DA:956,2
DA:958,70
DA:959,29
DA:964,4
DA:965,40
DA:967,63
DA:968,19
DA:972,3
DA:973,9
DA:974,1
DA:975,4
DA:976,4
DA:977,15
DA:978,20
DA:979,8
DA:980,7
DA:982,4
DA:983,7
DA:984,4
DA:990,1
DA:991,2
DA:993,68
DA:994,29
DA:999,4
DA:1000,19
DA:1001,33
DA:1004,63
DA:1005,28
DA:1010,3
DA:1011,28
DA:1012,1
DA:1013,29
DA:1015,9
DA:1018,4
DA:1019,2
DA:1020,3
DA:1022,5
DA:1026,1
DA:1027,2
DA:1029,69
DA:1030,21
DA:1034,4
DA:1035,19
DA:1036,16
DA:1038,5
DA:1039,6
DA:1040,6
DA:1041,5
DA:1044,7
DA:1045,2
DA:1047,69
DA:1048,29
DA:1053,4
DA:1054,19
DA:1056,9
DA:1057,23
DA:1058,6
DA:1059,23
DA:1063,4
DA:1066,3
DA:1067,2
DA:1069,69
DA:1070,29
DA:1075,4
DA:1076,19
DA:1078,9
DA:1079,22
DA:1081,6
DA:1082,22
DA:1087,1
DA:1092,23
DA:1093,23
DA:1094,2
DA:1096,65
DA:1097,28
DA:1103,4
DA:1104,7
DA:1106,3
DA:1107,3
DA:1108,3
DA:1109,15
DA:1111,9
DA:1112,20
DA:1113,4
DA:1115,32
DA:1119,2
DA:1122,2
DA:1123,17
DA:1126,4
DA:1127,9
DA:1128,20
DA:1129,4
DA:1131,32
DA:1135,2
DA:1138,2
DA:1139,17
DA:1142,4
DA:1144,0
DA:1145,0
DA:1148,39
DA:1150,3
DA:1151,12
DA:1154,4
DA:1158,10
DA:1161,22
DA:1163,32
DA:1167,21
DA:1169,30
DA:1173,21
DA:1175,28
DA:1179,20
DA:1181,28
DA:1194,0
DA:1195,0
DA:1199,0
DA:1200,0
end_of_record

SF:/Users/vladimirdzotov/Dropbox/do/GA/synthetix/synthetix-perps-minimal/markets/perps-market/contracts/fuzzing/helper/FuzzStorageVariables.sol
DA:40,0
DA:48,0
DA:58,34
DA:100,0
end_of_record

SF:/Users/vladimirdzotov/Dropbox/do/GA/synthetix/synthetix-perps-minimal/markets/perps-market/contracts/fuzzing/helper/logicalCoverage/GlobalCoverage.sol
DA:5,0
DA:6,1
DA:14,5
DA:15,5
DA:16,5
DA:17,3
DA:18,1
DA:19,1
DA:23,1
DA:26,6
DA:27,16
DA:28,6
DA:29,16
DA:30,6
DA:31,16
DA:32,6
DA:33,16
DA:35,16
DA:39,1
DA:42,6
DA:43,16
DA:44,6
DA:45,16
DA:46,6
DA:47,16
DA:48,6
DA:49,16
DA:51,16
DA:55,1
DA:58,6
DA:59,16
DA:60,6
DA:61,16
DA:62,6
DA:63,0
DA:64,6
DA:65,16
DA:67,16
DA:71,1
DA:75,8
DA:76,46
DA:77,6
DA:78,16
DA:79,6
DA:80,16
DA:81,7
DA:82,16
DA:84,45
DA:87,6
DA:88,16
DA:89,6
DA:90,16
DA:92,0
DA:96,1
DA:103,8
DA:104,46
DA:105,6
DA:106,16
DA:107,7
DA:108,16
DA:110,45
DA:114,8
DA:115,46
DA:116,6
DA:118,16
DA:119,6
DA:120,16
DA:121,7
DA:122,16
DA:124,45
DA:128,8
DA:129,46
DA:130,6
DA:131,16
DA:132,7
DA:133,16
DA:135,45
DA:139,8
DA:140,46
DA:141,6
DA:142,16
DA:143,7
DA:144,16
DA:146,45
DA:150,7
DA:151,16
DA:152,6
DA:153,16
DA:155,0
DA:159,1
DA:166,9
DA:167,46
DA:168,6
DA:169,16
DA:170,6
DA:171,16
DA:172,7
DA:173,16
DA:175,45
DA:179,8
DA:180,46
DA:181,6
DA:182,0
DA:183,7
DA:184,16
DA:186,45
DA:190,8
DA:191,46
DA:192,6
DA:193,0
DA:194,7
DA:195,16
DA:197,45
DA:201,7
DA:202,46
DA:203,0
DA:204,0
DA:205,1
DA:206,0
DA:208,0
DA:212,7
DA:213,16
DA:214,7
DA:215,0
DA:217,16
end_of_record

SF:/Users/vladimirdzotov/Dropbox/do/GA/synthetix/synthetix-perps-minimal/markets/perps-market/contracts/fuzzing/helper/logicalCoverage/LiquidationCoverage.sol
DA:5,0
DA:6,1
DA:9,6
DA:10,16
DA:11,4
DA:12,9
DA:13,3
DA:15,16
DA:16,6
DA:17,0
DA:21,1
DA:25,12
DA:26,16
DA:27,5
DA:28,16
DA:29,5
DA:30,0
DA:32,16
DA:36,1
DA:39,9
DA:40,46
DA:41,7
DA:42,16
DA:43,7
DA:44,16
DA:45,7
DA:46,16
DA:48,0
DA:51,20
DA:52,22
DA:53,46
DA:54,20
DA:55,16
DA:56,20
DA:57,16
DA:59,0
DA:64,1
DA:71,8
DA:72,46
DA:73,17
DA:74,16
DA:75,17
DA:76,16
DA:77,18
DA:78,16
DA:80,45
DA:84,8
DA:85,46
DA:86,17
DA:87,16
DA:88,17
DA:89,16
DA:90,18
DA:91,16
DA:93,45
DA:97,8
DA:98,46
DA:99,17
DA:100,16
DA:101,17
DA:102,16
DA:103,18
DA:104,16
DA:106,45
DA:110,8
DA:111,46
DA:112,17
DA:113,16
DA:114,17
DA:115,16
DA:116,17
DA:117,16
DA:118,18
DA:119,16
DA:121,45
DA:125,27
DA:126,46
DA:127,16
DA:128,16
DA:129,16
DA:130,16
DA:131,16
DA:132,16
DA:133,5
DA:134,16
DA:135,5
DA:136,16
DA:137,6
DA:138,16
DA:140,45
DA:144,16
DA:145,16
DA:146,16
DA:147,16
DA:148,16
DA:149,16
DA:151,16
end_of_record

SF:/Users/vladimirdzotov/Dropbox/do/GA/synthetix/synthetix-perps-minimal/markets/perps-market/contracts/fuzzing/helper/logicalCoverage/MarketCoverage.sol
DA:5,0
DA:6,1
DA:12,6
DA:14,6
DA:17,3
DA:18,1
DA:19,1
DA:20,1
DA:21,1
DA:25,1
DA:30,8
DA:31,46
DA:32,6
DA:33,16
DA:34,5
DA:35,16
DA:36,1
DA:37,0
DA:39,0
DA:43,6
DA:44,16
DA:45,6
DA:46,16
DA:47,6
DA:48,16
DA:49,5
DA:50,16
DA:52,0
DA:56,1
DA:61,8
DA:62,46
DA:63,6
DA:64,16
DA:65,5
DA:66,16
DA:67,1
DA:68,0
DA:70,0
DA:74,6
DA:75,16
DA:76,6
DA:77,16
DA:78,6
DA:79,16
DA:80,5
DA:81,16
DA:83,0
DA:87,1
DA:94,9
DA:95,46
DA:96,8
DA:97,16
DA:99,45
DA:103,9
DA:104,46
DA:105,8
DA:106,16
DA:108,45
DA:112,8
DA:113,1
DA:114,6
DA:115,16
DA:116,6
DA:117,16
DA:118,5
DA:119,16
DA:121,0
end_of_record

SF:/Users/vladimirdzotov/Dropbox/do/GA/synthetix/synthetix-perps-minimal/markets/perps-market/contracts/fuzzing/helper/logicalCoverage/OrderCoverage.sol
DA:5,0
DA:6,1
DA:15,9
DA:16,46
DA:17,19
DA:18,16
DA:19,19
DA:20,16
DA:21,20
DA:22,16
DA:24,45
DA:28,10
DA:29,46
DA:30,9
DA:31,8
DA:32,16
DA:33,8
DA:34,16
DA:36,16
DA:39,7
DA:40,16
DA:41,8
DA:42,16
DA:44,45
DA:49,8
DA:50,45
DA:52,45
DA:56,8
DA:57,31
DA:58,17
DA:59,16
DA:60,18
DA:61,16
DA:63,45
DA:67,8
DA:68,31
DA:69,17
DA:70,16
DA:71,18
DA:72,16
DA:74,45
DA:78,6
DA:79,0
DA:80,17
DA:81,0
DA:82,17
DA:83,0
DA:84,18
DA:85,0
DA:87,45
DA:91,21
DA:92,46
DA:93,17
DA:94,16
DA:95,19
DA:96,16
DA:97,17
DA:98,16
DA:99,20
DA:100,16
DA:102,45
DA:106,15
DA:107,9
DA:108,46
DA:109,7
DA:110,16
DA:112,16
end_of_record

SF:/Users/vladimirdzotov/Dropbox/do/GA/synthetix/synthetix-perps-minimal/markets/perps-market/contracts/fuzzing/helper/logicalCoverage/PositionCoverage.sol
DA:5,0
DA:6,1
DA:17,4
DA:18,1
DA:19,1
DA:20,1
DA:21,1
DA:25,4
DA:26,1
DA:27,1
DA:28,1
DA:29,1
DA:33,3
DA:34,1
DA:35,1
DA:36,1
DA:37,1
DA:38,1
DA:39,1
DA:43,1
DA:50,10
DA:51,46
DA:52,9
DA:53,8
DA:54,16
DA:55,8
DA:56,0
DA:57,8
DA:58,16
DA:59,8
DA:60,16
DA:62,16
DA:65,7
DA:66,16
DA:67,7
DA:68,16
DA:69,7
DA:70,16
DA:71,8
DA:72,0
DA:74,45
DA:79,8
DA:80,46
DA:81,7
DA:82,6
DA:83,16
DA:84,6
DA:85,31
DA:86,6
DA:87,16
DA:88,6
DA:89,16
DA:91,16
DA:94,5
DA:95,16
DA:96,5
DA:97,16
DA:98,5
DA:99,16
DA:100,6
DA:101,16
DA:103,45
DA:108,7
DA:109,46
DA:110,0
DA:111,0
DA:112,0
DA:115,0
DA:116,0
DA:119,0
DA:120,0
DA:124,0
DA:127,0
DA:128,0
DA:131,0
DA:132,0
DA:135,1
DA:136,0
DA:140,0
DA:145,5
DA:146,16
DA:147,0
DA:148,0
DA:149,0
DA:150,0
DA:151,0
DA:152,0
DA:153,0
DA:154,0
DA:156,0
DA:160,1
DA:167,10
DA:168,46
DA:169,9
DA:170,8
DA:171,16
DA:172,8
DA:173,31
DA:174,8
DA:175,16
DA:176,8
DA:177,16
DA:179,16
DA:182,7
DA:183,0
DA:184,7
DA:185,0
DA:186,7
DA:187,0
DA:188,8
DA:189,0
DA:191,45
DA:196,8
DA:197,46
DA:198,7
DA:199,6
DA:200,16
DA:201,6
DA:202,31
DA:203,6
DA:204,16
DA:205,6
DA:206,16
DA:208,16
DA:211,5
DA:212,16
DA:213,5
DA:214,16
DA:215,5
DA:216,16
DA:217,6
DA:218,16
DA:220,45
DA:225,7
DA:226,46
DA:227,0
DA:228,0
DA:229,0
DA:232,0
DA:233,0
DA:236,0
DA:237,0
DA:241,0
DA:246,0
DA:247,0
DA:250,0
DA:251,0
DA:254,1
DA:255,0
DA:259,0
DA:264,5
DA:265,16
DA:266,0
DA:267,0
DA:268,0
DA:269,0
DA:270,0
DA:271,0
DA:272,0
DA:273,0
DA:275,0
DA:279,1
DA:286,0
DA:287,24
DA:288,45
DA:289,4
DA:290,20
DA:291,16
DA:293,46
DA:295,16
DA:297,8
DA:298,16
DA:299,9
DA:300,16
DA:302,45
DA:306,9
DA:307,9
DA:308,45
DA:309,16
DA:310,46
DA:312,16
DA:314,8
DA:315,45
DA:316,16
DA:317,16
DA:319,16
DA:322,45
DA:327,9
DA:328,7
DA:329,46
DA:331,0
DA:332,0
DA:333,0
DA:334,0
DA:335,0
DA:337,0
DA:340,0
DA:341,0
DA:342,0
DA:343,0
DA:344,0
DA:345,0
DA:346,0
DA:347,0
DA:349,0
DA:352,0
DA:353,0
DA:354,1
DA:355,0
DA:357,0
DA:362,21
DA:363,21
DA:364,46
DA:365,20
DA:366,16
DA:368,45
DA:373,13
DA:374,9
DA:375,46
DA:376,7
DA:377,16
DA:379,0
DA:384,6
DA:385,16
DA:386,5
DA:387,2
DA:389,46
DA:390,20
DA:391,14
DA:392,16
DA:393,12
DA:394,0
DA:395,14
DA:396,16
DA:397,12
DA:398,0
DA:399,15
DA:400,0
DA:402,16
DA:405,0
DA:410,2
DA:411,12
end_of_record

SF:/Users/vladimirdzotov/Dropbox/do/GA/synthetix/synthetix-perps-minimal/markets/perps-market/contracts/fuzzing/helper/postconditions/PostconditionsAdmin.sol
DA:8,4
DA:11,3
DA:12,4
DA:13,10
DA:15,7
DA:18,6
DA:19,3
DA:20,60
DA:25,8
DA:26,2
DA:27,17
DA:30,2
DA:31,17
DA:34,45
DA:42,4
DA:45,2
DA:46,12
DA:48,8
DA:51,6
DA:52,3
DA:53,60
DA:58,8
DA:59,2
DA:60,17
DA:63,2
DA:64,17
DA:67,42
DA:68,46
end_of_record

SF:/Users/vladimirdzotov/Dropbox/do/GA/synthetix/synthetix-perps-minimal/markets/perps-market/contracts/fuzzing/helper/postconditions/PostconditionsBase.sol
DA:7,1
DA:11,46
DA:12,5
DA:14,4
DA:19,5
DA:21,3
end_of_record

SF:/Users/vladimirdzotov/Dropbox/do/GA/synthetix/synthetix-perps-minimal/markets/perps-market/contracts/fuzzing/helper/postconditions/PostconditionsLiquidationModule.sol
DA:7,1
DA:15,4
DA:16,5
DA:18,4
DA:21,5
DA:22,5
DA:23,4
DA:24,5
DA:25,4
DA:26,3
DA:27,19
DA:28,15
DA:31,0
DA:37,1
DA:44,6
DA:45,5
DA:46,5
DA:48,4
DA:49,6
DA:55,1
DA:61,7
DA:62,5
DA:63,22
DA:64,4
DA:65,4
DA:66,1
DA:67,15
DA:71,1
DA:75,1
DA:81,4
DA:82,5
DA:83,20
DA:85,4
DA:86,2
DA:87,1
DA:88,8
DA:96,8
DA:104,4
DA:105,5
DA:107,6
end_of_record

SF:/Users/vladimirdzotov/Dropbox/do/GA/synthetix/synthetix-perps-minimal/markets/perps-market/contracts/fuzzing/helper/postconditions/PostconditionsOrderModule.sol
DA:7,1
DA:14,4
DA:15,5
DA:16,5
DA:17,5
DA:19,5
DA:27,1
DA:35,4
DA:36,5
DA:37,6
DA:39,5
DA:40,5
DA:45,20
DA:50,5
DA:52,6
DA:53,5
DA:55,6
DA:56,5
DA:57,45
DA:58,5
DA:59,4
DA:60,5
DA:66,1
DA:73,4
DA:74,5
DA:75,10
DA:77,19
DA:82,0
end_of_record

SF:/Users/vladimirdzotov/Dropbox/do/GA/synthetix/synthetix-perps-minimal/markets/perps-market/contracts/fuzzing/helper/postconditions/PostconditionsPerpsAccountModule.sol
DA:8,8
DA:15,1
DA:16,22
DA:17,1
DA:18,11
DA:19,1
DA:20,1
DA:22,5
DA:23,12
DA:24,5
DA:25,12
DA:27,6
DA:28,5
DA:29,6
DA:30,6
DA:32,12
DA:33,5
DA:34,5
DA:35,6
DA:36,6
DA:37,6
DA:39,5
DA:40,4
DA:41,12
DA:45,6
DA:46,12
DA:52,1
DA:58,4
DA:59,5
DA:60,5
DA:63,4
DA:64,5
end_of_record

SF:/Users/vladimirdzotov/Dropbox/do/GA/synthetix/synthetix-perps-minimal/markets/perps-market/contracts/fuzzing/helper/preconditions/PreconditionsAdmin.sol
DA:11,7
DA:12,64
DA:13,8
DA:15,5
DA:16,1
DA:18,4
DA:22,7
DA:23,65
DA:24,1
DA:25,70
DA:26,1
DA:28,10
DA:33,7
DA:36,5
DA:38,7
DA:40,64
DA:42,17
DA:44,19
DA:47,7
DA:48,3
DA:51,7
DA:52,1
DA:55,70
DA:58,3
DA:61,60
DA:66,18
DA:68,19
DA:71,7
DA:72,3
DA:75,7
DA:76,0
DA:79,63
DA:81,40
DA:83,17
DA:86,3
DA:89,61
DA:90,14
DA:92,18
DA:94,19
DA:97,7
DA:98,3
DA:101,7
DA:102,0
DA:105,63
DA:107,40
DA:109,17
DA:112,3
DA:113,60
DA:115,19
DA:117,12
DA:119,17
DA:122,3
DA:123,61
DA:128,3
DA:129,15
DA:131,18
DA:138,3
DA:139,60
DA:141,19
DA:143,12
DA:145,17
DA:148,3
DA:149,61
DA:154,3
DA:155,15
DA:157,18
DA:163,7
DA:168,5
DA:170,64
DA:171,6
DA:172,19
end_of_record

SF:/Users/vladimirdzotov/Dropbox/do/GA/synthetix/synthetix-perps-minimal/markets/perps-market/contracts/fuzzing/helper/preconditions/PreconditionsBase.sol
DA:20,110
DA:22,418
DA:25,440
end_of_record

SF:/Users/vladimirdzotov/Dropbox/do/GA/synthetix/synthetix-perps-minimal/markets/perps-market/contracts/fuzzing/helper/preconditions/PreconditionsLiquidationModule.sol
DA:22,3
DA:26,1
DA:27,1
DA:29,26
DA:30,59
DA:32,73
DA:33,34
DA:34,1
DA:35,45
DA:38,4
DA:40,18
DA:42,5
DA:43,40
DA:44,3
DA:47,14
DA:48,9
DA:53,15
DA:54,16
DA:59,3
DA:63,1
DA:64,26
DA:65,23
DA:67,73
DA:68,34
DA:69,1
DA:70,45
DA:73,4
DA:75,18
DA:77,5
DA:78,40
DA:79,3
DA:82,14
DA:83,9
DA:88,15
DA:89,16
DA:94,3
DA:97,71
DA:98,2
DA:100,7
DA:102,1
DA:103,48
DA:105,27
DA:106,29
DA:108,73
DA:109,34
DA:110,1
DA:111,45
DA:114,4
DA:116,18
DA:118,5
DA:119,19
DA:120,2
DA:121,42
DA:122,9
DA:126,14
DA:128,43
DA:129,1
DA:131,20
DA:132,34
DA:135,1
DA:136,22
DA:138,57
end_of_record

SF:/Users/vladimirdzotov/Dropbox/do/GA/synthetix/synthetix-perps-minimal/markets/perps-market/contracts/fuzzing/helper/preconditions/PreconditionsOrderModule.sol
DA:29,8
DA:35,21
DA:39,1
DA:40,21
DA:41,25
DA:42,21
DA:44,21
DA:46,22
DA:48,24
DA:50,20
DA:51,21
DA:53,22
DA:54,22
DA:56,3
DA:57,62
DA:58,1
DA:59,5
DA:60,9
DA:63,10
DA:67,23
DA:69,21
DA:70,21
DA:72,21
DA:73,21
DA:74,2
DA:75,62
DA:76,1
DA:77,5
DA:78,9
DA:81,10
DA:85,23
DA:86,23
DA:88,12
DA:91,7
DA:92,41
DA:93,1
DA:94,1
DA:95,1
DA:96,11
DA:97,3
DA:98,1
DA:99,1
DA:100,1
DA:101,1
DA:108,3
DA:112,27
DA:113,31
DA:114,16
DA:116,63
DA:117,27
DA:122,4
DA:124,17
DA:125,1
DA:128,6
DA:130,20
DA:137,8
DA:140,3
DA:143,40
DA:144,13
DA:145,21
DA:147,1
DA:148,19
DA:149,40
end_of_record

SF:/Users/vladimirdzotov/Dropbox/do/GA/synthetix/synthetix-perps-minimal/markets/perps-market/contracts/fuzzing/helper/preconditions/PreconditionsPerpsAccountModule.sol
DA:21,7
DA:25,7
DA:26,18
DA:28,21
DA:30,2
DA:31,15
DA:32,15
DA:33,13
DA:35,1
DA:36,44
DA:41,73
DA:45,3
DA:46,16
DA:47,21
DA:49,29
end_of_record

SF:/Users/vladimirdzotov/Dropbox/do/GA/synthetix/synthetix-perps-minimal/markets/perps-market/contracts/fuzzing/mocks/MockERC20.sol
DA:5,76
DA:8,0
DA:9,0
DA:12,0
DA:13,0
DA:16,19
DA:17,6
DA:20,11
DA:21,5
end_of_record

SF:/Users/vladimirdzotov/Dropbox/do/GA/synthetix/synthetix-perps-minimal/markets/perps-market/contracts/fuzzing/mocks/MockLensModule.sol
DA:22,92
DA:32,0
DA:65,0
DA:66,0
DA:69,0
DA:73,0
DA:77,15
DA:79,3
DA:80,4
DA:84,8
DA:85,21
DA:87,5
DA:89,21
DA:91,6
DA:94,16
DA:95,4
DA:96,27
DA:97,5
DA:99,8
DA:101,30
DA:102,62
DA:103,5
DA:106,21
DA:107,21
DA:109,8
DA:111,1
DA:112,21
DA:113,14
DA:114,3
DA:115,3
DA:116,3
DA:118,7
DA:119,23
DA:120,24
DA:121,24
DA:123,21
DA:124,11
DA:125,21
DA:127,21
DA:128,3
DA:129,3
DA:131,3
DA:132,3
DA:135,11
DA:136,20
DA:137,24
DA:138,25
DA:139,25
DA:141,20
DA:142,21
DA:144,21
DA:147,13
DA:149,1
DA:150,7
DA:152,7
DA:155,0
DA:162,0
DA:163,0
DA:164,0
DA:165,0
DA:166,0
DA:167,0
DA:168,0
DA:169,0
DA:172,0
DA:174,0
DA:175,0
DA:178,0
DA:179,0
DA:180,0
DA:183,0
DA:184,0
DA:185,0
DA:186,0
DA:187,0
DA:188,0
DA:189,0
DA:190,0
DA:191,0
DA:193,0
DA:206,17
DA:208,1
DA:209,6
DA:210,4
DA:213,11
DA:215,1
DA:216,8
DA:217,10
DA:218,42
DA:220,18
DA:222,38
DA:228,11
DA:230,1
DA:231,8
DA:232,10
DA:233,42
DA:235,18
DA:237,40
DA:239,1
DA:245,23
DA:248,1
DA:250,6
DA:252,5
DA:254,6
DA:255,41
DA:256,1
DA:259,19
DA:260,29
DA:261,6
DA:265,1
DA:268,8
DA:269,5
DA:272,4
DA:275,18
DA:276,8
DA:277,21
DA:279,5
DA:281,21
DA:283,6
DA:285,10
DA:286,31
DA:287,5
DA:288,8
DA:290,5
DA:293,2
DA:296,18
DA:298,2
DA:299,107
DA:302,6
DA:305,0
DA:306,0
DA:307,0
DA:308,0
DA:311,2
DA:316,0
DA:317,2
DA:320,17
DA:323,1
DA:324,8
DA:326,5
DA:327,1
DA:328,1
end_of_record

SF:/Users/vladimirdzotov/Dropbox/do/GA/synthetix/synthetix-perps-minimal/markets/perps-market/contracts/fuzzing/mocks/MockModule.sol
DA:7,0
DA:8,0
DA:9,0
DA:12,0
DA:13,0
DA:14,0
end_of_record

SF:/Users/vladimirdzotov/Dropbox/do/GA/synthetix/synthetix-perps-minimal/markets/perps-market/contracts/fuzzing/mocks/MockOracleManager.sol
DA:16,49
DA:18,36
DA:20,0
DA:22,0
DA:23,0
DA:24,0
DA:25,0
DA:26,0
DA:27,0
DA:29,0
DA:33,3
DA:34,2
DA:37,11
DA:38,13
DA:41,26
DA:43,2
DA:44,56
DA:47,14
DA:48,12
DA:51,12
DA:55,2
DA:56,56
end_of_record

SF:/Users/vladimirdzotov/Dropbox/do/GA/synthetix/synthetix-perps-minimal/markets/perps-market/contracts/fuzzing/mocks/MockPyth.sol
DA:4,27
DA:32,2
DA:38,0
DA:39,0
DA:40,0
DA:41,0
DA:42,0
DA:43,0
DA:44,0
DA:45,0
DA:47,0
DA:48,0
DA:49,0
DA:50,0
DA:51,0
DA:55,0
DA:58,0
DA:59,0
DA:62,18
DA:63,52
DA:64,33
DA:67,0
DA:72,0
DA:73,0
DA:75,0
DA:78,0
DA:79,0
end_of_record

SF:/Users/vladimirdzotov/Dropbox/do/GA/synthetix/synthetix-perps-minimal/markets/perps-market/contracts/fuzzing/mocks/MockRewardDistributor.sol
DA:9,75
DA:11,8
DA:12,0
DA:13,0
DA:14,0
DA:15,0
DA:16,0
DA:19,4
DA:20,0
DA:23,2
DA:24,3
DA:27,19
DA:37,21
DA:45,0
DA:46,0
DA:49,0
DA:55,0
DA:57,0
DA:61,0
DA:64,0
DA:65,0
DA:67,0
DA:68,0
DA:69,0
DA:72,0
DA:75,0
DA:84,10
DA:86,7
DA:87,37
DA:88,7
DA:89,37
DA:90,28
DA:93,8
DA:95,0
DA:96,0
DA:97,0
DA:98,0
end_of_record

SF:/Users/vladimirdzotov/Dropbox/do/GA/synthetix/synthetix-perps-minimal/markets/perps-market/contracts/fuzzing/mocks/MockRouter.sol
DA:4,18
DA:12,0
DA:13,0
DA:14,0
DA:15,0
DA:16,0
DA:22,4
DA:23,14
DA:25,3
DA:26,0
DA:31,4
DA:33,7
DA:34,4
DA:36,1
DA:37,5
DA:38,3
DA:41,3
end_of_record

SF:/Users/vladimirdzotov/Dropbox/do/GA/synthetix/synthetix-perps-minimal/markets/perps-market/contracts/fuzzing/mocks/MockSpotMarket.sol
DA:8,44
DA:39,0
DA:52,0
DA:53,0
DA:54,0
DA:55,0
DA:57,0
DA:58,0
DA:60,0
DA:61,0
DA:63,0
DA:64,0
DA:65,0
DA:68,0
DA:70,0
DA:74,0
DA:75,0
DA:78,0
DA:79,0
DA:83,23
DA:85,1
DA:86,13
DA:89,21
DA:91,2
DA:92,13
DA:93,3
DA:95,12
DA:96,3
DA:98,1
DA:99,0
DA:103,17
DA:107,1
DA:108,1
DA:110,8
DA:112,8
DA:114,9
DA:115,4
DA:116,8
DA:117,4
DA:118,1
DA:119,0
DA:122,64
DA:125,3
DA:127,1
DA:129,1
DA:130,7
DA:131,0
DA:133,10
end_of_record

SF:/Users/vladimirdzotov/Dropbox/do/GA/synthetix/synthetix-perps-minimal/markets/perps-market/contracts/fuzzing/mocks/MockSynthetixV3.sol
DA:36,149
DA:39,0
DA:40,8
DA:41,8
DA:42,0
DA:43,0
DA:44,6
DA:46,0
DA:47,0
DA:57,4
DA:62,4
DA:63,0
DA:66,0
DA:68,0
DA:69,0
DA:70,0
DA:71,0
DA:72,0
DA:73,0
DA:74,0
DA:75,0
DA:76,0
DA:80,0
DA:81,0
DA:84,15
DA:86,2
DA:87,21
DA:90,22
DA:92,4
DA:94,62
DA:95,24
DA:97,68
DA:98,24
DA:100,67
DA:101,23
DA:103,65
DA:104,23
DA:106,26
DA:107,23
DA:108,8
DA:110,24
DA:111,20
DA:112,8
DA:114,24
DA:115,20
DA:116,8
DA:118,24
DA:119,20
DA:120,8
DA:122,67
DA:123,4
DA:125,25
DA:127,67
DA:128,4
DA:130,25
DA:132,67
DA:133,4
DA:135,25
DA:137,67
DA:138,4
DA:140,25
DA:142,8
DA:143,24
DA:145,6
DA:146,22
DA:148,24
DA:150,6
DA:151,22
DA:153,24
DA:155,6
DA:156,22
DA:158,24
DA:160,6
DA:161,8
DA:162,22
DA:163,4
DA:164,4
DA:165,4
DA:168,21
DA:170,21
DA:177,22
DA:180,3
DA:181,19
DA:184,5
DA:191,7
DA:197,0
DA:198,0
DA:199,0
DA:200,0
DA:201,0
DA:202,0
DA:203,0
DA:206,14
DA:209,0
DA:210,0
DA:216,0
DA:217,0
DA:218,0
DA:221,0
DA:222,0
DA:223,0
DA:226,0
DA:227,0
DA:228,0
DA:231,2
DA:232,0
DA:233,0
DA:236,0
DA:237,0
DA:240,0
DA:241,0
DA:244,0
DA:247,0
DA:248,0
DA:251,0
DA:255,0
DA:259,0
DA:262,14
DA:263,6
DA:264,0
DA:266,15
DA:273,13
DA:274,54
DA:277,11
DA:278,17
DA:281,17
DA:285,2
DA:286,46
DA:287,57
DA:290,32
DA:291,37
DA:292,32
DA:294,14
DA:316,11
DA:320,1
DA:321,22
DA:322,21
DA:323,21
DA:325,45
DA:326,21
DA:328,15
DA:329,21
DA:331,44
DA:332,22
DA:334,21
DA:335,26
DA:337,25
DA:342,30
DA:343,0
DA:345,0
DA:347,0
DA:348,0
DA:350,0
DA:353,0
DA:354,1
DA:356,0
DA:360,22
DA:361,24
DA:362,22
DA:364,20
DA:369,15
DA:376,29
DA:379,29
DA:380,33
DA:383,55
DA:385,1
DA:392,15
DA:398,29
DA:404,61
DA:405,4
DA:408,13
end_of_record

SF:/Users/vladimirdzotov/Dropbox/do/GA/synthetix/synthetix-perps-minimal/markets/perps-market/contracts/fuzzing/mocks/MockVaultModule.sol
DA:8,24
DA:13,0
DA:14,0
DA:15,0
DA:18,0
DA:21,0
DA:24,20
DA:31,2
DA:32,69
DA:33,8
DA:35,1
DA:37,8
DA:38,0
DA:39,0
DA:40,3
DA:42,69
DA:43,29
DA:45,4
DA:46,18
DA:47,22
DA:49,1
DA:51,21
DA:53,3
DA:54,43
end_of_record

SF:/Users/vladimirdzotov/Dropbox/do/GA/synthetix/synthetix-perps-minimal/markets/perps-market/contracts/fuzzing/properties/Properties.sol
end_of_record

SF:/Users/vladimirdzotov/Dropbox/do/GA/synthetix/synthetix-perps-minimal/markets/perps-market/contracts/fuzzing/properties/PropertiesBase.sol
DA:14,1
DA:19,0
DA:20,1
DA:22,8
DA:24,0
DA:25,0
DA:27,0
DA:30,0
DA:31,0
DA:32,0
DA:33,0
DA:37,0
DA:39,0
DA:40,0
DA:41,0
DA:45,1
DA:50,0
DA:51,5
DA:53,0
DA:54,0
DA:55,0
DA:57,0
DA:60,2
DA:61,0
DA:62,0
DA:63,0
DA:64,31
DA:66,0
DA:67,0
DA:68,0
end_of_record

SF:/Users/vladimirdzotov/Dropbox/do/GA/synthetix/synthetix-perps-minimal/markets/perps-market/contracts/fuzzing/properties/PropertiesDescriptions.sol
DA:3,0
end_of_record

SF:/Users/vladimirdzotov/Dropbox/do/GA/synthetix/synthetix-perps-minimal/markets/perps-market/contracts/fuzzing/properties/Properties_LIQ.sol
DA:9,1
DA:10,42
DA:11,54
DA:12,19
DA:13,19
DA:15,27
DA:16,19
DA:17,19
DA:23,1
DA:24,21
DA:26,7
DA:28,21
DA:30,7
DA:33,21
DA:35,7
DA:37,21
DA:39,7
DA:41,8
DA:42,8
DA:43,7
DA:44,1
DA:46,23
DA:47,21
DA:50,14
DA:51,52
DA:52,10
DA:53,4
DA:54,4
DA:55,5
DA:61,4
DA:62,13
DA:63,43
DA:64,5
DA:65,4
DA:69,0
DA:70,0
DA:71,0
DA:78,4
DA:79,10
DA:80,14
DA:81,5
DA:82,4
DA:86,0
DA:87,0
DA:88,0
DA:107,1
DA:108,3
DA:109,22
DA:110,17
DA:112,65
DA:118,1
DA:119,3
DA:120,22
DA:121,17
DA:123,40
DA:125,16
DA:127,40
DA:129,14
DA:132,4
DA:134,9
DA:135,6
DA:138,20
DA:140,2
DA:141,20
DA:159,1
DA:160,43
DA:162,9
DA:164,44
DA:166,9
DA:168,42
DA:170,10
DA:172,43
DA:174,10
DA:177,16
DA:180,5
DA:181,6
DA:182,6
DA:184,40
DA:186,9
DA:188,44
DA:190,9
DA:192,42
DA:194,10
DA:196,43
DA:198,10
DA:201,16
DA:204,5
DA:205,6
DA:206,6
DA:208,21
DA:209,10
DA:210,1
DA:211,17
DA:215,1
DA:216,22
DA:217,56
DA:218,17
DA:220,19
DA:222,98
DA:224,21
DA:225,56
DA:226,17
DA:228,19
DA:230,67
DA:234,1
DA:235,22
DA:237,21
DA:238,21
DA:240,14
DA:242,21
DA:244,16
DA:246,58
DA:247,15
DA:249,5
DA:250,7
DA:253,17
DA:257,21
DA:258,21
DA:260,14
DA:262,21
DA:264,16
DA:266,58
DA:267,15
DA:269,5
DA:270,7
DA:273,17
DA:277,21
DA:278,21
DA:280,14
DA:282,21
DA:284,16
DA:286,58
DA:287,15
DA:289,5
DA:290,7
DA:293,17
DA:297,20
DA:298,21
DA:300,14
DA:302,21
DA:304,16
DA:306,27
DA:307,15
DA:309,5
DA:310,7
DA:313,17
DA:318,1
DA:322,3
DA:323,26
DA:325,15
DA:327,55
DA:328,16
DA:329,14
DA:331,10
DA:334,17
DA:336,55
DA:337,14
DA:338,14
DA:340,8
DA:343,19
DA:345,28
DA:346,14
DA:347,14
DA:349,8
DA:352,19
end_of_record

SF:/Users/vladimirdzotov/Dropbox/do/GA/synthetix/synthetix-perps-minimal/markets/perps-market/contracts/fuzzing/properties/Properties_MGN.sol
DA:7,1
DA:8,66
DA:13,1
DA:14,26
DA:15,20
DA:16,18
DA:17,17
DA:21,1
DA:23,18
DA:24,0
DA:39,1
DA:40,19
DA:41,27
DA:42,5
DA:43,12
DA:44,17
DA:48,1
DA:49,20
DA:50,58
DA:51,5
DA:52,12
DA:53,17
DA:57,19
DA:58,27
DA:59,5
DA:60,12
DA:61,17
DA:80,1
DA:81,21
DA:83,8
DA:85,21
DA:87,8
DA:90,4
DA:91,11
DA:92,2
DA:93,2
DA:94,19
DA:102,1
DA:104,6
DA:105,58
DA:106,10
DA:107,6
DA:108,21
DA:109,17
DA:112,6
DA:113,58
DA:114,10
DA:115,6
DA:116,21
DA:117,17
DA:120,5
DA:121,53
DA:122,10
DA:123,6
DA:124,21
DA:125,17
DA:141,1
DA:142,16
DA:143,26
DA:144,20
DA:145,20
DA:150,1
DA:151,16
DA:152,26
DA:153,20
DA:154,20
DA:159,1
DA:160,55
DA:161,11
DA:162,2
DA:163,17
DA:166,55
DA:167,13
DA:168,4
DA:169,17
DA:172,54
DA:173,13
DA:174,4
DA:175,17
end_of_record

SF:/Users/vladimirdzotov/Dropbox/do/GA/synthetix/synthetix-perps-minimal/markets/perps-market/contracts/fuzzing/properties/Properties_ORD.sol
DA:9,1
DA:10,26
DA:11,20
DA:12,18
DA:13,17
DA:17,1
DA:18,69
DA:21,1
DA:22,66
DA:25,1
DA:26,27
DA:27,19
DA:28,10
DA:29,18
DA:33,1
DA:34,27
DA:35,19
DA:36,10
DA:37,18
DA:90,1
DA:92,2
DA:93,10
DA:94,19
DA:96,54
DA:97,19
DA:98,10
DA:99,18
DA:101,27
DA:102,17
DA:103,9
DA:104,19
DA:112,1
DA:115,20
DA:118,6
DA:119,4
DA:120,57
DA:122,21
DA:123,20
DA:124,13
DA:125,33
DA:126,20
DA:127,13
DA:128,33
DA:129,3
DA:130,14
DA:131,13
DA:133,7
DA:134,58
DA:135,18
DA:136,2
DA:137,18
DA:140,53
DA:141,18
DA:142,2
DA:143,18
DA:147,6
DA:148,4
DA:149,57
DA:151,21
DA:152,20
DA:153,13
DA:154,20
DA:155,13
DA:156,3
DA:157,14
DA:158,13
DA:160,5
DA:161,27
DA:162,18
DA:163,2
DA:164,18
DA:167,27
DA:168,18
DA:169,2
DA:170,18
DA:192,1
DA:193,68
DA:208,1
DA:209,66
DA:218,1
DA:219,1
DA:220,9
DA:222,18
DA:223,7
DA:225,18
DA:228,1
DA:229,7
DA:230,1
DA:231,16
DA:232,9
DA:234,3
DA:235,52
DA:238,3
DA:239,2
DA:242,51
DA:245,1
DA:246,105
DA:249,107
DA:252,6
DA:253,23
DA:254,18
DA:255,71
DA:256,1
DA:258,21
DA:259,55
DA:261,17
DA:264,22
DA:265,55
DA:267,17
DA:270,3
DA:271,2
DA:275,76
DA:299,1
DA:302,21
DA:304,17
DA:306,21
DA:308,14
DA:311,3
DA:312,24
DA:313,15
DA:315,21
DA:316,21
DA:318,17
DA:320,69
end_of_record

SF:/Users/vladimirdzotov/Dropbox/do/GA/synthetix/synthetix-perps-minimal/markets/perps-market/contracts/fuzzing/util/CheckCaller.sol
DA:4,0
DA:5,0
DA:6,0
DA:7,0
DA:9,0
end_of_record

SF:/Users/vladimirdzotov/Dropbox/do/GA/synthetix/synthetix-perps-minimal/markets/perps-market/contracts/fuzzing/util/FunctionCalls.sol
DA:8,0
DA:31,3
DA:35,4
DA:36,12
DA:38,41
DA:39,68
DA:40,28
DA:49,3
DA:52,4
DA:53,12
DA:55,41
DA:56,68
DA:57,35
DA:58,1
DA:65,3
DA:73,2
DA:74,22
DA:75,1
DA:76,1
DA:77,1
DA:78,1
DA:79,1
DA:80,1
DA:81,1
DA:84,54
DA:95,40
DA:96,65
DA:97,27
DA:103,1
DA:106,4
DA:107,12
DA:108,47
DA:110,41
DA:111,6
DA:112,6
DA:113,1
DA:119,1
DA:122,4
DA:123,12
DA:124,47
DA:126,41
DA:127,6
DA:128,6
DA:129,1
DA:135,3
DA:137,4
DA:138,11
DA:140,41
DA:141,64
DA:142,35
DA:143,1
DA:149,1
DA:151,4
DA:152,11
DA:154,41
DA:155,6
DA:156,6
DA:157,1
DA:163,1
DA:165,2
DA:166,14
DA:168,41
DA:169,6
DA:170,6
DA:171,1
DA:177,1
DA:179,2
DA:180,17
DA:182,41
DA:183,6
DA:184,8
DA:185,1
DA:186,2
end_of_record

SF:/Users/vladimirdzotov/Dropbox/do/GA/synthetix/synthetix-perps-minimal/markets/perps-market/contracts/fuzzing/util/FuzzConstants.sol
DA:8,1
DA:9,1
DA:10,1
DA:11,0
DA:12,0
DA:14,0
DA:15,0
DA:31,0
DA:32,0
DA:35,0
DA:36,0
DA:39,0
DA:40,0
DA:44,0
DA:45,0
DA:51,0
DA:58,0
DA:59,0
DA:65,0
DA:66,0
DA:68,0
DA:70,0
DA:75,0
DA:76,0
DA:78,0
DA:80,0
DA:107,0
DA:114,0
DA:121,0
DA:126,0
DA:130,0
DA:134,0
DA:138,5
DA:139,5
DA:140,0
DA:148,0
DA:149,0
DA:150,0
DA:151,0
DA:152,0
DA:153,0
DA:156,0
DA:157,0
DA:158,0
DA:159,0
DA:160,0
DA:163,0
DA:164,0
DA:165,0
DA:166,0
DA:167,0
DA:170,0
DA:171,0
DA:172,0
DA:173,0
DA:174,0
DA:179,0
DA:180,0
DA:187,0
DA:188,0
DA:195,0
DA:196,0
DA:203,28
DA:206,2
DA:207,2
DA:209,10
DA:212,2
DA:213,2
end_of_record

SF:/Users/vladimirdzotov/Dropbox/do/GA/synthetix/synthetix-perps-minimal/markets/perps-market/contracts/interfaces/IAccountEvents.sol
end_of_record

SF:/Users/vladimirdzotov/Dropbox/do/GA/synthetix/synthetix-perps-minimal/markets/perps-market/contracts/interfaces/IAsyncOrderCancelModule.sol
end_of_record

SF:/Users/vladimirdzotov/Dropbox/do/GA/synthetix/synthetix-perps-minimal/markets/perps-market/contracts/interfaces/IAsyncOrderModule.sol
end_of_record

SF:/Users/vladimirdzotov/Dropbox/do/GA/synthetix/synthetix-perps-minimal/markets/perps-market/contracts/interfaces/IAsyncOrderSettlementPythModule.sol
end_of_record

SF:/Users/vladimirdzotov/Dropbox/do/GA/synthetix/synthetix-perps-minimal/markets/perps-market/contracts/interfaces/ICollateralConfigurationModule.sol
end_of_record

SF:/Users/vladimirdzotov/Dropbox/do/GA/synthetix/synthetix-perps-minimal/markets/perps-market/contracts/interfaces/IDistributorErrors.sol
end_of_record

SF:/Users/vladimirdzotov/Dropbox/do/GA/synthetix/synthetix-perps-minimal/markets/perps-market/contracts/interfaces/IGlobalPerpsMarketModule.sol
end_of_record

SF:/Users/vladimirdzotov/Dropbox/do/GA/synthetix/synthetix-perps-minimal/markets/perps-market/contracts/interfaces/ILiquidationModule.sol
end_of_record

SF:/Users/vladimirdzotov/Dropbox/do/GA/synthetix/synthetix-perps-minimal/markets/perps-market/contracts/interfaces/IMarketConfigurationModule.sol
end_of_record

SF:/Users/vladimirdzotov/Dropbox/do/GA/synthetix/synthetix-perps-minimal/markets/perps-market/contracts/interfaces/IMarketEvents.sol
end_of_record

SF:/Users/vladimirdzotov/Dropbox/do/GA/synthetix/synthetix-perps-minimal/markets/perps-market/contracts/interfaces/IPerpsAccountModule.sol
end_of_record

SF:/Users/vladimirdzotov/Dropbox/do/GA/synthetix/synthetix-perps-minimal/markets/perps-market/contracts/interfaces/IPerpsMarketFactoryModule.sol
end_of_record

SF:/Users/vladimirdzotov/Dropbox/do/GA/synthetix/synthetix-perps-minimal/markets/perps-market/contracts/interfaces/IPerpsMarketModule.sol
end_of_record

SF:/Users/vladimirdzotov/Dropbox/do/GA/synthetix/synthetix-perps-minimal/markets/perps-market/contracts/interfaces/external/IFeeCollector.sol
end_of_record

SF:/Users/vladimirdzotov/Dropbox/do/GA/synthetix/synthetix-perps-minimal/markets/perps-market/contracts/interfaces/external/IPythERC7412Wrapper.sol
end_of_record

SF:/Users/vladimirdzotov/Dropbox/do/GA/synthetix/synthetix-perps-minimal/markets/perps-market/contracts/interfaces/external/ISpotMarketSystem.sol
end_of_record

SF:/Users/vladimirdzotov/Dropbox/do/GA/synthetix/synthetix-perps-minimal/markets/perps-market/contracts/interfaces/external/ISynthetixSystem.sol
end_of_record

SF:/Users/vladimirdzotov/Dropbox/do/GA/synthetix/synthetix-perps-minimal/markets/perps-market/contracts/mocks/MockGasPriceNode.sol
DA:6,0
DA:9,0
DA:10,0
DA:11,0
DA:13,0
DA:14,0
DA:15,0
DA:17,0
DA:19,0
DA:20,0
DA:21,0
DA:22,0
DA:26,0
DA:31,0
DA:32,0
DA:35,0
DA:36,0
DA:37,0
DA:38,0
DA:40,0
DA:41,0
DA:46,0
DA:47,0
DA:48,0
DA:49,0
DA:50,0
DA:51,0
DA:53,0
DA:56,0
DA:59,0
DA:61,0
DA:62,0
DA:65,0
DA:66,0
end_of_record

SF:/Users/vladimirdzotov/Dropbox/do/GA/synthetix/synthetix-perps-minimal/markets/perps-market/contracts/mocks/MockPythERC7412Wrapper.sol
DA:6,34
DA:9,0
DA:10,0
DA:15,0
DA:16,0
DA:19,12
DA:20,14
DA:21,41
DA:22,6
DA:25,2
DA:26,0
DA:29,23
DA:32,1
DA:33,10
DA:34,0
DA:37,12
end_of_record

SF:/Users/vladimirdzotov/Dropbox/do/GA/synthetix/synthetix-perps-minimal/markets/perps-market/contracts/modules/AsyncOrderCancelModule.sol
DA:22,24
DA:33,18
DA:34,4
DA:36,4
DA:37,1
DA:38,1
DA:39,5
DA:41,70
DA:43,4
DA:44,16
DA:47,11
DA:53,5
DA:57,1
DA:60,11
DA:61,4
DA:62,6
DA:63,5
DA:64,9
DA:67,10
DA:69,11
DA:71,9
DA:73,16
DA:74,13
DA:77,23
DA:80,10
DA:81,4
DA:82,4
DA:87,3
DA:90,20
DA:91,4
DA:92,4
DA:93,4
DA:94,4
DA:95,4
DA:96,4
DA:97,6
DA:98,4
end_of_record

SF:/Users/vladimirdzotov/Dropbox/do/GA/synthetix/synthetix-perps-minimal/markets/perps-market/contracts/modules/AsyncOrderModule.sol
DA:23,40
DA:31,22
DA:33,5
DA:34,4
DA:35,8
DA:38,9
DA:41,5
DA:42,4
DA:43,1
DA:46,13
DA:48,8
DA:49,8
DA:51,11
DA:54,10
DA:56,12
DA:57,2
DA:58,6
DA:59,9
DA:60,3
DA:61,2
DA:62,8
DA:66,6
DA:68,10
DA:69,1
DA:70,9
DA:73,33
DA:74,2
DA:75,4
DA:76,7
DA:77,6
DA:78,4
DA:79,3
DA:80,9
DA:81,12
DA:82,22
DA:83,6
DA:84,4
DA:87,105
DA:94,0
DA:96,0
DA:97,0
DA:103,0
DA:106,0
DA:107,0
DA:108,0
DA:109,0
DA:110,0
DA:117,25
DA:121,2
DA:122,11
DA:128,6
DA:131,0
DA:132,2
DA:133,1
DA:134,0
DA:138,0
DA:142,0
DA:144,0
DA:145,0
DA:146,0
DA:147,0
DA:148,0
DA:152,8
DA:157,0
DA:158,0
DA:161,0
DA:166,0
DA:167,0
DA:168,0
DA:171,0
DA:172,0
DA:173,0
DA:176,0
DA:178,0
DA:179,0
DA:180,0
DA:181,0
DA:182,0
DA:183,0
DA:184,0
DA:185,0
DA:186,0
DA:190,8
DA:194,4
DA:195,11
DA:196,7
DA:197,1
DA:199,6
DA:200,1
DA:201,4
DA:202,1
DA:203,1
DA:206,6
DA:207,1
DA:209,1
DA:210,1
end_of_record

SF:/Users/vladimirdzotov/Dropbox/do/GA/synthetix/synthetix-perps-minimal/markets/perps-market/contracts/modules/AsyncOrderSettlementPythModule.sol
DA:27,24
DA:46,18
DA:47,4
DA:49,4
DA:50,1
DA:51,1
DA:52,5
DA:54,62
DA:55,8
DA:57,4
DA:58,12
DA:59,4
DA:62,11
DA:68,5
DA:72,4
DA:73,4
DA:74,14
DA:75,4
DA:77,10
DA:79,1
DA:80,12
DA:81,3
DA:82,3
DA:83,3
DA:85,7
DA:86,7
DA:88,11
DA:90,6
DA:91,7
DA:92,4
DA:96,3
DA:97,3
DA:99,3
DA:100,3
DA:103,14
DA:105,25
DA:106,8
DA:107,16
DA:108,4
DA:109,4
DA:110,4
DA:114,14
DA:115,4
DA:116,8
DA:117,13
DA:118,2
DA:119,7
DA:122,21
DA:123,7
DA:124,1
DA:125,7
DA:126,7
DA:127,4
DA:128,7
DA:129,7
DA:130,7
DA:133,10
DA:134,1
DA:137,3
DA:139,7
DA:140,4
DA:141,4
DA:145,2
DA:146,3
DA:147,3
DA:148,11
DA:149,14
DA:150,5
DA:151,1
DA:155,3
DA:158,22
DA:161,13
DA:162,4
DA:163,4
DA:164,4
DA:165,4
DA:166,4
DA:167,4
DA:168,7
DA:169,4
DA:170,4
DA:171,4
DA:172,4
DA:173,6
DA:174,4
end_of_record

SF:/Users/vladimirdzotov/Dropbox/do/GA/synthetix/synthetix-perps-minimal/markets/perps-market/contracts/modules/CollateralConfigurationModule.sol
DA:18,0
DA:28,0
DA:34,0
DA:35,0
DA:36,0
DA:37,0
DA:39,0
DA:42,0
DA:43,0
DA:44,0
DA:47,0
DA:59,0
DA:61,0
DA:62,0
DA:68,0
DA:75,0
DA:76,0
DA:77,0
DA:78,0
DA:81,0
DA:87,0
DA:90,0
DA:91,0
DA:93,0
DA:95,0
DA:101,0
DA:105,0
DA:107,0
DA:113,0
DA:118,0
DA:119,0
DA:121,0
DA:122,0
DA:126,0
DA:127,0
DA:130,0
DA:133,0
DA:136,0
DA:138,0
DA:144,0
DA:145,0
DA:151,0
DA:157,0
DA:158,0
DA:159,0
DA:160,0
DA:162,0
DA:163,0
end_of_record

SF:/Users/vladimirdzotov/Dropbox/do/GA/synthetix/synthetix-perps-minimal/markets/perps-market/contracts/modules/CoreModule.sol
DA:11,0
end_of_record

SF:/Users/vladimirdzotov/Dropbox/do/GA/synthetix/synthetix-perps-minimal/markets/perps-market/contracts/modules/FeatureFlagModule.sol
DA:12,0
end_of_record

SF:/Users/vladimirdzotov/Dropbox/do/GA/synthetix/synthetix-perps-minimal/markets/perps-market/contracts/modules/GlobalPerpsMarketModule.sol
DA:23,56
DA:32,23
DA:36,1
DA:37,1
DA:38,7
DA:39,9
DA:45,0
DA:50,0
DA:51,0
DA:52,0
DA:53,0
DA:56,0
DA:57,0
DA:58,0
DA:59,0
DA:60,0
DA:62,0
DA:73,0
DA:78,0
DA:79,0
DA:80,0
DA:81,0
DA:84,0
DA:85,0
DA:86,0
DA:87,0
DA:88,0
DA:94,7
DA:98,1
DA:100,10
DA:106,12
DA:108,1
DA:109,23
DA:115,0
DA:116,0
DA:117,0
DA:118,0
DA:119,0
DA:121,0
DA:125,0
DA:126,0
DA:132,0
DA:133,0
DA:139,0
DA:140,0
DA:142,0
DA:144,0
DA:150,4
DA:151,0
DA:157,0
DA:158,0
DA:160,0
DA:161,0
DA:164,0
DA:165,0
DA:168,0
DA:170,0
DA:176,0
DA:178,0
DA:179,0
DA:185,0
DA:186,0
DA:192,0
DA:195,0
DA:196,0
DA:197,0
DA:198,0
DA:199,0
DA:201,0
DA:207,0
DA:211,0
DA:213,0
DA:214,0
DA:215,0
DA:221,0
DA:225,0
DA:226,0
DA:227,0
DA:229,0
DA:230,0
DA:236,0
DA:237,0
DA:238,0
DA:240,0
DA:250,0
DA:255,0
DA:256,0
DA:257,0
DA:260,0
DA:261,0
DA:262,0
DA:263,0
DA:269,0
DA:270,0
DA:272,0
end_of_record

SF:/Users/vladimirdzotov/Dropbox/do/GA/synthetix/synthetix-perps-minimal/markets/perps-market/contracts/modules/LiquidationModule.sol
DA:28,65
DA:42,26
DA:44,3
DA:45,4
DA:47,7
DA:50,6
DA:51,17
DA:52,9
DA:53,4
DA:58,6
DA:59,21
DA:60,21
DA:61,21
DA:62,21
DA:64,1
DA:66,9
DA:67,10
DA:70,15
DA:78,6
DA:79,1
DA:80,1
DA:81,1
DA:82,1
DA:85,0
DA:88,10
DA:92,11
DA:94,1
DA:95,4
DA:97,8
DA:99,9
DA:100,0
DA:103,9
DA:104,1
DA:106,8
DA:108,11
DA:111,6
DA:112,1
DA:113,1
DA:114,1
DA:115,1
DA:118,19
DA:120,15
DA:126,0
DA:133,15
DA:135,3
DA:136,4
DA:138,8
DA:143,7
DA:144,1
DA:145,2
DA:148,23
DA:149,22
DA:150,23
DA:151,10
DA:152,4
DA:163,16
DA:165,2
DA:166,4
DA:168,7
DA:172,22
DA:173,26
DA:174,10
DA:175,3
DA:178,12
DA:179,5
DA:180,1
DA:181,1
DA:182,1
DA:190,0
DA:194,0
DA:196,3
DA:202,13
DA:204,1
DA:205,11
DA:206,1
DA:207,1
DA:210,19
DA:212,1
DA:213,8
DA:214,9
DA:215,2
DA:217,6
DA:218,1
DA:226,22
DA:233,1
DA:234,1
DA:235,1
DA:238,6
DA:239,10
DA:240,5
DA:258,8
DA:263,2
DA:265,7
DA:266,8
DA:270,8
DA:271,5
DA:272,7
DA:273,13
DA:274,5
DA:275,16
DA:276,4
DA:278,11
DA:280,1
DA:283,12
DA:284,10
DA:289,7
DA:290,4
DA:295,3
DA:296,6
DA:297,8
DA:298,4
DA:302,23
DA:303,4
DA:305,14
DA:309,6
DA:310,7
DA:313,15
DA:315,11
DA:316,5
DA:317,5
DA:318,5
DA:319,5
DA:321,5
DA:322,4
DA:323,5
DA:326,17
DA:327,4
DA:328,4
DA:329,1
DA:330,1
DA:334,3
DA:335,6
DA:336,8
DA:337,4
DA:341,12
DA:343,1
DA:345,11
DA:346,4
DA:347,0
DA:348,4
DA:351,4
DA:352,14
DA:353,1
DA:354,15
DA:355,6
DA:356,12
DA:357,4
DA:358,1
DA:360,8
DA:361,8
DA:362,3
DA:363,2
DA:364,11
DA:365,2
DA:368,11
DA:369,2
DA:374,16
DA:375,2
DA:377,4
DA:384,1
DA:388,1
DA:389,11
DA:390,0
DA:393,12
DA:394,1
DA:395,1
DA:396,1
DA:398,4
DA:399,0
DA:400,0
DA:401,0
end_of_record

SF:/Users/vladimirdzotov/Dropbox/do/GA/synthetix/synthetix-perps-minimal/markets/perps-market/contracts/modules/MarketConfigurationModule.sol
DA:14,0
DA:21,0
DA:24,0
DA:25,0
DA:27,0
DA:28,0
DA:31,0
DA:33,0
DA:34,0
DA:36,0
DA:37,0
DA:43,0
DA:47,0
DA:48,0
DA:50,0
DA:51,0
DA:53,0
DA:54,0
DA:57,0
DA:58,0
DA:60,0
DA:66,0
DA:70,0
DA:71,0
DA:73,0
DA:74,0
DA:76,0
DA:77,0
DA:79,0
DA:85,0
DA:90,0
DA:91,0
DA:92,0
DA:93,0
DA:94,0
DA:100,0
DA:105,0
DA:107,0
DA:109,0
DA:115,0
DA:117,0
DA:118,0
DA:119,0
DA:120,0
DA:126,0
DA:127,0
DA:128,0
DA:129,0
DA:130,0
DA:136,0
DA:137,0
DA:138,0
DA:139,0
DA:140,0
DA:146,0
DA:150,0
DA:151,0
DA:152,0
DA:154,0
DA:155,0
DA:156,0
DA:162,0
DA:168,0
DA:169,0
DA:170,0
DA:172,0
DA:174,0
DA:175,0
DA:176,0
DA:178,0
DA:190,0
DA:197,0
DA:198,0
DA:199,0
DA:201,0
DA:202,0
DA:203,0
DA:204,0
DA:205,0
DA:207,0
DA:220,0
DA:221,0
DA:222,0
DA:223,0
DA:224,0
DA:230,0
DA:234,0
DA:240,0
DA:247,0
DA:248,0
DA:249,0
DA:250,0
DA:253,0
DA:255,0
DA:257,0
DA:258,0
DA:259,0
DA:265,0
DA:272,0
DA:273,0
DA:274,0
DA:275,0
DA:276,0
DA:279,0
DA:281,0
DA:282,0
DA:283,0
DA:284,0
DA:285,0
DA:291,0
DA:293,0
DA:294,0
DA:296,0
DA:297,0
DA:303,0
DA:305,0
DA:306,0
DA:308,0
DA:314,0
DA:316,0
DA:317,0
DA:319,0
DA:325,0
DA:327,0
DA:328,0
DA:337,0
DA:338,0
DA:340,0
end_of_record

SF:/Users/vladimirdzotov/Dropbox/do/GA/synthetix/synthetix-perps-minimal/markets/perps-market/contracts/modules/PerpsAccountModule.sol
DA:29,81
DA:41,15
DA:45,4
DA:46,21
DA:48,21
DA:49,4
DA:50,21
DA:52,6
DA:54,6
DA:55,5
DA:56,1
DA:57,1
DA:60,21
DA:62,21
DA:63,7
DA:65,21
DA:67,21
DA:69,7
DA:71,21
DA:73,7
DA:74,6
DA:76,8
DA:77,5
DA:79,6
DA:81,11
DA:83,10
DA:84,20
DA:85,4
DA:86,1
DA:87,1
DA:88,1
DA:89,5
DA:91,1
DA:92,10
DA:94,7
DA:95,2
DA:97,5
DA:99,20
DA:101,4
DA:102,1
DA:103,1
DA:104,1
DA:105,1
DA:110,8
DA:112,16
DA:113,1
DA:114,1
DA:115,1
DA:116,4
DA:118,21
DA:121,13
DA:123,1
DA:124,6
DA:125,6
DA:127,4
DA:133,17
DA:134,6
DA:135,8
DA:137,5
DA:139,21
DA:145,11
DA:147,1
DA:149,10
DA:150,1
DA:151,1
DA:158,0
DA:160,0
DA:161,0
DA:167,28
DA:175,1
DA:176,1
DA:177,1
DA:178,1
DA:181,8
DA:183,14
DA:185,6
DA:193,7
DA:194,7
DA:196,22
DA:197,22
DA:198,29
DA:199,6
DA:205,0
DA:208,0
DA:209,0
DA:211,0
DA:217,13
DA:219,1
DA:220,11
DA:221,1
DA:228,13
DA:230,0
DA:231,0
DA:232,2
DA:233,0
DA:240,23
DA:247,1
DA:248,1
DA:249,1
DA:251,1
DA:252,8
DA:253,12
DA:254,12
DA:257,6
DA:261,6
DA:264,5
DA:265,8
DA:271,16
DA:274,1
DA:275,21
DA:281,11
DA:283,1
DA:284,10
DA:290,8
DA:292,0
DA:293,0
DA:296,1
DA:302,7
DA:304,78
DA:305,1
DA:306,4
DA:307,1
DA:310,4
DA:311,59
DA:313,60
DA:314,4
DA:315,1
DA:319,6
DA:323,6
DA:329,5
DA:331,6
DA:332,1
DA:333,3
DA:336,1
DA:337,6
DA:338,59
DA:341,49
DA:342,2
DA:344,2
DA:346,65
end_of_record

SF:/Users/vladimirdzotov/Dropbox/do/GA/synthetix/synthetix-perps-minimal/markets/perps-market/contracts/modules/PerpsMarketFactoryModule.sol
DA:28,65
DA:42,0
DA:45,0
DA:46,0
DA:48,0
DA:50,0
DA:51,0
DA:52,0
DA:54,0
DA:57,0
DA:59,0
DA:65,2
DA:66,0
DA:67,2
DA:73,0
DA:77,0
DA:78,0
DA:79,0
DA:81,0
DA:82,0
DA:84,0
DA:85,0
DA:88,0
DA:89,0
DA:91,0
DA:93,0
DA:100,0
DA:101,0
DA:103,0
DA:104,0
DA:107,0
DA:113,16
DA:114,7
DA:116,13
DA:119,7
DA:120,7
DA:121,2
DA:123,4
DA:124,5
DA:125,22
DA:126,13
DA:127,18
DA:128,6
DA:132,20
DA:133,1
DA:134,8
DA:135,11
DA:138,2
DA:144,18
DA:145,14
DA:146,9
DA:149,2
DA:155,0
DA:156,0
DA:162,12
DA:166,3
DA:168,18
DA:174,10
DA:176,0
DA:177,1
DA:178,1
DA:179,0
end_of_record

SF:/Users/vladimirdzotov/Dropbox/do/GA/synthetix/synthetix-perps-minimal/markets/perps-market/contracts/modules/PerpsMarketModule.sol
DA:14,40
DA:20,0
DA:22,0
DA:23,0
DA:24,0
DA:30,12
DA:31,4
DA:37,14
DA:38,9
DA:44,13
DA:45,5
DA:51,0
DA:52,0
DA:58,0
DA:59,0
DA:65,0
DA:66,0
DA:72,0
DA:76,0
DA:77,0
DA:78,0
DA:79,0
DA:80,0
DA:81,0
DA:82,0
DA:89,0
DA:91,0
DA:92,0
DA:93,0
DA:94,0
DA:95,0
DA:96,0
DA:97,0
DA:98,0
DA:99,0
DA:100,0
end_of_record

SF:/Users/vladimirdzotov/Dropbox/do/GA/synthetix/synthetix-perps-minimal/markets/perps-market/contracts/storage/AsyncOrder.sol
DA:19,0
DA:121,4
DA:122,30
DA:133,5
DA:135,2
DA:136,7
DA:137,11
DA:138,13
DA:141,7
DA:142,8
DA:143,7
DA:145,6
DA:153,2
DA:154,9
DA:156,12
DA:159,3
DA:160,73
DA:167,6
DA:168,7
DA:170,10
DA:171,31
DA:172,5
DA:173,8
DA:175,9
DA:176,13
DA:187,1
DA:188,7
DA:196,1
DA:200,15
DA:201,14
DA:203,7
DA:204,0
DA:207,6
DA:208,9
DA:215,3
DA:218,1
DA:219,17
DA:220,4
DA:221,4
DA:222,3
DA:260,10
DA:265,4
DA:266,16
DA:267,9
DA:268,5
DA:270,4
DA:271,0
DA:274,11
DA:276,8
DA:278,3
DA:279,3
DA:281,3
DA:282,5
DA:284,3
DA:285,20
DA:288,11
DA:289,7
DA:291,7
DA:292,4
DA:295,8
DA:296,4
DA:297,4
DA:298,4
DA:299,1
DA:302,4
DA:303,10
DA:304,4
DA:305,4
DA:306,4
DA:307,3
DA:309,5
DA:311,16
DA:312,23
DA:315,19
DA:316,12
DA:317,1
DA:320,18
DA:321,16
DA:324,4
DA:325,1
DA:326,4
DA:327,4
DA:328,1
DA:329,13
DA:330,4
DA:333,6
DA:334,10
DA:335,1
DA:336,1
DA:337,4
DA:338,13
DA:339,4
DA:340,4
DA:341,4
DA:343,4
DA:345,14
DA:346,16
DA:349,41
DA:350,4
DA:351,8
DA:352,8
DA:353,1
DA:354,4
DA:356,13
DA:369,7
DA:373,3
DA:374,6
DA:376,14
DA:378,9
DA:379,5
DA:382,7
DA:383,4
DA:384,4
DA:385,6
DA:386,1
DA:390,9
DA:391,14
DA:398,1
DA:400,1
DA:401,17
DA:407,3
DA:412,1
DA:413,16
DA:416,18
DA:422,15
DA:423,4
DA:424,2
DA:425,23
DA:440,11
DA:441,4
DA:444,17
DA:445,4
DA:448,6
DA:454,3
DA:459,1
DA:487,6
DA:488,0
DA:491,13
DA:492,12
DA:493,14
DA:496,25
DA:497,20
DA:500,17
DA:516,1
DA:520,1
DA:521,24
DA:529,12
DA:537,1
DA:538,2
DA:540,10
DA:541,6
DA:545,8
DA:546,1
DA:547,1
DA:551,16
DA:552,1
DA:553,5
DA:558,4
DA:559,12
DA:560,2
DA:563,13
DA:564,1
DA:565,20
DA:566,10
DA:568,13
DA:569,8
DA:571,11
DA:573,4
DA:576,14
DA:577,5
DA:582,12
DA:585,1
DA:586,9
DA:587,14
DA:594,2
DA:597,2
DA:599,21
DA:600,22
end_of_record

SF:/Users/vladimirdzotov/Dropbox/do/GA/synthetix/synthetix-perps-minimal/markets/perps-market/contracts/storage/GlobalPerpsMarket.sol
DA:19,0
DA:28,27
DA:71,4
DA:72,1
DA:78,8
DA:81,5
DA:82,21
DA:84,7
DA:85,21
DA:87,14
DA:88,9
DA:89,22
DA:91,8
DA:92,21
DA:94,6
DA:95,21
DA:96,21
DA:98,21
DA:99,21
DA:100,9
DA:103,7
DA:104,22
DA:106,9
DA:107,22
DA:109,21
DA:112,5
DA:115,2
DA:116,21
DA:118,10
DA:119,21
DA:121,3
DA:122,22
DA:124,22
DA:125,12
DA:126,21
DA:127,22
DA:129,9
DA:130,22
DA:132,8
DA:133,22
DA:136,19
DA:137,23
DA:139,8
DA:140,22
DA:142,1
DA:145,9
DA:146,13
DA:147,3
DA:148,5
DA:149,20
DA:150,12
DA:152,8
DA:153,23
DA:154,1
DA:155,18
DA:158,15
DA:159,1
DA:163,7
DA:168,7
DA:172,2
DA:173,25
DA:174,17
DA:176,11
DA:177,15
DA:178,9
DA:179,10
DA:180,1
DA:184,5
DA:185,18
DA:186,20
DA:192,4
DA:193,11
DA:194,8
DA:204,5
DA:208,1
DA:209,16
DA:210,10
DA:211,11
DA:212,6
DA:213,0
DA:215,14
DA:216,7
DA:217,0
DA:218,0
DA:219,0
DA:220,0
DA:221,0
DA:224,1
DA:225,8
DA:226,7
DA:227,8
DA:232,0
DA:233,0
end_of_record

SF:/Users/vladimirdzotov/Dropbox/do/GA/synthetix/synthetix-perps-minimal/markets/perps-market/contracts/storage/GlobalPerpsMarketConfiguration.sol
DA:16,0
DA:24,6
DA:100,2
DA:101,1
DA:107,6
DA:108,5
DA:110,8
DA:111,6
DA:112,7
DA:116,1
DA:119,1
DA:121,1
DA:122,11
DA:123,15
DA:127,1
DA:130,1
DA:132,6
DA:133,6
DA:137,1
DA:138,14
DA:139,4
DA:146,1
DA:151,1
DA:152,9
DA:153,8
DA:154,15
DA:157,10
DA:162,2
DA:163,10
DA:164,7
DA:166,13
DA:167,4
DA:170,0
DA:171,0
DA:172,0
DA:173,0
DA:176,0
DA:177,0
DA:180,0
DA:181,0
DA:184,0
DA:186,0
DA:189,1
DA:192,2
DA:193,13
DA:196,0
DA:200,0
DA:201,0
DA:202,0
DA:203,0
DA:204,0
DA:205,0
DA:209,1
DA:214,1
DA:215,12
DA:216,3
DA:219,0
DA:220,0
DA:221,0
DA:222,0
end_of_record

SF:/Users/vladimirdzotov/Dropbox/do/GA/synthetix/synthetix-perps-minimal/markets/perps-market/contracts/storage/InterestRate.sol
DA:11,0
DA:20,1
DA:23,6
DA:31,2
DA:32,1
DA:38,3
DA:40,2
DA:41,7
DA:43,6
DA:44,1
DA:45,1
DA:46,1
DA:47,4
DA:50,3
DA:51,14
DA:52,3
DA:53,3
DA:55,10
DA:56,3
DA:59,0
DA:60,0
DA:63,0
DA:65,0
DA:66,0
DA:67,0
DA:68,0
DA:69,0
DA:71,0
DA:73,0
DA:76,2
DA:78,12
DA:81,2
DA:82,12
DA:85,2
DA:86,18
DA:89,0
DA:94,0
DA:97,0
DA:98,0
DA:99,0
DA:100,0
DA:101,0
DA:102,0
DA:103,0
DA:104,0
DA:105,0
DA:106,0
DA:107,0
end_of_record

SF:/Users/vladimirdzotov/Dropbox/do/GA/synthetix/synthetix-perps-minimal/markets/perps-market/contracts/storage/KeeperCosts.sol
DA:16,0
DA:22,1
DA:23,1
DA:24,1
DA:30,2
DA:31,7
DA:37,0
DA:38,0
DA:41,2
DA:42,7
DA:44,9
DA:47,1
DA:50,1
DA:51,7
DA:53,7
DA:54,16
DA:55,14
DA:56,7
DA:57,9
DA:58,7
DA:60,3
DA:61,4
DA:62,1
DA:63,1
DA:68,2
DA:69,7
DA:71,9
DA:74,1
DA:79,4
DA:80,24
DA:81,29
DA:82,19
DA:83,19
DA:84,22
DA:85,22
DA:87,66
DA:88,6
end_of_record

SF:/Users/vladimirdzotov/Dropbox/do/GA/synthetix/synthetix-perps-minimal/markets/perps-market/contracts/storage/Liquidation.sol
DA:7,0
end_of_record

SF:/Users/vladimirdzotov/Dropbox/do/GA/synthetix/synthetix-perps-minimal/markets/perps-market/contracts/storage/LiquidationAssetManager.sol
DA:20,0
DA:39,0
DA:42,0
DA:43,0
DA:51,0
DA:52,0
DA:53,0
DA:55,0
DA:56,0
DA:57,0
DA:60,0
DA:65,0
DA:70,0
DA:71,0
DA:74,0
DA:75,0
DA:77,0
DA:80,0
DA:81,0
DA:84,0
DA:87,5
DA:91,7
DA:92,11
DA:94,68
DA:95,0
DA:98,5
DA:99,12
DA:102,64
DA:105,61
DA:106,42
DA:107,2
DA:108,10
DA:109,62
DA:110,1
DA:111,22
DA:113,8
DA:114,20
DA:117,2
DA:122,2
DA:123,11
DA:125,13
DA:126,50
DA:127,1
DA:128,25
DA:129,2
DA:130,2
DA:133,0
DA:134,0
DA:135,0
DA:137,0
DA:138,0
DA:139,0
DA:140,0
DA:141,0
DA:142,0
DA:148,2
end_of_record

SF:/Users/vladimirdzotov/Dropbox/do/GA/synthetix/synthetix-perps-minimal/markets/perps-market/contracts/storage/MarketUpdate.sol
DA:7,0
end_of_record

SF:/Users/vladimirdzotov/Dropbox/do/GA/synthetix/synthetix-perps-minimal/markets/perps-market/contracts/storage/OrderFee.sol
DA:7,0
end_of_record

SF:/Users/vladimirdzotov/Dropbox/do/GA/synthetix/synthetix-perps-minimal/markets/perps-market/contracts/storage/PerpsAccount.sol
DA:24,1
DA:29,0
DA:84,2
DA:85,1
DA:86,8
DA:97,6
DA:98,7
DA:99,9
DA:100,13
DA:104,4
DA:108,16
DA:109,10
DA:112,3
DA:113,3
DA:114,11
DA:116,0
DA:121,1
DA:125,8
DA:127,17
DA:128,12
DA:131,2
DA:132,3
DA:133,7
DA:135,0
DA:148,1
DA:151,1
DA:152,1
DA:153,8
DA:154,18
DA:155,10
DA:156,7
DA:158,3
DA:159,11
DA:161,2
DA:162,19
DA:165,8
DA:167,9
DA:168,7
DA:170,3
DA:171,1
DA:173,4
DA:175,3
DA:179,23
DA:182,2
DA:185,1
DA:186,14
DA:187,10
DA:189,4
DA:192,3
DA:195,2
DA:196,8
DA:197,4
DA:224,10
DA:231,1
DA:232,1
DA:233,1
DA:234,1
DA:235,1
DA:238,8
DA:239,21
DA:241,6
DA:245,6
DA:247,21
DA:248,22
DA:249,21
DA:251,2
DA:252,11
DA:253,1
DA:254,21
DA:256,21
DA:258,7
DA:262,5
DA:264,3
DA:265,9
DA:269,13
DA:270,17
DA:271,12
DA:272,7
DA:273,13
DA:275,19
DA:279,5
DA:283,4
DA:286,13
DA:288,7
DA:291,5
DA:296,4
DA:297,14
DA:299,8
DA:300,10
DA:301,7
DA:305,1
DA:309,1
DA:310,28
DA:311,2
DA:312,16
DA:314,11
DA:317,15
DA:318,9
DA:319,10
DA:320,1
DA:324,9
DA:325,1
DA:326,1
DA:330,9
DA:331,9
DA:332,15
DA:335,7
DA:337,80
DA:338,5
DA:339,4
DA:340,1
DA:343,11
DA:344,10
DA:345,6
DA:348,6
DA:351,17
DA:361,1
DA:367,14
DA:368,7
DA:369,8
DA:376,7
DA:377,1
DA:378,1
DA:381,7
DA:382,15
DA:385,1
DA:386,8
DA:387,1
DA:389,6
DA:390,1
DA:392,1
DA:393,1
DA:394,1
DA:395,1
DA:399,10
DA:400,8
DA:413,6
DA:416,2
DA:417,8
DA:420,14
DA:422,11
DA:423,5
DA:424,1
DA:426,1
DA:427,6
DA:428,11
DA:429,2
DA:430,12
DA:431,5
DA:433,10
DA:434,1
DA:435,1
DA:436,1
DA:441,3
DA:445,1
DA:446,1
DA:447,11
DA:448,28
DA:449,11
DA:451,1
DA:453,15
DA:456,6
DA:457,1
DA:459,13
DA:460,1
DA:462,1
DA:463,1
DA:464,1
DA:465,1
DA:468,8
DA:470,2
DA:473,1
DA:476,1
DA:477,28
DA:478,12
DA:479,20
DA:480,1
DA:481,5
DA:482,13
DA:483,6
DA:485,10
DA:494,1
DA:497,1
DA:498,8
DA:499,1
DA:500,1
DA:501,1
DA:503,9
DA:505,19
DA:508,4
DA:510,0
DA:511,2
DA:512,3
DA:514,0
DA:515,0
DA:516,0
DA:517,0
DA:518,0
DA:519,0
DA:523,0
DA:586,7
DA:593,1
DA:594,1
DA:595,1
DA:598,10
DA:601,21
DA:603,1
DA:606,6
DA:607,21
DA:608,12
DA:611,26
DA:612,21
DA:614,12
DA:615,22
DA:617,25
DA:618,1
DA:619,5
DA:620,30
DA:622,3
DA:623,5
DA:625,6
DA:628,4
DA:630,8
DA:631,6
DA:632,6
DA:635,21
DA:636,21
DA:638,1
DA:641,7
DA:642,8
DA:644,22
DA:645,22
DA:648,4
DA:649,1
DA:650,1
DA:651,6
DA:653,21
DA:655,1
DA:657,21
DA:659,6
DA:660,1
DA:661,1
DA:662,1
DA:665,21
DA:667,21
DA:668,21
DA:669,21
DA:671,1
DA:674,3
DA:676,7
DA:683,2
DA:688,32
DA:689,12
DA:690,11
DA:691,20
DA:692,1
DA:693,5
DA:694,2
DA:695,5
DA:697,11
DA:698,11
DA:701,9
DA:702,12
DA:703,4
DA:704,1
DA:705,1
DA:709,7
DA:711,6
DA:712,1
DA:713,1
DA:743,7
DA:747,1
DA:748,21
DA:750,1
DA:752,21
DA:754,3
DA:755,4
DA:757,9
DA:759,14
DA:760,21
DA:762,8
DA:763,21
DA:765,7
DA:766,1
DA:767,1
DA:768,1
DA:770,21
DA:772,8
DA:773,1
DA:774,1
DA:775,1
DA:777,21
DA:779,10
DA:780,0
DA:781,14
DA:782,6
DA:783,21
DA:785,2
DA:786,5
DA:787,1
DA:788,21
DA:790,7
DA:793,1
DA:795,1
DA:796,10
DA:800,22
DA:801,12
DA:802,8
DA:803,22
DA:806,19
DA:809,2
DA:810,14
DA:814,6
DA:815,2
DA:816,2
DA:817,24
DA:822,12
DA:829,1
DA:830,1
DA:831,1
DA:832,1
DA:833,4
DA:836,9
DA:837,17
DA:839,5
DA:841,7
DA:842,6
DA:843,7
DA:847,7
DA:848,3
DA:849,4
DA:850,1
DA:857,9
DA:859,12
DA:860,6
DA:861,6
DA:865,8
DA:866,35
DA:867,1
DA:868,5
DA:869,8
DA:870,1
DA:871,1
DA:876,10
DA:879,14
DA:880,8
DA:882,5
DA:891,4
DA:892,10
end_of_record

SF:/Users/vladimirdzotov/Dropbox/do/GA/synthetix/synthetix-perps-minimal/markets/perps-market/contracts/storage/PerpsCollateralConfiguration.sol
DA:15,0
DA:53,2
DA:54,1
DA:55,8
DA:65,0
DA:66,0
DA:67,0
DA:68,0
DA:75,5
DA:77,1
DA:78,9
DA:79,8
DA:80,0
DA:84,4
DA:85,1
DA:86,6
DA:87,12
DA:90,0
DA:91,0
DA:92,0
DA:101,0
DA:102,0
DA:103,0
DA:106,0
DA:118,0
DA:119,0
DA:120,0
DA:121,0
DA:128,10
DA:134,10
DA:135,63
DA:137,14
DA:138,16
DA:139,2
DA:140,4
DA:141,9
DA:142,4
DA:147,5
DA:148,70
DA:149,3
DA:151,15
DA:153,7
DA:156,13
end_of_record

SF:/Users/vladimirdzotov/Dropbox/do/GA/synthetix/synthetix-perps-minimal/markets/perps-market/contracts/storage/PerpsMarket.sol
DA:21,0
DA:69,1
DA:71,1
DA:72,1
DA:73,8
DA:81,0
DA:85,0
DA:86,0
DA:87,0
DA:90,0
DA:92,0
DA:93,0
DA:94,0
DA:100,5
DA:102,1
DA:103,7
DA:104,10
DA:105,0
DA:108,11
DA:109,0
DA:112,10
DA:113,0
DA:124,6
DA:127,9
DA:128,2
DA:129,10
DA:132,14
DA:133,0
DA:134,0
DA:137,6
DA:138,1
DA:139,1
DA:140,1
DA:141,6
DA:146,6
DA:147,0
DA:150,4
DA:152,7
DA:153,6
DA:154,5
DA:155,1
DA:157,4
DA:158,8
DA:160,0
DA:161,0
DA:166,4
DA:167,0
DA:169,0
DA:170,0
DA:171,0
DA:172,0
DA:177,5
DA:178,6
DA:182,4
DA:185,2
DA:186,5
DA:187,10
DA:188,1
DA:189,29
DA:191,9
DA:192,53
DA:193,6
DA:194,1
DA:196,44
DA:197,21
DA:199,1
DA:253,8
DA:260,1
DA:261,1
DA:262,1
DA:264,5
DA:265,7
DA:266,21
DA:268,1
DA:269,21
DA:271,1
DA:274,5
DA:275,21
DA:277,6
DA:278,21
DA:279,21
DA:280,8
DA:283,9
DA:284,21
DA:286,25
DA:287,1
DA:289,22
DA:291,10
DA:292,4
DA:293,21
DA:294,21
DA:295,21
DA:297,4
DA:300,6
DA:301,26
DA:303,21
DA:305,24
DA:307,21
DA:309,26
DA:312,33
DA:313,1
DA:315,21
DA:317,1
DA:320,4
DA:321,9
DA:322,21
DA:325,14
DA:326,5
DA:327,21
DA:329,1
DA:333,7
DA:334,2
DA:336,21
DA:338,22
DA:339,21
DA:341,1
DA:357,3
DA:361,4
DA:362,2
DA:363,14
DA:365,4
DA:366,26
DA:367,11
DA:368,34
DA:370,12
DA:371,11
DA:375,26
DA:376,19
DA:378,16
DA:379,5
DA:384,16
DA:385,21
DA:387,2
DA:388,2
DA:394,9
DA:395,1
DA:398,1
DA:399,36
DA:400,8
DA:402,4
DA:403,4
DA:404,4
DA:405,4
DA:409,7
DA:412,2
DA:413,7
DA:414,7
DA:416,6
DA:417,6
DA:418,5
DA:423,1
DA:426,1
DA:427,15
DA:430,1
DA:433,1
DA:434,7
DA:436,24
DA:437,6
DA:440,6
DA:441,5
DA:445,1
DA:447,1
DA:467,9
DA:469,6
DA:470,5
DA:475,3
DA:477,4
DA:478,2
DA:479,10
DA:480,11
DA:481,11
DA:483,6
DA:484,2
DA:487,14
DA:488,7
DA:489,14
DA:490,4
DA:492,4
DA:495,1
DA:497,1
DA:500,13
DA:503,8
DA:510,1
DA:512,9
DA:513,7
DA:514,25
DA:516,23
DA:517,8
DA:518,8
DA:520,1
DA:521,12
DA:525,8
DA:530,8
DA:534,13
DA:535,8
DA:536,7
DA:537,2
DA:538,6
DA:544,4
DA:545,8
DA:546,0
DA:548,0
DA:549,0
DA:550,0
DA:551,0
DA:562,3
DA:565,1
DA:568,17
DA:569,13
DA:570,6
DA:573,16
DA:576,1
DA:579,1
DA:581,16
DA:582,1
DA:584,6
DA:586,8
DA:590,3
DA:593,1
DA:594,23
end_of_record

SF:/Users/vladimirdzotov/Dropbox/do/GA/synthetix/synthetix-perps-minimal/markets/perps-market/contracts/storage/PerpsMarketConfiguration.sol
DA:11,0
DA:89,2
DA:90,1
DA:91,7
DA:93,1
DA:101,1
DA:103,1
DA:104,6
DA:106,21
DA:107,4
DA:108,4
DA:109,4
DA:112,1
DA:115,1
DA:117,3
DA:118,1
DA:119,5
DA:123,1
DA:126,1
DA:127,13
DA:168,9
DA:176,1
DA:177,1
DA:178,1
DA:179,1
DA:181,3
DA:182,23
DA:183,21
DA:185,8
DA:186,21
DA:187,9
DA:190,9
DA:191,21
DA:193,24
DA:194,14
DA:195,0
DA:196,11
DA:197,21
DA:199,25
DA:200,21
DA:202,4
DA:204,2
DA:205,17
DA:206,4
DA:207,21
DA:209,21
DA:211,4
DA:213,9
DA:214,4
DA:216,21
DA:218,9
DA:219,21
DA:221,25
DA:222,2
DA:223,12
DA:224,4
DA:225,21
DA:227,2
DA:228,12
DA:229,4
DA:230,21
DA:232,22
DA:233,22
DA:234,21
DA:235,21
DA:240,5
DA:243,1
DA:244,8
DA:245,6
DA:247,26
DA:248,1
DA:249,0
DA:253,1
DA:257,8
DA:258,0
end_of_record

SF:/Users/vladimirdzotov/Dropbox/do/GA/synthetix/synthetix-perps-minimal/markets/perps-market/contracts/storage/PerpsMarketFactory.sol
DA:19,0
DA:29,6
DA:53,0
DA:54,0
DA:55,0
DA:59,0
DA:60,0
DA:61,0
DA:65,2
DA:66,1
DA:72,0
DA:76,0
DA:77,0
DA:79,0
DA:80,0
DA:82,0
DA:83,0
DA:84,0
DA:85,0
DA:86,0
DA:89,4
DA:90,5
DA:91,72
DA:94,1
DA:99,65
DA:100,56
DA:108,1
DA:109,69
DA:112,1
DA:116,4
DA:117,63
DA:118,50
DA:120,8
DA:121,2
DA:122,7
DA:127,12
end_of_record

SF:/Users/vladimirdzotov/Dropbox/do/GA/synthetix/synthetix-perps-minimal/markets/perps-market/contracts/storage/PerpsPrice.sol
DA:12,0
DA:21,1
DA:35,2
DA:36,9
DA:42,3
DA:45,1
DA:46,8
DA:47,7
DA:48,2
DA:49,15
DA:50,65
DA:51,2
DA:52,26
DA:53,30
DA:54,19
DA:55,25
DA:56,65
DA:57,2
DA:58,2
DA:59,2
DA:63,8
DA:66,0
DA:67,0
DA:68,0
DA:71,1
DA:74,1
DA:75,12
DA:76,6
DA:77,12
DA:78,2
DA:80,0
end_of_record

SF:/Users/vladimirdzotov/Dropbox/do/GA/synthetix/synthetix-perps-minimal/markets/perps-market/contracts/storage/Position.sol
DA:11,0
DA:32,10
DA:33,12
DA:34,8
DA:35,11
DA:36,7
DA:39,12
DA:46,1
DA:47,1
DA:48,1
DA:49,1
DA:50,1
DA:51,1
DA:52,1
DA:55,9
DA:62,6
DA:63,8
DA:66,10
DA:73,1
DA:74,1
DA:75,1
DA:76,1
DA:77,1
DA:78,1
DA:80,1
DA:81,24
DA:82,1
DA:84,16
DA:85,13
DA:87,28
DA:88,13
DA:90,8
DA:92,19
DA:95,1
DA:98,1
DA:99,11
DA:102,10
DA:103,4
DA:106,6
DA:107,1
DA:111,1
DA:114,2
DA:116,7
DA:117,11
DA:121,1
DA:124,2
DA:125,18
end_of_record

SF:/Users/vladimirdzotov/Dropbox/do/GA/synthetix/synthetix-perps-minimal/markets/perps-market/contracts/storage/SettlementStrategy.sol
DA:8,0
end_of_record

SF:/Users/vladimirdzotov/Dropbox/do/GA/synthetix/synthetix-perps-minimal/markets/perps-market/contracts/utils/Flags.sol
DA:4,0
DA:5,0
DA:6,0
end_of_record

SF:/Users/vladimirdzotov/Dropbox/do/GA/synthetix/synthetix-perps-minimal/markets/perps-market/contracts/utils/MathUtil.sol
DA:6,0
DA:11,2
DA:12,22
DA:15,2
DA:16,28
DA:19,4
DA:20,10
DA:23,2
DA:24,8
DA:27,2
DA:28,8
DA:35,2
DA:36,8
DA:39,4
DA:40,13
DA:43,3
DA:44,18
DA:47,4
DA:48,31
DA:51,2
DA:52,6
DA:53,26
end_of_record

SF:/Users/vladimirdzotov/Dropbox/do/GA/synthetix/synthetix-perps-minimal/markets/perps-market/lib/forge-std/src/Base.sol
DA:9,2
end_of_record

SF:/Users/vladimirdzotov/Dropbox/do/GA/synthetix/synthetix-perps-minimal/markets/perps-market/lib/forge-std/src/StdAssertions.sol
DA:38,13
DA:39,8
DA:40,0
DA:42,59
end_of_record

SF:/Users/vladimirdzotov/Dropbox/do/GA/synthetix/synthetix-perps-minimal/markets/perps-market/lib/forge-std/src/StdChains.sol
DA:66,0
end_of_record

SF:/Users/vladimirdzotov/Dropbox/do/GA/synthetix/synthetix-perps-minimal/markets/perps-market/lib/forge-std/src/StdCheats.sol
end_of_record

SF:/Users/vladimirdzotov/Dropbox/do/GA/synthetix/synthetix-perps-minimal/markets/perps-market/lib/forge-std/src/StdError.sol
DA:5,0
DA:6,0
DA:7,0
DA:8,0
DA:9,0
DA:10,0
DA:11,0
DA:12,0
DA:13,0
DA:14,0
end_of_record

SF:/Users/vladimirdzotov/Dropbox/do/GA/synthetix/synthetix-perps-minimal/markets/perps-market/lib/forge-std/src/StdInvariant.sol
DA:83,6
DA:84,33
DA:87,6
DA:88,31
DA:91,6
DA:92,33
DA:95,16
DA:96,39
DA:99,14
DA:100,33
DA:103,14
DA:104,33
DA:107,6
DA:108,31
DA:111,14
DA:112,33
DA:115,6
DA:116,31
DA:119,16
DA:120,40
end_of_record

SF:/Users/vladimirdzotov/Dropbox/do/GA/synthetix/synthetix-perps-minimal/markets/perps-market/lib/forge-std/src/StdJson.sol
DA:25,0
end_of_record

SF:/Users/vladimirdzotov/Dropbox/do/GA/synthetix/synthetix-perps-minimal/markets/perps-market/lib/forge-std/src/StdMath.sol
DA:4,0
end_of_record

SF:/Users/vladimirdzotov/Dropbox/do/GA/synthetix/synthetix-perps-minimal/markets/perps-market/lib/forge-std/src/StdStorage.sol
DA:24,0
DA:334,0
end_of_record

SF:/Users/vladimirdzotov/Dropbox/do/GA/synthetix/synthetix-perps-minimal/markets/perps-market/lib/forge-std/src/StdStyle.sol
DA:6,0
end_of_record

SF:/Users/vladimirdzotov/Dropbox/do/GA/synthetix/synthetix-perps-minimal/markets/perps-market/lib/forge-std/src/StdToml.sol
DA:25,0
end_of_record

SF:/Users/vladimirdzotov/Dropbox/do/GA/synthetix/synthetix-perps-minimal/markets/perps-market/lib/forge-std/src/StdUtils.sol
end_of_record

SF:/Users/vladimirdzotov/Dropbox/do/GA/synthetix/synthetix-perps-minimal/markets/perps-market/lib/forge-std/src/Test.sol
DA:32,9
end_of_record

SF:/Users/vladimirdzotov/Dropbox/do/GA/synthetix/synthetix-perps-minimal/markets/perps-market/lib/forge-std/src/Vm.sol
end_of_record

SF:/Users/vladimirdzotov/Dropbox/do/GA/synthetix/synthetix-perps-minimal/markets/perps-market/lib/forge-std/src/console.sol
DA:4,0
DA:5,2
DA:15,1
DA:16,4
DA:19,3
DA:20,5
DA:23,2
DA:24,4
DA:25,4
DA:33,1
DA:34,32
DA:181,1
DA:182,32
DA:193,1
DA:194,35
DA:221,1
DA:222,37
DA:225,1
DA:226,37
DA:233,1
DA:234,37
DA:237,1
DA:238,37
end_of_record

SF:/Users/vladimirdzotov/Dropbox/do/GA/synthetix/synthetix-perps-minimal/markets/perps-market/lib/forge-std/src/console2.sol
end_of_record

SF:/Users/vladimirdzotov/Dropbox/do/GA/synthetix/synthetix-perps-minimal/markets/perps-market/lib/forge-std/src/interfaces/IERC165.sol
end_of_record

SF:/Users/vladimirdzotov/Dropbox/do/GA/synthetix/synthetix-perps-minimal/markets/perps-market/lib/forge-std/src/interfaces/IERC20.sol
end_of_record

SF:/Users/vladimirdzotov/Dropbox/do/GA/synthetix/synthetix-perps-minimal/markets/perps-market/lib/forge-std/src/interfaces/IERC721.sol
end_of_record

SF:/Users/vladimirdzotov/Dropbox/do/GA/synthetix/synthetix-perps-minimal/markets/perps-market/lib/forge-std/src/interfaces/IMulticall3.sol
end_of_record

SF:/Users/vladimirdzotov/Dropbox/do/GA/synthetix/synthetix-perps-minimal/markets/perps-market/lib/forge-std/src/mocks/MockERC20.sol
DA:8,0
DA:19,0
DA:20,0
DA:23,0
DA:24,0
DA:27,0
DA:28,0
DA:41,0
DA:42,0
DA:45,0
DA:46,0
DA:49,0
DA:50,0
DA:61,0
DA:72,0
DA:73,0
DA:75,0
DA:76,0
DA:77,0
DA:79,0
DA:80,0
DA:82,0
DA:89,0
DA:90,0
DA:92,0
DA:94,0
DA:97,0
DA:98,0
DA:99,0
DA:101,0
DA:106,0
DA:107,0
DA:109,0
DA:111,0
DA:112,0
DA:114,0
DA:116,0
DA:123,0
DA:126,0
DA:127,0
DA:129,0
DA:130,0
DA:131,0
DA:133,0
DA:134,0
DA:135,0
DA:136,0
DA:139,0
DA:140,0
DA:141,0
DA:142,0
DA:153,0
DA:155,0
DA:157,0
DA:160,0
DA:161,0
DA:164,0
DA:165,0
DA:166,0
DA:167,0
DA:168,0
DA:169,0
DA:170,0
DA:171,0
DA:198,0
DA:199,0
DA:200,0
DA:204,0
DA:205,0
DA:206,0
DA:217,0
DA:220,0
DA:226,0
DA:227,0
DA:232,0
end_of_record

SF:/Users/vladimirdzotov/Dropbox/do/GA/synthetix/synthetix-perps-minimal/markets/perps-market/lib/forge-std/src/mocks/MockERC721.sol
DA:8,0
DA:17,0
DA:18,0
DA:21,0
DA:22,0
DA:25,0
DA:35,0
DA:36,0
DA:39,0
DA:40,0
DA:42,0
DA:53,0
DA:54,0
DA:57,0
DA:58,0
DA:70,0
DA:71,0
DA:73,0
DA:74,0
DA:76,0
DA:83,0
DA:84,0
DA:86,0
DA:88,0
DA:90,0
DA:93,0
DA:94,0
DA:96,0
DA:99,0
DA:100,0
DA:102,0
DA:104,0
DA:105,0
DA:111,0
DA:113,0
DA:115,0
DA:117,0
DA:119,0
DA:122,0
DA:123,0
DA:125,0
DA:126,0
DA:127,0
DA:128,0
DA:133,0
DA:139,0
DA:141,0
DA:142,0
DA:143,0
DA:144,0
DA:153,0
DA:154,0
DA:155,0
DA:156,0
DA:226,0
DA:229,0
end_of_record

SF:/Users/vladimirdzotov/Dropbox/do/GA/synthetix/synthetix-perps-minimal/markets/perps-market/lib/forge-std/src/safeconsole.sol
DA:6,0
end_of_record

SF:/Users/vladimirdzotov/Dropbox/do/GA/synthetix/synthetix-perps-minimal/markets/perps-market/lib/fuzzlib/src/Constants.sol
DA:4,0
DA:16,0
DA:17,0
DA:18,0
DA:19,0
DA:20,0
DA:21,0
DA:22,0
DA:23,0
DA:24,0
DA:25,0
DA:27,0
DA:28,0
end_of_record

SF:/Users/vladimirdzotov/Dropbox/do/GA/synthetix/synthetix-perps-minimal/markets/perps-market/lib/fuzzlib/src/FuzzBase.sol
DA:8,0
DA:11,0
end_of_record

SF:/Users/vladimirdzotov/Dropbox/do/GA/synthetix/synthetix-perps-minimal/markets/perps-market/lib/fuzzlib/src/FuzzLibString.sol
DA:8,0
DA:11,7
DA:12,19
DA:13,7
DA:15,7
DA:16,25
DA:20,4
DA:26,4
DA:29,3
DA:32,6
DA:35,3
DA:38,1
DA:43,3
DA:45,5
DA:49,7
DA:52,3
DA:55,2
DA:59,3
DA:62,4
DA:65,3
DA:69,2
DA:70,0
DA:71,1
DA:72,0
DA:73,0
DA:75,0
DA:76,0
DA:77,0
DA:78,0
DA:80,1
DA:83,4
DA:84,1
DA:85,0
DA:90,0
DA:93,0
DA:95,0
DA:96,0
DA:97,0
DA:98,0
DA:99,0
DA:100,0
DA:101,0
DA:107,0
DA:110,0
DA:113,0
DA:115,0
DA:116,0
DA:117,0
DA:118,0
DA:121,0
DA:122,0
DA:123,0
DA:124,0
DA:128,0
DA:129,0
DA:133,0
DA:137,0
DA:141,0
DA:143,0
DA:146,0
DA:149,0
DA:151,0
DA:152,0
end_of_record

SF:/Users/vladimirdzotov/Dropbox/do/GA/synthetix/synthetix-perps-minimal/markets/perps-market/lib/fuzzlib/src/Fuzzlib.sol
DA:11,257
end_of_record

SF:/Users/vladimirdzotov/Dropbox/do/GA/synthetix/synthetix-perps-minimal/markets/perps-market/lib/fuzzlib/src/IHEVM.sol
end_of_record

SF:/Users/vladimirdzotov/Dropbox/do/GA/synthetix/synthetix-perps-minimal/markets/perps-market/lib/fuzzlib/src/helpers/HelperAssert.sol
DA:18,11
DA:19,3
DA:20,17
DA:21,50
DA:26,11
DA:31,5
DA:32,0
DA:33,0
DA:41,11
DA:46,5
DA:47,0
DA:48,0
DA:49,0
DA:50,0
DA:56,0
DA:61,0
DA:62,0
DA:63,0
DA:64,0
DA:71,0
DA:76,0
DA:77,0
DA:78,0
DA:86,0
DA:91,0
DA:92,0
DA:93,0
DA:94,0
DA:95,0
DA:96,0
DA:97,0
DA:98,0
DA:103,0
DA:108,0
DA:109,0
DA:110,0
DA:111,0
DA:112,0
DA:118,0
DA:123,0
DA:124,0
DA:125,0
DA:133,11
DA:138,6
DA:139,0
DA:140,0
DA:148,0
DA:153,0
DA:154,0
DA:155,0
DA:156,0
DA:157,0
DA:163,11
DA:168,5
DA:169,0
DA:170,0
DA:171,0
DA:172,0
DA:178,11
DA:183,5
DA:184,0
DA:185,0
DA:193,11
DA:198,6
DA:199,0
DA:200,0
DA:208,0
DA:213,0
DA:214,0
DA:215,0
DA:216,0
DA:217,0
DA:223,17
DA:228,6
DA:229,0
DA:230,0
DA:231,0
DA:232,0
DA:233,0
DA:238,0
DA:243,0
DA:244,0
DA:245,0
DA:252,0
DA:256,0
DA:257,0
DA:260,0
DA:264,0
DA:265,0
DA:268,0
DA:272,0
DA:273,0
DA:274,0
DA:275,0
DA:276,0
DA:278,0
DA:281,0
DA:286,0
DA:287,0
DA:288,0
DA:289,0
DA:290,0
DA:291,0
DA:293,0
DA:296,0
DA:302,0
DA:303,0
DA:304,0
DA:305,0
DA:306,0
DA:307,0
DA:308,0
DA:309,0
DA:311,0
DA:313,0
DA:315,0
DA:318,0
DA:321,0
DA:325,0
DA:326,0
DA:327,0
DA:328,0
DA:329,0
DA:330,0
DA:333,0
DA:336,0
DA:341,0
DA:342,0
DA:343,0
DA:344,0
DA:345,0
DA:346,0
DA:347,0
DA:350,0
DA:353,0
DA:354,0
end_of_record

SF:/Users/vladimirdzotov/Dropbox/do/GA/synthetix/synthetix-perps-minimal/markets/perps-market/lib/fuzzlib/src/helpers/HelperBase.sol
DA:6,0
DA:7,0
DA:9,0
DA:10,0
end_of_record

SF:/Users/vladimirdzotov/Dropbox/do/GA/synthetix/synthetix-perps-minimal/markets/perps-market/lib/fuzzlib/src/helpers/HelperClamp.sol
DA:18,11
DA:22,1
DA:23,7
DA:27,11
DA:31,1
DA:32,7
DA:36,0
DA:37,0
DA:41,0
DA:42,0
DA:46,0
DA:47,0
DA:51,0
DA:52,0
DA:56,0
DA:57,0
DA:61,0
DA:62,0
DA:66,0
DA:67,0
DA:71,0
DA:72,0
DA:82,20
DA:87,1
DA:88,15
DA:89,27
DA:90,8
DA:91,8
DA:92,8
DA:93,26
DA:95,1
DA:97,1
DA:99,17
DA:101,3
DA:103,1
DA:107,1
DA:112,1
DA:113,14
DA:114,15
DA:115,15
DA:116,15
DA:117,9
DA:118,8
DA:119,8
DA:120,8
DA:121,26
DA:123,1
DA:125,1
DA:127,17
DA:129,4
DA:135,0
DA:139,0
DA:140,0
DA:141,0
DA:142,0
DA:143,0
DA:146,0
DA:164,0
DA:168,0
DA:169,0
DA:170,0
DA:171,0
DA:172,0
DA:188,0
DA:192,0
DA:193,0
DA:194,0
DA:212,7
DA:216,0
DA:217,0
DA:218,0
DA:219,0
DA:220,0
DA:221,0
DA:222,0
DA:224,0
DA:226,0
DA:228,0
DA:230,0
DA:232,0
DA:236,0
DA:240,0
DA:241,0
DA:242,0
DA:243,0
DA:247,0
DA:248,0
DA:249,0
DA:250,0
DA:261,0
DA:266,0
DA:270,0
DA:271,0
DA:272,0
DA:291,0
DA:295,0
DA:296,0
DA:297,0
DA:298,0
DA:299,0
DA:315,0
DA:319,0
DA:320,0
DA:321,0
DA:322,0
DA:323,0
end_of_record

SF:/Users/vladimirdzotov/Dropbox/do/GA/synthetix/synthetix-perps-minimal/markets/perps-market/lib/fuzzlib/src/helpers/HelperLog.sol
DA:7,13
DA:8,5
DA:11,0
DA:12,0
DA:15,0
DA:16,0
DA:19,11
DA:20,5
DA:23,11
DA:24,5
DA:27,11
DA:28,5
DA:31,11
DA:32,5
DA:39,0
DA:40,0
DA:43,0
DA:44,0
DA:47,0
DA:48,0
DA:51,0
DA:52,0
DA:55,0
DA:56,0
DA:59,0
DA:60,0
DA:63,0
DA:64,0
DA:67,3
DA:68,1
DA:71,0
DA:72,0
end_of_record

SF:/Users/vladimirdzotov/Dropbox/do/GA/synthetix/synthetix-perps-minimal/markets/perps-market/lib/fuzzlib/src/helpers/HelperMath.sol
DA:5,12
DA:6,8
DA:9,2
DA:10,3
DA:14,0
DA:15,0
DA:19,0
DA:20,0
DA:23,2
DA:24,2
DA:27,0
DA:28,0
DA:31,0
DA:32,0
end_of_record

SF:/Users/vladimirdzotov/Dropbox/do/GA/synthetix/synthetix-perps-minimal/markets/perps-market/lib/fuzzlib/src/helpers/HelperRandom.sol
DA:7,0
DA:11,0
DA:12,0
DA:14,0
DA:15,0
DA:17,0
DA:18,0
end_of_record

SF:/Users/vladimirdzotov/Dropbox/do/GA/synthetix/synthetix-perps-minimal/markets/perps-market/lib/fuzzlib/src/libraries/LibLog.sol
DA:4,0
DA:23,3
[...]
DA:4,0
DA:5,0
DA:9,0
DA:12,0
end_of_record

SF:/Users/vladimirdzotov/Dropbox/do/GA/synthetix/synthetix-perps-minimal/markets/perps-market/node_modules/@synthetixio/core-contracts/contracts/utils/DecimalMath.sol
DA:21,0
DA:28,11
DA:30,0
DA:31,0
DA:34,0
DA:35,0
DA:36,0
DA:39,0
DA:54,2
DA:55,5
DA:65,2
DA:66,11
DA:100,2
DA:101,11
DA:132,2
DA:133,5
DA:139,2
DA:140,11
end_of_record

SF:/Users/vladimirdzotov/Dropbox/do/GA/synthetix/synthetix-perps-minimal/markets/perps-market/node_modules/@synthetixio/core-contracts/contracts/utils/ERC165Helper.sol
DA:6,0
DA:7,6
DA:10,0
DA:11,0
DA:12,0
DA:15,0
DA:16,0
DA:19,0
DA:20,0
DA:24,0
end_of_record

SF:/Users/vladimirdzotov/Dropbox/do/GA/synthetix/synthetix-perps-minimal/markets/perps-market/node_modules/@synthetixio/core-contracts/contracts/utils/ERC2771Context.sol
DA:7,0
DA:9,1
DA:11,3
DA:12,10
DA:16,0
DA:19,2
DA:32,1
end_of_record

SF:/Users/vladimirdzotov/Dropbox/do/GA/synthetix/synthetix-perps-minimal/markets/perps-market/node_modules/@synthetixio/core-contracts/contracts/utils/HeapUtil.sol
DA:8,0
end_of_record

SF:/Users/vladimirdzotov/Dropbox/do/GA/synthetix/synthetix-perps-minimal/markets/perps-market/node_modules/@synthetixio/core-contracts/contracts/utils/SafeCast.sol
end_of_record

SF:/Users/vladimirdzotov/Dropbox/do/GA/synthetix/synthetix-perps-minimal/markets/perps-market/node_modules/@synthetixio/core-contracts/contracts/utils/SafeCast/SafeCastAddress.sol
DA:7,0
end_of_record

SF:/Users/vladimirdzotov/Dropbox/do/GA/synthetix/synthetix-perps-minimal/markets/perps-market/node_modules/@synthetixio/core-contracts/contracts/utils/SafeCast/SafeCastBytes32.sol
DA:7,0
DA:12,1
DA:13,1
end_of_record

SF:/Users/vladimirdzotov/Dropbox/do/GA/synthetix/synthetix-perps-minimal/markets/perps-market/node_modules/@synthetixio/core-contracts/contracts/utils/SafeCast/SafeCastI128.sol
DA:7,0
DA:11,2
DA:14,8
DA:15,0
end_of_record

SF:/Users/vladimirdzotov/Dropbox/do/GA/synthetix/synthetix-perps-minimal/markets/perps-market/node_modules/@synthetixio/core-contracts/contracts/utils/SafeCast/SafeCastI24.sol
DA:7,0
end_of_record

SF:/Users/vladimirdzotov/Dropbox/do/GA/synthetix/synthetix-perps-minimal/markets/perps-market/node_modules/@synthetixio/core-contracts/contracts/utils/SafeCast/SafeCastI256.sol
DA:7,0
DA:12,2
DA:15,11
DA:16,0
DA:32,3
DA:35,7
DA:36,0
DA:39,1
end_of_record

SF:/Users/vladimirdzotov/Dropbox/do/GA/synthetix/synthetix-perps-minimal/markets/perps-market/node_modules/@synthetixio/core-contracts/contracts/utils/SafeCast/SafeCastI32.sol
DA:7,0
end_of_record

SF:/Users/vladimirdzotov/Dropbox/do/GA/synthetix/synthetix-perps-minimal/markets/perps-market/node_modules/@synthetixio/core-contracts/contracts/utils/SafeCast/SafeCastI56.sol
DA:7,0
end_of_record

SF:/Users/vladimirdzotov/Dropbox/do/GA/synthetix/synthetix-perps-minimal/markets/perps-market/node_modules/@synthetixio/core-contracts/contracts/utils/SafeCast/SafeCastI64.sol
DA:7,0
end_of_record

SF:/Users/vladimirdzotov/Dropbox/do/GA/synthetix/synthetix-perps-minimal/markets/perps-market/node_modules/@synthetixio/core-contracts/contracts/utils/SafeCast/SafeCastU128.sol
DA:7,0
DA:10,1
DA:14,2
DA:17,6
DA:18,0
end_of_record

SF:/Users/vladimirdzotov/Dropbox/do/GA/synthetix/synthetix-perps-minimal/markets/perps-market/node_modules/@synthetixio/core-contracts/contracts/utils/SafeCast/SafeCastU160.sol
DA:7,0
end_of_record

SF:/Users/vladimirdzotov/Dropbox/do/GA/synthetix/synthetix-perps-minimal/markets/perps-market/node_modules/@synthetixio/core-contracts/contracts/utils/SafeCast/SafeCastU256.sol
DA:7,0
DA:14,2
DA:17,5
DA:18,0
DA:21,1
DA:24,3
DA:27,7
DA:28,0
DA:31,1
DA:58,2
DA:61,5
DA:62,0
DA:65,1
end_of_record

SF:/Users/vladimirdzotov/Dropbox/do/GA/synthetix/synthetix-perps-minimal/markets/perps-market/node_modules/@synthetixio/core-contracts/contracts/utils/SafeCast/SafeCastU32.sol
DA:7,0
end_of_record

SF:/Users/vladimirdzotov/Dropbox/do/GA/synthetix/synthetix-perps-minimal/markets/perps-market/node_modules/@synthetixio/core-contracts/contracts/utils/SafeCast/SafeCastU56.sol
DA:7,0
end_of_record

SF:/Users/vladimirdzotov/Dropbox/do/GA/synthetix/synthetix-perps-minimal/markets/perps-market/node_modules/@synthetixio/core-contracts/contracts/utils/SafeCast/SafeCastU64.sol
DA:7,0
end_of_record

SF:/Users/vladimirdzotov/Dropbox/do/GA/synthetix/synthetix-perps-minimal/markets/perps-market/node_modules/@synthetixio/core-contracts/contracts/utils/SetUtil.sol
DA:6,0
DA:19,1
DA:20,5
DA:23,1
DA:24,5
DA:31,2
DA:32,1
DA:35,2
DA:36,2
DA:39,2
DA:40,7
DA:47,4
DA:48,7
DA:66,0
DA:67,0
DA:70,0
DA:71,0
DA:78,2
DA:79,2
DA:94,0
DA:95,0
DA:118,2
DA:119,3
DA:120,0
DA:123,22
DA:124,14
DA:127,7
DA:128,14
DA:129,6
DA:130,0
DA:133,9
DA:134,13
DA:138,6
DA:139,22
DA:141,27
DA:142,14
DA:146,25
DA:147,19
DA:168,1
DA:169,14
DA:172,1
DA:173,2
DA:176,7
DA:177,14
DA:178,0
DA:181,9
DA:183,22
DA:194,6
DA:195,69
end_of_record

SF:/Users/vladimirdzotov/Dropbox/do/GA/synthetix/synthetix-perps-minimal/markets/perps-market/node_modules/@synthetixio/core-modules/contracts/interfaces/IAssociatedSystemsModule.sol
end_of_record

SF:/Users/vladimirdzotov/Dropbox/do/GA/synthetix/synthetix-perps-minimal/markets/perps-market/node_modules/@synthetixio/core-modules/contracts/interfaces/IFeatureFlagModule.sol
end_of_record

SF:/Users/vladimirdzotov/Dropbox/do/GA/synthetix/synthetix-perps-minimal/markets/perps-market/node_modules/@synthetixio/core-modules/contracts/interfaces/IOwnerModule.sol
end_of_record

SF:/Users/vladimirdzotov/Dropbox/do/GA/synthetix/synthetix-perps-minimal/markets/perps-market/node_modules/@synthetixio/core-modules/contracts/interfaces/ITokenModule.sol
end_of_record

SF:/Users/vladimirdzotov/Dropbox/do/GA/synthetix/synthetix-perps-minimal/markets/perps-market/node_modules/@synthetixio/core-modules/contracts/modules/CoreModule.sol
DA:8,0
end_of_record

SF:/Users/vladimirdzotov/Dropbox/do/GA/synthetix/synthetix-perps-minimal/markets/perps-market/node_modules/@synthetixio/core-modules/contracts/modules/FeatureFlagModule.sol
DA:14,0
DA:21,0
DA:22,0
DA:23,0
DA:24,0
DA:25,0
DA:26,0
DA:28,0
DA:29,0
DA:32,0
DA:33,0
DA:39,0
DA:40,0
DA:42,0
DA:43,0
DA:46,0
DA:48,0
DA:54,0
DA:55,0
DA:57,0
DA:58,0
DA:61,0
DA:62,0
DA:63,0
DA:70,0
DA:71,0
DA:73,0
DA:74,0
DA:77,0
DA:78,0
DA:79,0
DA:86,0
DA:87,0
DA:88,0
DA:91,0
DA:92,0
DA:93,0
DA:96,0
DA:97,0
DA:98,0
DA:100,0
DA:104,0
DA:110,0
DA:111,0
DA:112,0
DA:113,0
DA:114,0
DA:117,0
DA:123,0
DA:124,0
DA:130,0
DA:131,0
DA:137,0
DA:139,0
DA:140,0
DA:146,0
DA:149,0
DA:150,0
end_of_record

SF:/Users/vladimirdzotov/Dropbox/do/GA/synthetix/synthetix-perps-minimal/markets/perps-market/node_modules/@synthetixio/core-modules/contracts/modules/OwnerModule.sol
DA:12,0
DA:14,0
end_of_record

SF:/Users/vladimirdzotov/Dropbox/do/GA/synthetix/synthetix-perps-minimal/markets/perps-market/node_modules/@synthetixio/core-modules/contracts/modules/UpgradeModule.sol
DA:7,0
DA:8,0
DA:9,0
DA:10,0
end_of_record

SF:/Users/vladimirdzotov/Dropbox/do/GA/synthetix/synthetix-perps-minimal/markets/perps-market/node_modules/@synthetixio/core-modules/contracts/storage/FeatureFlag.sol
DA:7,0
DA:20,5
DA:21,7
DA:27,3
DA:28,12
DA:29,8
DA:33,8
DA:34,6
DA:36,15
DA:37,0
DA:40,13
DA:43,0
DA:44,0
DA:45,0
DA:46,0
DA:50,0
end_of_record

SF:/Users/vladimirdzotov/Dropbox/do/GA/synthetix/synthetix-perps-minimal/markets/perps-market/node_modules/@synthetixio/main/contracts/interfaces/ICollateralConfigurationModule.sol
end_of_record

SF:/Users/vladimirdzotov/Dropbox/do/GA/synthetix/synthetix-perps-minimal/markets/perps-market/node_modules/@synthetixio/main/contracts/interfaces/ICollateralModule.sol
end_of_record

SF:/Users/vladimirdzotov/Dropbox/do/GA/synthetix/synthetix-perps-minimal/markets/perps-market/node_modules/@synthetixio/main/contracts/interfaces/IMarketCollateralModule.sol
end_of_record

SF:/Users/vladimirdzotov/Dropbox/do/GA/synthetix/synthetix-perps-minimal/markets/perps-market/node_modules/@synthetixio/main/contracts/interfaces/IMarketManagerModule.sol
end_of_record

SF:/Users/vladimirdzotov/Dropbox/do/GA/synthetix/synthetix-perps-minimal/markets/perps-market/node_modules/@synthetixio/main/contracts/interfaces/IPoolModule.sol
end_of_record

SF:/Users/vladimirdzotov/Dropbox/do/GA/synthetix/synthetix-perps-minimal/markets/perps-market/node_modules/@synthetixio/main/contracts/interfaces/IRewardsManagerModule.sol
end_of_record

SF:/Users/vladimirdzotov/Dropbox/do/GA/synthetix/synthetix-perps-minimal/markets/perps-market/node_modules/@synthetixio/main/contracts/interfaces/IUtilsModule.sol
end_of_record

SF:/Users/vladimirdzotov/Dropbox/do/GA/synthetix/synthetix-perps-minimal/markets/perps-market/node_modules/@synthetixio/main/contracts/interfaces/IVaultModule.sol
end_of_record

SF:/Users/vladimirdzotov/Dropbox/do/GA/synthetix/synthetix-perps-minimal/markets/perps-market/node_modules/@synthetixio/main/contracts/interfaces/external/IMarket.sol
end_of_record

SF:/Users/vladimirdzotov/Dropbox/do/GA/synthetix/synthetix-perps-minimal/markets/perps-market/node_modules/@synthetixio/main/contracts/interfaces/external/IOracleManager.sol
end_of_record

SF:/Users/vladimirdzotov/Dropbox/do/GA/synthetix/synthetix-perps-minimal/markets/perps-market/node_modules/@synthetixio/main/contracts/interfaces/external/IRewardDistributor.sol
end_of_record

SF:/Users/vladimirdzotov/Dropbox/do/GA/synthetix/synthetix-perps-minimal/markets/perps-market/node_modules/@synthetixio/main/contracts/storage/Account.sol
DA:16,0
DA:67,2
DA:68,9
DA:79,0
DA:80,0
DA:82,0
DA:83,0
DA:89,2
DA:90,8
DA:91,7
DA:92,8
DA:144,1
DA:146,12
DA:157,1
DA:160,1
DA:161,7
DA:163,17
DA:164,0
DA:167,1
end_of_record

SF:/Users/vladimirdzotov/Dropbox/do/GA/synthetix/synthetix-perps-minimal/markets/perps-market/node_modules/@synthetixio/main/contracts/storage/AccountRBAC.sol
DA:10,0
DA:75,0
DA:76,0
DA:77,0
DA:80,0
DA:81,0
DA:84,0
DA:85,0
DA:88,0
DA:123,0
DA:127,0
DA:128,0
DA:134,1
DA:138,2
DA:139,14
DA:140,1
DA:141,1
end_of_record

SF:/Users/vladimirdzotov/Dropbox/do/GA/synthetix/synthetix-perps-minimal/markets/perps-market/node_modules/@synthetixio/main/contracts/storage/Collateral.sol
DA:14,0
end_of_record

SF:/Users/vladimirdzotov/Dropbox/do/GA/synthetix/synthetix-perps-minimal/markets/perps-market/node_modules/@synthetixio/main/contracts/storage/CollateralConfiguration.sol
DA:17,0
end_of_record

SF:/Users/vladimirdzotov/Dropbox/do/GA/synthetix/synthetix-perps-minimal/markets/perps-market/node_modules/@synthetixio/main/contracts/storage/CollateralLock.sol
DA:7,0
end_of_record

SF:/Users/vladimirdzotov/Dropbox/do/GA/synthetix/synthetix-perps-minimal/markets/perps-market/node_modules/@synthetixio/main/contracts/storage/Config.sol
DA:7,0
end_of_record

SF:/Users/vladimirdzotov/Dropbox/do/GA/synthetix/synthetix-perps-minimal/markets/perps-market/node_modules/@synthetixio/main/contracts/storage/Distribution.sol
DA:20,0
end_of_record

SF:/Users/vladimirdzotov/Dropbox/do/GA/synthetix/synthetix-perps-minimal/markets/perps-market/node_modules/@synthetixio/main/contracts/storage/DistributionActor.sol
DA:7,0
end_of_record

SF:/Users/vladimirdzotov/Dropbox/do/GA/synthetix/synthetix-perps-minimal/markets/perps-market/node_modules/@synthetixio/main/contracts/storage/Market.sol
DA:19,0
end_of_record

SF:/Users/vladimirdzotov/Dropbox/do/GA/synthetix/synthetix-perps-minimal/markets/perps-market/node_modules/@synthetixio/main/contracts/storage/MarketConfiguration.sol
DA:15,0
end_of_record

SF:/Users/vladimirdzotov/Dropbox/do/GA/synthetix/synthetix-perps-minimal/markets/perps-market/node_modules/@synthetixio/main/contracts/storage/MarketPoolInfo.sol
DA:7,0
end_of_record

SF:/Users/vladimirdzotov/Dropbox/do/GA/synthetix/synthetix-perps-minimal/markets/perps-market/node_modules/@synthetixio/main/contracts/storage/OracleManager.sol
DA:7,0
end_of_record

SF:/Users/vladimirdzotov/Dropbox/do/GA/synthetix/synthetix-perps-minimal/markets/perps-market/node_modules/@synthetixio/main/contracts/storage/Pool.sol
DA:24,0
end_of_record

SF:/Users/vladimirdzotov/Dropbox/do/GA/synthetix/synthetix-perps-minimal/markets/perps-market/node_modules/@synthetixio/main/contracts/storage/PoolCollateralConfiguration.sol
DA:4,0
end_of_record

SF:/Users/vladimirdzotov/Dropbox/do/GA/synthetix/synthetix-perps-minimal/markets/perps-market/node_modules/@synthetixio/main/contracts/storage/RewardDistribution.sol
DA:16,0
end_of_record

SF:/Users/vladimirdzotov/Dropbox/do/GA/synthetix/synthetix-perps-minimal/markets/perps-market/node_modules/@synthetixio/main/contracts/storage/RewardDistributionClaimStatus.sol
DA:7,0
end_of_record

SF:/Users/vladimirdzotov/Dropbox/do/GA/synthetix/synthetix-perps-minimal/markets/perps-market/node_modules/@synthetixio/main/contracts/storage/ScalableMapping.sol
DA:35,0
end_of_record

SF:/Users/vladimirdzotov/Dropbox/do/GA/synthetix/synthetix-perps-minimal/markets/perps-market/node_modules/@synthetixio/main/contracts/storage/SystemPoolConfiguration.sol
DA:9,0
end_of_record

SF:/Users/vladimirdzotov/Dropbox/do/GA/synthetix/synthetix-perps-minimal/markets/perps-market/node_modules/@synthetixio/main/contracts/storage/Vault.sol
DA:20,0
end_of_record

SF:/Users/vladimirdzotov/Dropbox/do/GA/synthetix/synthetix-perps-minimal/markets/perps-market/node_modules/@synthetixio/main/contracts/storage/VaultEpoch.sol
DA:19,0
end_of_record

SF:/Users/vladimirdzotov/Dropbox/do/GA/synthetix/synthetix-perps-minimal/markets/perps-market/node_modules/@synthetixio/oracle-manager/contracts/interfaces/INodeModule.sol
end_of_record

SF:/Users/vladimirdzotov/Dropbox/do/GA/synthetix/synthetix-perps-minimal/markets/perps-market/node_modules/@synthetixio/oracle-manager/contracts/interfaces/external/IAggregatorV3Interface.sol
end_of_record

SF:/Users/vladimirdzotov/Dropbox/do/GA/synthetix/synthetix-perps-minimal/markets/perps-market/node_modules/@synthetixio/oracle-manager/contracts/interfaces/external/IExternalNode.sol
end_of_record

SF:/Users/vladimirdzotov/Dropbox/do/GA/synthetix/synthetix-perps-minimal/markets/perps-market/node_modules/@synthetixio/oracle-manager/contracts/interfaces/external/IPyth.sol
DA:162,0
end_of_record

SF:/Users/vladimirdzotov/Dropbox/do/GA/synthetix/synthetix-perps-minimal/markets/perps-market/node_modules/@synthetixio/oracle-manager/contracts/interfaces/external/IUniswapV3Pool.sol
end_of_record

SF:/Users/vladimirdzotov/Dropbox/do/GA/synthetix/synthetix-perps-minimal/markets/perps-market/node_modules/@synthetixio/oracle-manager/contracts/nodes/ChainlinkNode.sol
DA:11,0
DA:16,0
end_of_record

SF:/Users/vladimirdzotov/Dropbox/do/GA/synthetix/synthetix-perps-minimal/markets/perps-market/node_modules/@synthetixio/oracle-manager/contracts/nodes/ConstantNode.sol
DA:7,0
end_of_record

SF:/Users/vladimirdzotov/Dropbox/do/GA/synthetix/synthetix-perps-minimal/markets/perps-market/node_modules/@synthetixio/oracle-manager/contracts/nodes/ExternalNode.sol
DA:10,0
end_of_record

SF:/Users/vladimirdzotov/Dropbox/do/GA/synthetix/synthetix-perps-minimal/markets/perps-market/node_modules/@synthetixio/oracle-manager/contracts/nodes/PriceDeviationCircuitBreakerNode.sol
DA:10,0
end_of_record

SF:/Users/vladimirdzotov/Dropbox/do/GA/synthetix/synthetix-perps-minimal/markets/perps-market/node_modules/@synthetixio/oracle-manager/contracts/nodes/ReducerNode.sol
DA:10,0
end_of_record

SF:/Users/vladimirdzotov/Dropbox/do/GA/synthetix/synthetix-perps-minimal/markets/perps-market/node_modules/@synthetixio/oracle-manager/contracts/nodes/StalenessCircuitBreakerNode.sol
DA:8,0
end_of_record

SF:/Users/vladimirdzotov/Dropbox/do/GA/synthetix/synthetix-perps-minimal/markets/perps-market/node_modules/@synthetixio/oracle-manager/contracts/nodes/UniswapNode.sol
DA:15,0
DA:25,0
end_of_record

SF:/Users/vladimirdzotov/Dropbox/do/GA/synthetix/synthetix-perps-minimal/markets/perps-market/node_modules/@synthetixio/oracle-manager/contracts/nodes/pyth/PythNode.sol
DA:11,0
DA:15,0
end_of_record

SF:/Users/vladimirdzotov/Dropbox/do/GA/synthetix/synthetix-perps-minimal/markets/perps-market/node_modules/@synthetixio/oracle-manager/contracts/nodes/pyth/PythOffchainLookupNode.sol
DA:10,0
DA:16,0
end_of_record

SF:/Users/vladimirdzotov/Dropbox/do/GA/synthetix/synthetix-perps-minimal/markets/perps-market/node_modules/@synthetixio/oracle-manager/contracts/storage/NodeDefinition.sol
DA:17,0
end_of_record

SF:/Users/vladimirdzotov/Dropbox/do/GA/synthetix/synthetix-perps-minimal/markets/perps-market/node_modules/@synthetixio/oracle-manager/contracts/storage/NodeOutput.sol
DA:4,0
end_of_record

SF:/Users/vladimirdzotov/Dropbox/do/GA/synthetix/synthetix-perps-minimal/markets/perps-market/node_modules/@synthetixio/oracle-manager/contracts/utils/FullMath.sol
DA:9,0
end_of_record

SF:/Users/vladimirdzotov/Dropbox/do/GA/synthetix/synthetix-perps-minimal/markets/perps-market/node_modules/@synthetixio/oracle-manager/contracts/utils/TickMath.sol
DA:9,0
end_of_record

SF:/Users/vladimirdzotov/Dropbox/do/GA/synthetix/synthetix-perps-minimal/markets/perps-market/node_modules/@synthetixio/rewards-distributor/src/RewardsDistributor.sol
DA:14,0
DA:20,0
DA:21,0
DA:22,0
DA:23,0
DA:24,0
DA:26,0
DA:27,0
DA:29,0
DA:32,0
DA:34,0
DA:42,0
DA:43,0
DA:44,0
DA:45,0
DA:46,0
DA:48,0
DA:49,0
DA:52,0
DA:53,0
DA:59,0
DA:62,0
DA:63,0
DA:66,0
DA:67,0
DA:68,0
DA:70,0
DA:73,0
DA:79,0
DA:80,0
DA:81,0
DA:84,0
DA:85,0
DA:87,0
DA:88,0
DA:93,0
DA:94,0
DA:101,0
DA:103,0
DA:104,0
DA:106,0
DA:108,0
DA:110,0
DA:113,0
DA:119,0
DA:120,0
DA:121,0
DA:122,0
DA:127,0
DA:128,0
DA:134,0
DA:135,0
DA:136,0
DA:137,0
DA:142,0
DA:144,0
DA:153,0
DA:163,0
DA:165,0
DA:166,0
DA:167,0
DA:168,0
DA:171,0
DA:172,0
DA:173,0
end_of_record

SF:/Users/vladimirdzotov/Dropbox/do/GA/synthetix/synthetix-perps-minimal/markets/perps-market/node_modules/@synthetixio/spot-market/contracts/interfaces/IAtomicOrderModule.sol
end_of_record

SF:/Users/vladimirdzotov/Dropbox/do/GA/synthetix/synthetix-perps-minimal/markets/perps-market/node_modules/@synthetixio/spot-market/contracts/interfaces/IMarketConfigurationModule.sol
end_of_record

SF:/Users/vladimirdzotov/Dropbox/do/GA/synthetix/synthetix-perps-minimal/markets/perps-market/node_modules/@synthetixio/spot-market/contracts/interfaces/ISpotMarketFactoryModule.sol
end_of_record

SF:/Users/vladimirdzotov/Dropbox/do/GA/synthetix/synthetix-perps-minimal/markets/perps-market/node_modules/@synthetixio/spot-market/contracts/interfaces/external/ISynthetixSystem.sol
end_of_record

SF:/Users/vladimirdzotov/Dropbox/do/GA/synthetix/synthetix-perps-minimal/markets/perps-market/node_modules/@synthetixio/spot-market/contracts/storage/OrderFees.sol
DA:9,0
end_of_record

SF:/Users/vladimirdzotov/Dropbox/do/GA/synthetix/synthetix-perps-minimal/markets/perps-market/node_modules/@synthetixio/spot-market/contracts/storage/Price.sol
DA:14,0
end_of_record

SF:/Users/vladimirdzotov/Dropbox/do/GA/synthetix/synthetix-perps-minimal/markets/perps-market/node_modules/@synthetixio/spot-market/contracts/storage/SpotMarketFactory.sol
DA:12,0
end_of_record

SF:/Users/vladimirdzotov/Dropbox/do/GA/synthetix/synthetix-perps-minimal/markets/perps-market/node_modules/@synthetixio/spot-market/contracts/utils/TransactionUtil.sol
DA:7,0
end_of_record

SF:/Users/vladimirdzotov/Dropbox/do/GA/synthetix/synthetix-perps-minimal/markets/perps-market/storage.dump.sol
DA:5,0
DA:21,0
DA:37,0
DA:38,0
DA:40,0
DA:41,0
DA:42,0
DA:43,0
DA:44,0
DA:45,0
DA:49,0
DA:55,0
DA:69,0
DA:83,0
DA:84,0
DA:85,0
DA:86,0
DA:103,0
DA:124,0
DA:142,0
DA:161,0
DA:170,0
DA:209,0
DA:217,0
DA:224,0
DA:233,0
DA:241,0
DA:274,0
DA:283,0
DA:291,0
DA:306,0
DA:335,0
DA:347,0
DA:361,0
DA:369,0
DA:378,0
DA:400,0
DA:417,0
DA:429,0
DA:444,0
DA:445,0
DA:449,0
DA:464,0
DA:465,0
DA:469,0
DA:470,0
DA:474,0
DA:475,0
DA:479,0
DA:508,0
DA:518,0
DA:527,0
DA:528,0
DA:532,0
DA:542,0
DA:563,0
DA:583,0
DA:644,0
DA:658,0
DA:663,0
DA:719,0
DA:738,0
DA:772,0
DA:790,0
DA:808,0
DA:816,0
DA:825,0
DA:837,0
DA:845,0
DA:864,0
DA:889,0
DA:925,0
DA:958,0
DA:979,0
DA:1001,0
DA:1012,0
DA:1029,0
DA:1041,0
DA:1042,0
DA:1043,0
end_of_record

