TN:
SF:/Users/vladimirdzotov/Dropbox/do/GA/synthetix/synthetix-perps-minimal/markets/perps-market/contracts/Proxy.sol
DA:1,0
DA:11,7
DA:13,0
DA:16,0
end_of_record

SF:/Users/vladimirdzotov/Dropbox/do/GA/synthetix/synthetix-perps-minimal/markets/perps-market/contracts/fuzzing/Fuzz.sol
DA:6,235
DA:8,0
DA:9,0
end_of_record

SF:/Users/vladimirdzotov/Dropbox/do/GA/synthetix/synthetix-perps-minimal/markets/perps-market/contracts/fuzzing/FuzzAdmin.sol
DA:7,0
DA:8,11
DA:9,7
DA:11,14
DA:14,11
DA:15,7
DA:17,47
DA:22,11
DA:23,7
DA:24,1
DA:26,44
DA:27,3
DA:32,17
DA:37,11
DA:38,7
DA:39,1
DA:41,44
DA:42,3
DA:47,17
DA:54,11
DA:57,0
DA:58,4
DA:59,1
DA:60,1
DA:61,6
DA:62,42
DA:68,45
DA:70,5
DA:73,17
DA:79,3
DA:80,6
DA:81,1
DA:82,1
DA:83,1
DA:84,4
DA:85,1
DA:86,1
DA:89,53
DA:99,11
DA:100,64
DA:102,20
DA:103,6
DA:105,50
DA:116,11
DA:117,64
DA:120,21
DA:121,6
DA:123,50
DA:125,15
DA:126,2
DA:134,16
DA:135,64
DA:138,21
DA:139,6
DA:141,50
DA:143,41
DA:144,2
DA:149,11
DA:152,11
DA:153,64
DA:156,20
DA:157,6
DA:159,50
end_of_record

SF:/Users/vladimirdzotov/Dropbox/do/GA/synthetix/synthetix-perps-minimal/markets/perps-market/contracts/fuzzing/FuzzLiquidationModule.sol
DA:14,0
DA:18,10
DA:19,7
DA:21,24
DA:22,29
DA:23,27
DA:25,5
DA:27,14
DA:29,4
DA:30,1
DA:31,1
DA:32,1
DA:33,4
DA:34,10
DA:35,4
DA:39,5
DA:40,4
DA:42,0
DA:43,0
DA:44,0
DA:46,0
DA:48,0
DA:50,0
DA:51,0
DA:52,0
DA:53,0
DA:54,0
DA:55,0
DA:59,17
DA:60,8
DA:62,24
DA:63,29
DA:65,5
DA:67,14
DA:69,11
DA:72,11
DA:73,8
DA:75,24
DA:76,29
DA:78,5
DA:80,10
DA:81,4
DA:84,3
DA:85,1
DA:86,1
DA:87,1
DA:88,4
end_of_record

SF:/Users/vladimirdzotov/Dropbox/do/GA/synthetix/synthetix-perps-minimal/markets/perps-market/contracts/fuzzing/FuzzModules.sol
DA:9,0
DA:15,3
DA:18,5
DA:19,0
DA:20,0
DA:22,0
DA:23,0
DA:24,0
DA:27,0
DA:28,0
DA:30,0
DA:34,0
DA:35,0
DA:37,9
DA:39,0
DA:40,0
DA:42,0
DA:45,0
DA:46,0
DA:47,0
DA:50,0
DA:51,0
DA:52,0
DA:53,0
DA:55,0
DA:56,0
DA:57,0
DA:58,0
DA:59,0
DA:60,1
DA:63,3
DA:64,0
DA:65,0
DA:66,0
DA:67,2
DA:68,0
DA:70,0
DA:71,0
DA:77,0
DA:78,0
DA:79,0
DA:80,0
DA:81,0
DA:82,0
DA:83,0
DA:84,0
DA:85,0
DA:86,0
DA:89,0
end_of_record

SF:/Users/vladimirdzotov/Dropbox/do/GA/synthetix/synthetix-perps-minimal/markets/perps-market/contracts/fuzzing/FuzzOrderModule.sol
DA:10,0
DA:11,78
DA:13,21
DA:14,21
DA:16,24
DA:17,29
DA:18,22
DA:20,1
DA:21,1
DA:22,1
DA:23,21
DA:24,21
DA:25,5
DA:26,21
DA:28,21
DA:30,21
DA:31,7
DA:32,1
DA:33,1
DA:34,1
DA:35,1
DA:38,29
DA:40,21
DA:42,21
DA:44,15
DA:45,24
DA:46,24
DA:48,33
DA:49,0
DA:51,21
DA:53,10
DA:54,4
DA:55,4
DA:56,4
DA:57,4
DA:58,4
DA:59,4
DA:60,4
DA:62,21
DA:63,21
DA:65,4
DA:66,1
DA:67,1
DA:68,1
DA:69,4
DA:70,4
DA:73,113
DA:74,23
DA:76,21
DA:79,6
DA:80,51
DA:81,7
DA:83,24
DA:84,29
DA:85,27
DA:87,5
DA:88,50
DA:89,14
DA:90,15
DA:91,4
DA:94,5
DA:97,2
DA:98,5
DA:99,5
DA:100,18
DA:102,61
DA:105,12
DA:106,51
DA:107,8
DA:109,24
DA:110,29
DA:111,27
DA:113,5
DA:115,10
DA:116,15
DA:117,4
DA:120,4
DA:121,1
DA:122,1
DA:123,1
DA:124,4
DA:125,4
DA:127,61
end_of_record

SF:/Users/vladimirdzotov/Dropbox/do/GA/synthetix/synthetix-perps-minimal/markets/perps-market/contracts/fuzzing/FuzzPerpsAccountModule.sol
DA:8,0
DA:13,14
DA:16,4
DA:17,7
DA:18,1
DA:19,1
DA:21,25
DA:22,29
DA:23,12
DA:24,5
DA:25,12
DA:27,10
DA:28,4
DA:29,4
DA:30,4
DA:32,12
DA:34,4
DA:35,4
DA:36,1
DA:37,1
DA:38,1
DA:39,4
DA:40,4
DA:42,12
DA:45,11
DA:46,8
DA:48,25
DA:49,29
DA:51,5
DA:53,18
DA:55,10
end_of_record

SF:/Users/vladimirdzotov/Dropbox/do/GA/synthetix/synthetix-perps-minimal/markets/perps-market/contracts/fuzzing/FuzzSetup.sol
DA:10,0
DA:11,0
DA:13,0
DA:15,0
DA:16,0
DA:18,0
DA:20,0
DA:21,0
DA:22,0
DA:23,0
DA:24,0
DA:25,0
DA:26,0
DA:27,0
DA:28,0
DA:29,0
DA:30,0
DA:31,0
DA:32,0
DA:33,0
DA:35,0
DA:36,0
DA:37,0
DA:38,0
DA:39,0
DA:40,0
DA:41,0
DA:42,0
DA:43,0
DA:46,0
DA:47,0
DA:48,0
DA:49,0
DA:50,0
DA:51,0
DA:52,0
DA:53,0
DA:54,0
DA:55,0
DA:56,0
DA:57,0
DA:58,0
DA:59,0
DA:60,0
DA:61,0
DA:62,0
DA:63,0
DA:64,0
DA:65,0
DA:66,0
DA:67,0
DA:68,0
DA:69,0
DA:70,0
DA:71,0
DA:72,0
DA:75,0
DA:76,0
DA:77,0
DA:78,0
DA:80,0
DA:82,0
DA:83,0
DA:84,0
DA:86,0
DA:87,0
DA:88,0
DA:89,0
DA:91,0
DA:93,0
DA:94,0
DA:95,0
DA:96,0
DA:97,0
DA:98,0
DA:99,0
DA:100,0
DA:101,0
DA:102,0
DA:103,0
DA:106,0
DA:107,0
DA:109,0
DA:110,0
DA:114,0
DA:115,0
DA:120,0
DA:121,0
DA:124,0
DA:125,0
DA:126,0
DA:130,0
DA:131,0
DA:132,0
DA:134,0
DA:135,0
DA:136,0
DA:137,0
DA:139,0
DA:140,0
DA:141,0
DA:142,0
DA:144,0
DA:145,0
DA:146,0
DA:148,0
DA:151,0
DA:152,0
DA:153,0
DA:154,0
DA:155,0
DA:157,0
DA:159,0
DA:160,0
DA:164,0
DA:165,0
DA:168,0
DA:169,0
DA:172,0
DA:173,0
DA:176,0
DA:177,0
DA:180,0
DA:181,0
DA:182,0
DA:185,0
DA:188,0
DA:190,0
DA:191,0
DA:194,0
DA:197,0
DA:199,0
DA:200,0
DA:203,0
DA:206,0
DA:208,0
DA:209,0
DA:212,0
DA:215,0
DA:217,0
DA:218,0
DA:221,0
DA:224,0
DA:226,0
DA:227,0
DA:230,0
DA:233,0
DA:235,0
DA:236,0
DA:239,0
DA:242,0
DA:244,0
DA:245,0
DA:246,0
DA:248,0
DA:253,0
DA:254,0
DA:255,0
DA:258,0
DA:261,0
DA:263,0
DA:264,0
DA:267,0
DA:270,0
DA:272,0
DA:273,0
DA:276,0
DA:279,0
DA:281,0
DA:282,0
DA:285,0
DA:288,0
DA:290,0
DA:291,0
DA:294,0
DA:297,0
DA:299,0
DA:300,0
DA:303,0
DA:306,0
DA:308,0
DA:309,0
DA:310,0
DA:312,0
DA:315,0
DA:317,0
DA:318,0
DA:319,0
DA:320,0
DA:322,0
DA:325,0
DA:328,0
DA:329,0
DA:330,0
DA:333,0
DA:334,0
DA:335,0
DA:336,0
DA:338,0
DA:344,0
DA:345,0
DA:346,0
DA:349,0
DA:352,0
DA:354,0
DA:355,0
DA:358,0
DA:361,0
DA:363,0
DA:364,0
DA:367,0
DA:370,0
DA:372,0
DA:373,0
DA:376,0
DA:379,0
DA:381,0
DA:382,0
DA:385,0
DA:388,0
DA:390,0
DA:391,0
DA:394,0
DA:397,0
DA:399,0
DA:400,0
DA:403,0
DA:406,0
DA:408,0
DA:409,0
DA:410,0
DA:412,0
DA:418,0
DA:419,0
DA:420,0
DA:423,0
DA:426,0
DA:428,0
DA:429,0
DA:432,0
DA:435,0
DA:437,0
DA:438,0
DA:441,0
DA:444,0
DA:446,0
DA:447,0
DA:450,0
DA:453,0
DA:455,0
DA:456,0
DA:459,0
DA:462,0
DA:464,0
DA:465,0
DA:468,0
DA:471,0
DA:473,0
DA:474,0
DA:477,0
DA:480,0
DA:482,0
DA:483,0
DA:486,0
DA:489,0
DA:491,0
DA:492,0
DA:495,0
DA:498,0
DA:500,0
DA:501,0
DA:504,0
DA:507,0
DA:509,0
DA:510,0
DA:513,0
DA:516,0
DA:518,0
DA:519,0
DA:522,0
DA:525,0
DA:527,0
DA:528,0
DA:531,0
DA:534,0
DA:536,0
DA:537,0
DA:540,0
DA:543,0
DA:545,0
DA:546,0
DA:549,0
DA:552,0
DA:554,0
DA:555,0
DA:558,0
DA:561,0
DA:563,0
DA:564,0
DA:565,0
DA:567,0
DA:573,0
DA:574,0
DA:575,0
DA:578,0
DA:581,0
DA:583,0
DA:584,0
DA:587,0
DA:590,0
DA:592,0
DA:593,0
DA:596,0
DA:599,0
DA:601,0
DA:602,0
DA:605,0
DA:608,0
DA:610,0
DA:611,0
DA:614,0
DA:617,0
DA:619,0
DA:620,0
DA:623,0
DA:626,0
DA:628,0
DA:629,0
DA:632,0
DA:635,0
DA:637,0
DA:638,0
DA:641,0
DA:644,0
DA:646,0
DA:647,0
DA:650,0
DA:653,0
DA:655,0
DA:656,0
DA:659,0
DA:662,0
DA:664,0
DA:665,0
DA:668,0
DA:671,0
DA:673,0
DA:674,0
DA:677,0
DA:680,0
DA:682,0
DA:683,0
DA:686,0
DA:689,0
DA:691,0
DA:692,0
DA:695,0
DA:698,0
DA:700,0
DA:701,0
DA:704,0
DA:707,0
DA:709,0
DA:710,0
DA:713,0
DA:716,0
DA:718,0
DA:719,0
DA:722,0
DA:725,0
DA:727,0
DA:728,0
DA:731,0
DA:734,0
DA:736,0
DA:737,0
DA:740,0
DA:743,0
DA:745,0
DA:746,0
DA:747,0
DA:749,0
DA:755,0
DA:756,0
DA:757,0
DA:760,0
DA:763,0
DA:765,0
DA:766,0
DA:769,0
DA:772,0
DA:774,0
DA:775,0
DA:778,0
DA:781,0
DA:783,0
DA:784,0
DA:787,0
DA:790,0
DA:792,0
DA:793,0
DA:796,0
DA:799,0
DA:801,0
DA:802,0
DA:805,0
DA:808,0
DA:810,0
DA:811,0
DA:814,0
DA:817,0
DA:819,0
DA:820,0
DA:823,0
DA:826,0
DA:828,0
DA:829,0
DA:832,0
DA:835,0
DA:837,0
DA:838,0
DA:841,0
DA:844,0
DA:846,0
DA:847,0
DA:850,0
DA:853,0
DA:855,0
DA:856,0
DA:859,0
DA:862,0
DA:864,0
DA:865,0
DA:866,0
DA:868,0
DA:874,0
DA:875,0
DA:876,0
DA:879,0
DA:882,0
DA:884,0
DA:885,0
DA:888,0
DA:891,0
DA:893,0
DA:894,0
DA:897,0
DA:900,0
DA:902,0
DA:903,0
DA:906,0
DA:909,0
DA:911,0
DA:912,0
DA:915,0
DA:918,0
DA:920,0
DA:921,0
DA:924,0
DA:927,0
DA:929,0
DA:930,0
DA:933,0
DA:936,0
DA:938,0
DA:939,0
DA:942,0
DA:945,0
DA:947,0
DA:948,0
DA:949,0
DA:951,0
DA:957,0
DA:958,0
DA:959,0
DA:962,0
DA:965,0
DA:967,0
DA:968,0
DA:971,0
DA:974,0
DA:976,0
DA:977,0
DA:980,0
DA:983,0
DA:985,0
DA:986,0
DA:989,0
DA:992,0
DA:994,0
DA:995,0
DA:998,0
DA:1001,0
DA:1003,0
DA:1004,0
DA:1007,0
DA:1010,0
DA:1012,0
DA:1013,0
DA:1016,0
DA:1019,0
DA:1021,0
DA:1022,0
DA:1025,0
DA:1028,0
DA:1030,0
DA:1031,0
DA:1032,0
DA:1034,0
DA:1040,0
DA:1041,0
DA:1042,0
DA:1045,0
DA:1048,0
DA:1050,0
DA:1051,0
DA:1052,0
DA:1054,0
DA:1060,0
DA:1061,0
DA:1062,0
DA:1065,0
DA:1068,0
DA:1070,0
DA:1071,0
DA:1074,0
DA:1077,0
DA:1079,0
DA:1080,0
DA:1083,0
DA:1086,0
DA:1088,0
DA:1089,0
DA:1092,0
DA:1095,0
DA:1097,0
DA:1098,0
DA:1101,0
DA:1104,0
DA:1106,0
DA:1107,0
DA:1110,0
DA:1113,0
DA:1115,0
DA:1116,0
DA:1119,0
DA:1122,0
DA:1124,0
DA:1125,0
DA:1128,0
DA:1131,0
DA:1133,0
DA:1134,0
DA:1137,0
DA:1140,0
DA:1142,0
DA:1143,0
DA:1144,0
DA:1146,0
DA:1152,0
DA:1153,0
DA:1154,0
DA:1157,0
DA:1160,0
DA:1162,0
DA:1163,0
DA:1166,0
DA:1169,0
DA:1171,0
DA:1172,0
DA:1175,0
DA:1178,0
DA:1180,0
DA:1181,0
DA:1182,0
DA:1184,0
DA:1199,0
DA:1200,0
DA:1201,0
DA:1207,0
DA:1209,0
DA:1210,0
DA:1211,0
DA:1219,0
DA:1220,0
DA:1221,0
DA:1222,0
DA:1224,0
DA:1228,0
DA:1239,0
DA:1240,0
DA:1241,0
DA:1242,0
DA:1243,0
DA:1244,0
DA:1248,0
DA:1259,0
DA:1261,0
DA:1263,0
DA:1264,0
DA:1265,0
DA:1266,0
DA:1267,0
DA:1273,0
DA:1274,0
DA:1277,0
DA:1278,0
DA:1286,0
DA:1287,0
DA:1288,0
DA:1289,0
DA:1296,0
DA:1297,0
DA:1298,0
DA:1299,0
DA:1310,0
DA:1311,0
DA:1312,0
DA:1313,0
DA:1324,0
DA:1325,0
DA:1326,0
DA:1327,0
DA:1338,0
DA:1339,0
DA:1340,0
DA:1342,0
DA:1343,0
DA:1344,0
DA:1345,0
DA:1346,0
DA:1348,0
DA:1351,0
DA:1354,0
DA:1355,0
DA:1356,0
DA:1358,0
DA:1359,0
DA:1360,0
DA:1361,0
DA:1362,0
DA:1363,0
DA:1364,0
DA:1370,0
DA:1371,0
DA:1372,0
DA:1373,0
DA:1375,0
DA:1376,0
DA:1377,0
DA:1379,0
DA:1380,0
DA:1382,0
DA:1385,0
DA:1386,0
DA:1387,0
DA:1388,0
DA:1390,0
DA:1396,0
DA:1397,0
DA:1398,0
DA:1400,0
DA:1402,0
DA:1403,0
DA:1405,0
DA:1407,0
DA:1408,0
DA:1413,0
DA:1414,0
DA:1415,0
DA:1416,0
DA:1423,0
DA:1425,0
DA:1426,0
DA:1427,0
DA:1429,0
DA:1434,0
DA:1436,0
DA:1437,0
DA:1438,0
DA:1439,0
DA:1440,0
DA:1441,0
DA:1449,0
DA:1450,0
DA:1451,0
DA:1457,0
DA:1460,0
DA:1461,0
DA:1463,0
DA:1464,0
DA:1465,0
DA:1466,0
DA:1468,0
DA:1469,0
DA:1470,0
DA:1472,0
DA:1473,0
DA:1474,0
DA:1475,0
DA:1477,0
DA:1478,0
DA:1479,0
DA:1480,0
DA:1481,0
DA:1486,0
DA:1489,0
DA:1490,0
DA:1491,0
DA:1492,0
DA:1493,0
DA:1494,0
DA:1495,0
DA:1498,0
DA:1500,0
DA:1506,0
DA:1514,0
DA:1515,0
DA:1518,0
DA:1521,0
DA:1526,0
DA:1527,0
DA:1528,0
DA:1536,0
DA:1543,0
DA:1544,0
DA:1545,0
DA:1546,0
DA:1555,0
DA:1556,0
DA:1557,0
DA:1558,0
DA:1559,0
DA:1567,0
DA:1568,0
DA:1569,0
DA:1570,0
DA:1579,0
DA:1580,0
DA:1581,0
DA:1582,0
DA:1583,0
DA:1591,0
DA:1592,0
DA:1593,0
DA:1594,0
DA:1602,0
DA:1603,0
DA:1604,0
DA:1605,0
DA:1606,0
DA:1613,0
DA:1614,0
DA:1615,0
DA:1616,0
DA:1624,0
DA:1625,0
DA:1626,0
DA:1627,0
DA:1628,0
DA:1635,0
DA:1636,0
DA:1637,0
DA:1638,0
DA:1647,0
DA:1648,0
DA:1649,0
DA:1650,0
DA:1651,0
DA:1659,0
DA:1660,0
DA:1661,0
DA:1662,0
DA:1674,0
DA:1675,0
DA:1676,0
DA:1677,0
DA:1678,0
DA:1689,0
DA:1690,0
DA:1691,0
DA:1692,0
DA:1703,0
DA:1704,0
DA:1705,0
DA:1706,0
DA:1707,0
DA:1717,0
DA:1718,0
DA:1719,0
DA:1720,0
DA:1727,0
DA:1728,0
DA:1729,0
DA:1736,0
DA:1737,0
DA:1739,0
DA:1740,0
DA:1743,0
DA:1744,0
DA:1745,0
DA:1747,0
DA:1752,0
DA:1753,0
DA:1756,9
DA:1757,65
DA:1758,21
DA:1760,4
DA:1761,18
DA:1764,12
DA:1765,1
DA:1766,11
DA:1767,12
DA:1768,3
DA:1769,1
DA:1774,3
DA:1776,78
DA:1777,64
DA:1780,0
DA:1781,0
DA:1782,0
DA:1784,0
DA:1789,0
DA:1790,0
DA:1791,0
DA:1798,0
DA:1799,0
DA:1800,0
DA:1801,0
DA:1803,0
end_of_record

SF:/Users/vladimirdzotov/Dropbox/do/GA/synthetix/synthetix-perps-minimal/markets/perps-market/contracts/fuzzing/helper/BeforeAfter.sol
DA:127,5
DA:128,6
DA:133,1
DA:134,5
DA:138,1
DA:139,20
DA:140,90
DA:145,1
DA:146,21
DA:147,2
DA:149,3
DA:150,7
DA:151,7
DA:152,7
DA:153,7
DA:154,6
DA:155,6
DA:156,6
DA:157,6
DA:158,7
DA:159,6
DA:161,20
DA:164,1
DA:165,18
DA:166,6
DA:167,3
DA:170,1
DA:175,70
DA:176,29
DA:178,39
DA:179,41
DA:180,42
DA:181,46
DA:183,57
DA:184,1
DA:188,64
DA:189,28
DA:191,3
DA:192,57
DA:193,1
DA:197,4
DA:198,8
DA:199,3
DA:203,1
DA:204,69
DA:205,29
DA:210,4
DA:211,58
DA:213,8
DA:214,8
DA:215,8
DA:217,64
DA:218,29
DA:220,3
DA:221,47
DA:222,1
DA:227,63
DA:228,5
DA:232,4
DA:233,29
DA:234,4
DA:235,5
DA:236,5
DA:240,6
DA:245,3
DA:246,65
DA:247,28
DA:253,4
DA:254,18
DA:256,8
DA:257,30
DA:258,8
DA:259,30
DA:260,5
DA:261,30
DA:265,1
DA:266,69
DA:267,29
DA:269,4
DA:270,63
DA:272,64
DA:273,28
DA:275,3
DA:276,16
DA:277,56
DA:279,64
DA:280,28
DA:282,3
DA:283,24
DA:284,41
DA:286,4
DA:287,8
DA:289,92
DA:290,17
DA:293,4
DA:294,10
DA:295,9
DA:296,5
DA:297,5
DA:298,5
DA:303,7
DA:309,4
DA:310,70
DA:311,34
DA:312,1
DA:313,2
DA:314,34
DA:315,58
DA:318,4
DA:319,21
DA:320,8
DA:321,30
DA:322,5
DA:323,30
DA:327,1
DA:328,8
DA:329,8
DA:330,4
DA:331,29
DA:332,4
DA:333,9
DA:334,4
DA:335,4
DA:336,4
DA:337,6
DA:338,5
DA:342,2
DA:348,65
DA:349,28
DA:355,4
DA:356,32
DA:357,1
DA:360,9
DA:361,37
DA:362,8
DA:363,17
DA:364,9
DA:365,5
DA:366,39
DA:367,8
DA:368,18
DA:369,8
DA:373,1
DA:374,7
DA:375,7
DA:377,7
DA:378,7
DA:380,4
DA:381,20
DA:382,8
DA:383,5
DA:384,2
DA:388,5
DA:392,2
DA:393,69
DA:394,29
DA:396,4
DA:397,24
DA:398,1
DA:399,9
DA:400,18
DA:401,5
DA:402,18
DA:406,2
DA:407,69
DA:408,29
DA:410,4
DA:411,20
DA:412,9
DA:413,31
DA:414,5
DA:415,33
DA:419,1
DA:420,6
DA:421,6
DA:422,6
DA:424,69
DA:425,21
DA:427,4
DA:428,16
DA:429,22
DA:431,63
DA:432,35
DA:434,3
DA:435,23
DA:436,30
DA:438,4
DA:439,6
DA:440,6
DA:441,6
DA:442,6
DA:443,7
DA:444,2
DA:448,7
DA:449,69
DA:450,29
DA:455,4
DA:456,18
DA:457,8
DA:458,18
DA:459,8
DA:460,18
DA:461,5
DA:462,18
DA:466,2
DA:467,7
DA:468,20
DA:469,45
DA:470,19
DA:471,2
DA:476,20
DA:479,3
DA:483,3
DA:485,16
DA:486,13
DA:487,2
DA:488,2
DA:489,2
DA:490,60
DA:491,1
DA:493,10
DA:494,2
DA:495,2
DA:496,2
DA:497,16
DA:503,3
DA:509,1
DA:510,1
DA:511,8
DA:512,28
DA:513,8
DA:514,28
DA:515,6
DA:516,28
DA:518,14
DA:521,1
DA:522,70
DA:523,29
DA:525,4
DA:526,38
DA:528,63
DA:529,19
DA:531,3
DA:532,34
DA:533,1
DA:536,16
DA:537,9
DA:538,8
DA:540,4
DA:541,7
DA:548,1
DA:549,68
DA:550,29
DA:552,4
DA:553,21
DA:554,34
DA:556,63
DA:557,28
DA:559,3
DA:560,11
DA:561,3
DA:562,3
DA:563,3
DA:564,15
DA:565,28
DA:566,9
DA:568,8
DA:570,4
DA:571,7
DA:578,1
DA:579,7
DA:580,6
DA:582,21
DA:583,44
DA:584,16
DA:585,3
DA:586,3
DA:587,3
DA:588,3
DA:589,3
DA:590,7
DA:592,8
DA:593,17
DA:595,12
DA:596,18
DA:598,14
DA:600,11
DA:601,4
DA:602,23
DA:603,4
DA:614,15
DA:617,26
DA:618,9
DA:620,26
DA:621,40
DA:624,4
DA:627,24
DA:634,65
DA:635,29
DA:637,4
DA:638,16
DA:640,24
DA:641,69
DA:642,38
DA:643,3
DA:644,1
DA:645,1
DA:648,3
DA:649,22
DA:650,1
DA:654,6
DA:655,8
DA:656,15
DA:659,64
DA:660,35
DA:662,3
DA:663,16
DA:665,8
DA:677,0
DA:678,0
DA:682,0
DA:683,0
end_of_record

SF:/Users/vladimirdzotov/Dropbox/do/GA/synthetix/synthetix-perps-minimal/markets/perps-market/contracts/fuzzing/helper/FuzzStorageVariables.sol
DA:39,0
DA:47,0
DA:56,34
DA:96,0
end_of_record

SF:/Users/vladimirdzotov/Dropbox/do/GA/synthetix/synthetix-perps-minimal/markets/perps-market/contracts/fuzzing/helper/logicalCoverage/GlobalCoverage.sol
DA:5,0
DA:6,1
DA:14,5
DA:15,5
DA:16,5
DA:17,6
DA:18,4
DA:21,1
DA:22,6
DA:23,31
DA:24,6
DA:25,0
DA:26,6
DA:27,0
DA:28,6
DA:29,16
DA:31,16
DA:35,1
DA:36,6
DA:37,16
DA:38,6
DA:39,16
DA:40,6
DA:41,0
DA:42,6
DA:43,0
DA:45,16
DA:49,1
DA:50,6
DA:51,16
DA:52,6
DA:53,16
DA:54,6
DA:55,0
DA:56,6
DA:57,16
DA:59,16
DA:63,1
DA:67,8
DA:68,46
DA:69,6
DA:70,16
DA:71,6
DA:72,16
DA:73,7
DA:74,0
DA:76,45
DA:79,8
DA:80,46
DA:81,7
DA:82,16
DA:84,0
DA:87,9
DA:88,6
DA:89,41
DA:90,10
DA:91,16
DA:92,10
DA:93,0
DA:95,16
DA:99,1
DA:100,8
DA:101,16
DA:102,9
DA:103,8
DA:104,16
DA:105,8
DA:106,0
DA:108,16
DA:111,7
DA:112,16
DA:113,7
DA:114,16
DA:116,16
DA:120,1
DA:127,8
DA:128,46
DA:129,6
DA:130,0
DA:131,7
DA:132,0
DA:134,45
DA:138,8
DA:139,46
DA:140,6
DA:142,16
DA:143,6
DA:144,16
DA:145,7
DA:146,0
DA:148,45
DA:152,8
DA:153,46
DA:154,6
DA:155,16
DA:156,7
DA:157,16
DA:159,45
DA:163,8
DA:164,46
DA:165,6
DA:166,0
DA:167,7
DA:168,0
DA:170,45
DA:174,7
DA:175,16
DA:176,7
DA:177,16
DA:179,16
DA:183,1
DA:190,9
DA:191,46
DA:192,6
DA:193,16
DA:194,6
DA:195,16
DA:196,7
DA:197,16
DA:199,45
DA:203,8
DA:204,46
DA:205,6
DA:206,0
DA:207,7
DA:208,16
DA:210,45
DA:214,8
DA:215,46
DA:216,6
DA:217,0
DA:218,7
DA:219,16
DA:221,45
DA:225,7
DA:226,46
DA:227,0
DA:228,0
DA:229,1
DA:230,0
DA:232,0
DA:236,7
DA:237,16
DA:238,7
DA:239,0
DA:241,16
DA:245,1
DA:250,8
DA:251,46
DA:252,7
DA:253,6
DA:254,16
DA:255,6
DA:256,16
DA:258,16
DA:261,5
DA:262,0
DA:263,6
DA:264,0
DA:266,45
DA:271,8
DA:272,46
DA:273,6
DA:274,16
DA:275,7
DA:276,16
DA:278,45
DA:282,11
DA:283,16
DA:285,17
DA:289,3
DA:290,12
end_of_record

SF:/Users/vladimirdzotov/Dropbox/do/GA/synthetix/synthetix-perps-minimal/markets/perps-market/contracts/fuzzing/helper/logicalCoverage/LiquidationCoverage.sol
DA:5,0
DA:6,1
DA:10,12
DA:11,0
DA:12,5
DA:13,16
DA:14,5
DA:15,0
DA:17,16
DA:21,1
DA:22,9
DA:23,46
DA:24,7
DA:25,16
DA:26,6
DA:27,16
DA:28,1
DA:29,0
DA:31,0
DA:34,20
DA:35,22
DA:36,46
DA:37,20
DA:38,16
DA:39,20
DA:40,16
DA:42,0
DA:47,6
DA:54,8
DA:55,46
DA:56,17
DA:57,16
DA:58,17
DA:59,0
DA:60,18
DA:61,0
DA:63,45
DA:67,8
DA:68,46
DA:69,17
DA:70,16
DA:71,17
DA:72,0
DA:73,18
DA:74,0
DA:76,45
DA:80,8
DA:81,46
DA:82,17
DA:83,16
DA:84,17
DA:85,0
DA:86,18
DA:87,16
DA:89,45
DA:93,8
DA:94,46
DA:95,17
DA:96,16
DA:97,17
DA:98,0
DA:99,17
DA:100,0
DA:101,18
DA:102,16
DA:104,45
DA:108,27
DA:109,31
DA:110,16
DA:111,16
DA:112,16
DA:113,16
DA:114,16
DA:115,16
DA:116,5
DA:117,16
DA:118,5
DA:119,16
DA:120,6
DA:121,16
DA:123,45
DA:127,18
DA:128,46
DA:129,16
DA:130,16
DA:131,16
DA:132,16
DA:134,46
end_of_record

SF:/Users/vladimirdzotov/Dropbox/do/GA/synthetix/synthetix-perps-minimal/markets/perps-market/contracts/fuzzing/helper/logicalCoverage/MarketCoverage.sol
DA:5,0
DA:6,1
DA:12,6
DA:14,6
DA:17,3
DA:18,1
DA:19,1
DA:20,1
DA:21,1
DA:25,1
DA:27,8
DA:28,46
DA:29,6
DA:30,0
DA:31,5
DA:32,16
DA:33,1
DA:34,0
DA:36,0
DA:40,7
DA:41,16
DA:42,7
DA:43,16
DA:44,7
DA:45,16
DA:46,6
DA:47,16
DA:49,0
DA:53,1
DA:55,8
DA:56,46
DA:57,6
DA:58,0
DA:59,5
DA:60,16
DA:61,1
DA:62,0
DA:64,0
DA:68,7
DA:69,16
DA:70,7
DA:71,16
DA:72,7
DA:73,16
DA:74,6
DA:75,16
DA:77,0
DA:81,1
DA:88,9
DA:89,31
DA:90,8
DA:91,16
DA:93,45
DA:97,11
DA:98,46
DA:99,10
DA:100,16
DA:102,45
DA:106,13
DA:107,8
DA:108,46
DA:109,6
DA:110,16
DA:111,5
DA:112,16
DA:114,0
end_of_record

SF:/Users/vladimirdzotov/Dropbox/do/GA/synthetix/synthetix-perps-minimal/markets/perps-market/contracts/fuzzing/helper/logicalCoverage/OrderCoverage.sol
DA:5,0
DA:6,1
DA:15,9
DA:16,46
DA:17,19
DA:18,16
DA:19,19
DA:20,16
DA:21,20
DA:22,16
DA:24,45
DA:28,10
DA:29,46
DA:30,9
DA:31,8
DA:32,16
DA:33,8
DA:34,0
DA:36,16
DA:39,7
DA:40,0
DA:41,8
DA:42,0
DA:44,45
DA:49,8
DA:50,45
DA:52,45
DA:56,8
DA:57,31
DA:58,17
DA:59,16
DA:60,18
DA:61,16
DA:63,45
DA:67,8
DA:68,31
DA:69,17
DA:70,16
DA:71,18
DA:72,16
DA:74,45
DA:78,6
DA:79,0
DA:80,17
DA:81,0
DA:82,17
DA:83,0
DA:84,18
DA:85,0
DA:87,45
DA:91,21
DA:92,46
DA:93,17
DA:94,16
DA:95,19
DA:96,0
DA:97,17
DA:98,16
DA:99,20
DA:100,16
DA:102,45
DA:106,15
DA:107,9
DA:108,46
DA:109,7
DA:110,16
DA:112,16
end_of_record

SF:/Users/vladimirdzotov/Dropbox/do/GA/synthetix/synthetix-perps-minimal/markets/perps-market/contracts/fuzzing/helper/logicalCoverage/PositionCoverage.sol
DA:5,0
DA:6,1
DA:17,4
DA:18,1
DA:19,1
DA:20,1
DA:21,1
DA:25,4
DA:26,1
DA:27,1
DA:28,1
DA:29,1
DA:33,3
DA:34,1
DA:35,1
DA:36,1
DA:37,1
DA:38,1
DA:39,1
DA:43,1
DA:50,10
DA:51,46
DA:52,9
DA:53,8
DA:54,16
DA:55,8
DA:56,0
DA:57,8
DA:58,0
DA:59,8
DA:60,0
DA:62,16
DA:65,7
DA:66,0
DA:67,7
DA:68,0
DA:69,7
DA:70,0
DA:71,8
DA:72,0
DA:74,45
DA:79,8
DA:80,46
DA:81,7
DA:82,6
DA:83,16
DA:84,6
DA:85,0
DA:86,6
DA:87,0
DA:88,6
DA:89,16
DA:91,16
DA:94,5
DA:95,16
DA:96,5
DA:97,0
DA:98,5
DA:99,0
DA:100,6
DA:101,16
DA:103,45
DA:108,7
DA:109,46
DA:110,0
DA:111,0
DA:112,0
DA:113,0
DA:114,0
DA:115,0
DA:116,0
DA:118,0
DA:121,0
DA:122,0
DA:123,0
DA:124,0
DA:125,1
DA:126,0
DA:128,0
DA:133,5
DA:134,16
DA:135,0
DA:136,0
DA:137,0
DA:138,0
DA:139,0
DA:140,0
DA:141,0
DA:142,0
DA:144,0
DA:148,1
DA:155,10
DA:156,46
DA:157,9
DA:158,8
DA:159,16
DA:160,8
DA:161,31
DA:162,8
DA:163,0
DA:164,8
DA:165,16
DA:167,16
DA:170,7
DA:171,0
DA:172,7
DA:173,0
DA:174,7
DA:175,0
DA:176,8
DA:177,0
DA:179,45
DA:184,8
DA:185,46
DA:186,7
DA:187,6
DA:188,0
DA:189,6
DA:190,31
DA:191,6
DA:192,16
DA:193,6
DA:194,16
DA:196,16
DA:199,5
DA:200,16
DA:201,5
DA:202,0
DA:203,5
DA:204,16
DA:205,6
DA:206,16
DA:208,45
DA:213,7
DA:214,46
DA:215,0
DA:216,0
DA:217,0
DA:218,0
DA:219,0
DA:220,0
DA:221,0
DA:223,0
DA:226,0
DA:227,0
DA:228,0
DA:229,0
DA:230,1
DA:231,0
DA:233,0
DA:238,5
DA:239,16
DA:240,0
DA:241,0
DA:242,0
DA:243,0
DA:244,0
DA:245,0
DA:246,0
DA:247,0
DA:249,0
DA:253,1
DA:260,0
DA:261,24
DA:262,45
DA:263,4
DA:264,20
DA:265,16
DA:267,46
DA:269,16
DA:271,8
DA:272,16
DA:273,9
DA:274,16
DA:276,45
DA:280,9
DA:281,9
DA:282,45
DA:283,16
DA:284,46
DA:286,16
DA:288,8
DA:289,45
DA:290,16
DA:291,16
DA:293,16
DA:296,45
DA:301,9
DA:302,7
DA:303,46
DA:305,0
DA:306,0
DA:307,0
DA:308,0
DA:309,0
DA:311,0
DA:314,0
DA:315,0
DA:316,0
DA:317,0
DA:318,0
DA:319,0
DA:320,0
DA:321,0
DA:323,0
DA:326,0
DA:327,0
DA:328,1
DA:329,0
DA:331,0
DA:336,21
DA:337,21
DA:338,46
DA:339,20
DA:340,16
DA:342,45
DA:347,13
DA:348,9
DA:349,46
DA:350,8
DA:351,16
DA:353,45
DA:358,29
DA:359,46
DA:360,20
DA:361,14
DA:362,16
DA:363,12
DA:364,0
DA:365,14
DA:366,16
DA:367,12
DA:368,0
DA:369,15
DA:370,0
DA:372,16
DA:375,0
DA:380,2
DA:381,12
end_of_record

SF:/Users/vladimirdzotov/Dropbox/do/GA/synthetix/synthetix-perps-minimal/markets/perps-market/contracts/fuzzing/helper/postconditions/PostconditionsAdmin.sol
DA:8,7
DA:9,4
DA:10,10
DA:12,7
DA:15,6
DA:16,3
DA:17,60
DA:18,8
DA:19,19
DA:22,19
DA:24,45
DA:29,6
DA:30,12
DA:32,8
DA:35,6
DA:36,3
DA:37,60
DA:38,8
DA:39,19
DA:42,19
DA:44,41
DA:45,47
end_of_record

SF:/Users/vladimirdzotov/Dropbox/do/GA/synthetix/synthetix-perps-minimal/markets/perps-market/contracts/fuzzing/helper/postconditions/PostconditionsBase.sol
DA:7,1
DA:8,46
DA:9,4
end_of_record

SF:/Users/vladimirdzotov/Dropbox/do/GA/synthetix/synthetix-perps-minimal/markets/perps-market/contracts/fuzzing/helper/postconditions/PostconditionsLiquidationModule.sol
DA:7,8
DA:15,4
DA:16,5
DA:17,4
DA:20,5
DA:21,5
DA:22,6
DA:28,0
DA:35,2
DA:36,1
DA:37,6
DA:43,1
DA:49,7
DA:50,5
DA:51,22
DA:52,20
DA:55,1
DA:59,1
DA:65,4
DA:66,5
DA:67,20
DA:68,11
end_of_record

SF:/Users/vladimirdzotov/Dropbox/do/GA/synthetix/synthetix-perps-minimal/markets/perps-market/contracts/fuzzing/helper/postconditions/PostconditionsOrderModule.sol
DA:7,1
DA:14,4
DA:15,5
DA:16,5
DA:17,5
DA:18,5
DA:26,1
DA:34,4
DA:35,5
DA:37,5
DA:38,5
DA:43,20
DA:48,5
DA:51,5
DA:53,5
DA:59,1
DA:66,4
DA:67,5
DA:68,10
DA:70,19
DA:74,0
end_of_record

SF:/Users/vladimirdzotov/Dropbox/do/GA/synthetix/synthetix-perps-minimal/markets/perps-market/contracts/fuzzing/helper/postconditions/PostconditionsPerpsAccountModule.sol
DA:8,1
DA:15,0
DA:16,22
DA:17,1
DA:18,11
DA:19,1
DA:20,1
DA:22,7
DA:23,12
DA:24,5
DA:25,12
DA:27,6
DA:28,5
DA:29,6
DA:31,12
DA:32,5
DA:33,5
DA:34,6
DA:35,6
DA:36,6
DA:37,12
DA:41,6
DA:42,12
DA:44,1
DA:48,1
DA:54,4
DA:55,5
DA:57,5
end_of_record

SF:/Users/vladimirdzotov/Dropbox/do/GA/synthetix/synthetix-perps-minimal/markets/perps-market/contracts/fuzzing/helper/preconditions/PreconditionsAdmin.sol
DA:11,7
DA:12,64
DA:13,8
DA:15,5
DA:16,1
DA:18,4
DA:22,7
DA:23,65
DA:24,1
DA:25,70
DA:26,1
DA:28,10
DA:33,7
DA:36,5
DA:38,7
DA:40,64
DA:42,17
DA:44,19
DA:47,7
DA:48,3
DA:51,7
DA:52,1
DA:55,70
DA:58,3
DA:61,61
DA:66,18
DA:68,19
DA:71,7
DA:72,3
DA:75,7
DA:76,0
DA:79,63
DA:81,40
DA:83,17
DA:86,3
DA:89,62
DA:90,14
DA:92,18
DA:94,19
DA:97,7
DA:98,3
DA:101,7
DA:102,0
DA:105,63
DA:107,40
DA:109,17
DA:112,3
DA:113,61
DA:115,19
DA:117,12
DA:119,17
DA:122,3
DA:123,62
DA:128,3
DA:129,15
DA:131,18
DA:138,3
DA:139,61
DA:141,19
DA:143,12
DA:145,17
DA:148,3
DA:149,62
DA:154,3
DA:155,15
DA:157,18
DA:163,7
DA:168,5
DA:170,64
DA:171,6
DA:172,19
end_of_record

SF:/Users/vladimirdzotov/Dropbox/do/GA/synthetix/synthetix-perps-minimal/markets/perps-market/contracts/fuzzing/helper/preconditions/PreconditionsBase.sol
DA:20,70
DA:22,245
DA:24,308
DA:25,329
DA:26,315
end_of_record

SF:/Users/vladimirdzotov/Dropbox/do/GA/synthetix/synthetix-perps-minimal/markets/perps-market/contracts/fuzzing/helper/preconditions/PreconditionsLiquidationModule.sol
DA:22,3
DA:26,1
DA:27,1
DA:29,26
DA:30,22
DA:32,69
DA:33,29
DA:38,4
DA:40,18
DA:42,5
DA:43,3
DA:44,5
DA:47,14
DA:48,9
DA:53,15
DA:54,16
DA:59,1
DA:63,1
DA:64,25
DA:65,23
DA:67,69
DA:68,29
DA:73,4
DA:75,18
DA:77,5
DA:78,0
DA:79,0
DA:82,14
DA:83,9
DA:88,0
DA:89,0
DA:94,3
DA:97,72
DA:98,2
DA:100,7
DA:102,1
DA:103,48
DA:105,27
DA:106,22
DA:108,69
DA:109,29
DA:114,4
DA:116,18
DA:118,5
DA:119,21
DA:120,9
DA:124,14
DA:126,43
DA:127,1
DA:129,20
DA:130,34
DA:133,1
DA:134,22
DA:136,57
end_of_record

SF:/Users/vladimirdzotov/Dropbox/do/GA/synthetix/synthetix-perps-minimal/markets/perps-market/contracts/fuzzing/helper/preconditions/PreconditionsOrderModule.sol
DA:29,9
DA:35,21
DA:37,1
DA:38,21
DA:39,25
DA:40,21
DA:42,21
DA:44,22
DA:46,24
DA:48,20
DA:49,21
DA:51,22
DA:52,22
DA:54,3
DA:55,62
DA:56,1
DA:57,14
DA:58,10
DA:61,23
DA:63,21
DA:64,21
DA:66,21
DA:67,21
DA:69,7
DA:70,49
DA:74,63
DA:75,2
DA:76,12
DA:77,10
DA:80,1
DA:81,1
DA:82,1
DA:83,1
DA:88,3
DA:89,27
DA:90,31
DA:91,16
DA:93,63
DA:94,27
DA:96,4
DA:98,18
DA:99,6
DA:100,20
DA:104,8
DA:107,3
DA:110,40
DA:111,13
DA:112,21
DA:114,1
DA:115,19
DA:116,40
end_of_record

SF:/Users/vladimirdzotov/Dropbox/do/GA/synthetix/synthetix-perps-minimal/markets/perps-market/contracts/fuzzing/helper/preconditions/PreconditionsPerpsAccountModule.sol
DA:21,7
DA:25,7
DA:26,18
DA:28,21
DA:30,2
DA:31,15
DA:32,15
DA:33,13
DA:35,1
DA:36,44
DA:41,73
DA:45,3
DA:46,16
DA:47,21
DA:49,29
end_of_record

SF:/Users/vladimirdzotov/Dropbox/do/GA/synthetix/synthetix-perps-minimal/markets/perps-market/contracts/fuzzing/mocks/MockERC20.sol
DA:5,76
DA:8,0
DA:9,0
DA:12,0
DA:13,0
DA:16,19
DA:17,6
DA:20,11
DA:21,5
end_of_record

SF:/Users/vladimirdzotov/Dropbox/do/GA/synthetix/synthetix-perps-minimal/markets/perps-market/contracts/fuzzing/mocks/MockLensModule.sol
DA:9,34
DA:12,18
DA:13,8
DA:14,26
DA:15,27
DA:16,10
DA:17,31
DA:18,5
DA:19,8
DA:21,5
DA:24,2
DA:27,27
DA:28,107
DA:31,6
DA:34,0
DA:35,0
DA:36,0
DA:37,0
DA:40,8
DA:45,0
DA:46,0
end_of_record

SF:/Users/vladimirdzotov/Dropbox/do/GA/synthetix/synthetix-perps-minimal/markets/perps-market/contracts/fuzzing/mocks/MockModule.sol
DA:7,0
DA:8,0
DA:9,0
DA:12,0
DA:13,0
DA:14,0
end_of_record

SF:/Users/vladimirdzotov/Dropbox/do/GA/synthetix/synthetix-perps-minimal/markets/perps-market/contracts/fuzzing/mocks/MockOracleManager.sol
DA:14,44
DA:16,36
DA:18,0
DA:20,0
DA:21,0
DA:22,0
DA:23,0
DA:24,0
DA:25,0
DA:27,0
DA:31,5
DA:32,2
DA:35,11
DA:36,13
DA:39,28
DA:40,56
DA:43,12
DA:47,2
DA:48,56
end_of_record

SF:/Users/vladimirdzotov/Dropbox/do/GA/synthetix/synthetix-perps-minimal/markets/perps-market/contracts/fuzzing/mocks/MockPyth.sol
DA:4,27
DA:32,2
DA:38,0
DA:39,0
DA:40,0
DA:41,0
DA:42,0
DA:43,0
DA:44,0
DA:45,0
DA:47,0
DA:48,0
DA:49,0
DA:50,0
DA:51,0
DA:55,0
DA:58,0
DA:59,0
DA:62,18
DA:63,52
DA:64,33
DA:67,0
DA:72,0
DA:73,0
DA:75,0
DA:78,0
DA:79,0
end_of_record

SF:/Users/vladimirdzotov/Dropbox/do/GA/synthetix/synthetix-perps-minimal/markets/perps-market/contracts/fuzzing/mocks/MockRewardDistributor.sol
DA:9,0
DA:11,0
DA:12,0
DA:13,0
DA:14,0
DA:15,0
DA:16,0
DA:19,0
DA:20,0
DA:23,0
DA:24,0
DA:27,0
DA:37,0
DA:43,0
DA:44,0
DA:47,0
DA:53,0
DA:55,0
DA:59,0
DA:60,0
DA:61,0
DA:63,0
DA:64,0
DA:65,0
DA:68,0
DA:71,0
DA:80,0
DA:81,0
DA:84,0
DA:85,0
DA:86,0
DA:87,0
end_of_record

SF:/Users/vladimirdzotov/Dropbox/do/GA/synthetix/synthetix-perps-minimal/markets/perps-market/contracts/fuzzing/mocks/MockRouter.sol
DA:4,18
DA:12,0
DA:13,0
DA:14,0
DA:15,0
DA:16,0
DA:22,4
DA:23,14
DA:25,3
DA:26,0
DA:31,4
DA:33,7
DA:34,4
DA:36,1
DA:37,5
DA:38,3
DA:41,3
end_of_record

SF:/Users/vladimirdzotov/Dropbox/do/GA/synthetix/synthetix-perps-minimal/markets/perps-market/contracts/fuzzing/mocks/MockSpotMarket.sol
DA:8,44
DA:36,0
DA:46,0
DA:47,0
DA:48,0
DA:49,0
DA:51,0
DA:52,0
DA:54,0
DA:55,0
DA:58,0
DA:60,0
DA:64,0
DA:65,0
DA:68,0
DA:69,0
DA:73,24
DA:74,13
DA:77,23
DA:78,13
DA:79,3
DA:81,13
DA:82,3
DA:86,17
DA:90,1
DA:91,1
DA:93,8
DA:95,8
DA:97,9
DA:98,4
DA:99,7
DA:100,4
DA:103,64
DA:108,4
DA:110,1
DA:111,7
DA:112,0
DA:114,10
end_of_record

SF:/Users/vladimirdzotov/Dropbox/do/GA/synthetix/synthetix-perps-minimal/markets/perps-market/contracts/fuzzing/mocks/MockSynthetixV3.sol
DA:19,133
DA:21,0
DA:22,0
DA:23,0
DA:24,0
DA:25,6
DA:27,0
DA:28,0
DA:33,5
DA:38,0
DA:39,0
DA:42,0
DA:43,0
DA:44,0
DA:45,0
DA:46,0
DA:50,0
DA:51,0
DA:54,15
DA:56,9
DA:57,21
DA:58,22
DA:60,62
DA:61,21
DA:63,62
DA:64,21
DA:66,22
DA:67,23
DA:68,5
DA:70,21
DA:71,23
DA:72,5
DA:74,62
DA:75,24
DA:77,62
DA:78,24
DA:80,3
DA:81,21
DA:83,20
DA:84,21
DA:86,20
DA:87,21
DA:89,21
DA:94,0
DA:97,0
DA:98,0
DA:101,0
DA:108,0
DA:114,0
DA:115,0
DA:116,0
DA:117,0
DA:118,0
DA:119,0
DA:122,14
DA:123,0
DA:129,2
DA:130,0
DA:131,0
DA:134,0
DA:135,0
DA:136,0
DA:139,0
DA:140,0
DA:141,0
DA:144,0
DA:145,0
DA:148,0
DA:149,0
DA:152,0
DA:153,0
DA:156,0
DA:160,0
DA:161,0
DA:164,14
DA:165,6
DA:166,0
DA:168,15
DA:175,13
DA:176,54
DA:179,11
DA:180,17
DA:183,17
DA:187,2
DA:188,46
DA:189,57
DA:192,32
DA:193,37
DA:194,32
DA:196,14
DA:199,11
DA:203,2
DA:204,39
DA:205,57
DA:209,33
DA:210,0
DA:211,0
DA:214,28
DA:221,15
DA:228,29
DA:231,29
DA:232,33
DA:235,56
DA:240,15
DA:246,29
DA:252,65
DA:253,13
end_of_record

SF:/Users/vladimirdzotov/Dropbox/do/GA/synthetix/synthetix-perps-minimal/markets/perps-market/contracts/fuzzing/mocks/MockVaultModule.sol
DA:8,24
DA:13,0
DA:14,0
DA:15,0
DA:18,0
DA:21,0
DA:24,20
DA:31,2
DA:32,69
DA:33,8
DA:35,1
DA:37,8
DA:38,0
DA:39,0
DA:40,3
DA:42,69
DA:43,29
DA:45,4
DA:46,18
DA:47,22
DA:49,1
DA:51,21
DA:53,3
DA:54,43
end_of_record

SF:/Users/vladimirdzotov/Dropbox/do/GA/synthetix/synthetix-perps-minimal/markets/perps-market/contracts/fuzzing/properties/Properties.sol
end_of_record

SF:/Users/vladimirdzotov/Dropbox/do/GA/synthetix/synthetix-perps-minimal/markets/perps-market/contracts/fuzzing/properties/PropertiesBase.sol
end_of_record

SF:/Users/vladimirdzotov/Dropbox/do/GA/synthetix/synthetix-perps-minimal/markets/perps-market/contracts/fuzzing/properties/PropertiesDescriptions.sol
DA:3,0
end_of_record

SF:/Users/vladimirdzotov/Dropbox/do/GA/synthetix/synthetix-perps-minimal/markets/perps-market/contracts/fuzzing/properties/Properties_LIQ.sol
DA:8,1
DA:9,42
DA:10,92
DA:11,65
DA:16,1
DA:17,21
DA:19,7
DA:21,21
DA:23,7
DA:26,21
DA:28,7
DA:30,21
DA:32,7
DA:34,8
DA:35,8
DA:36,7
DA:37,1
DA:39,23
DA:40,21
DA:43,14
DA:44,60
DA:45,13
DA:46,8
DA:52,4
DA:53,13
DA:54,43
DA:55,5
DA:56,4
DA:60,0
DA:61,0
DA:62,0
DA:69,4
DA:70,10
DA:71,13
DA:72,6
DA:73,4
DA:77,0
DA:78,0
DA:79,0
DA:95,1
DA:96,3
DA:97,22
DA:98,0
DA:100,0
DA:106,1
DA:107,3
DA:108,22
DA:109,0
DA:111,0
DA:112,0
DA:114,0
DA:115,0
DA:116,0
DA:118,0
end_of_record

SF:/Users/vladimirdzotov/Dropbox/do/GA/synthetix/synthetix-perps-minimal/markets/perps-market/contracts/fuzzing/properties/Properties_MGN.sol
DA:7,1
DA:8,66
DA:13,1
DA:14,26
DA:15,20
DA:16,18
DA:17,17
DA:21,1
DA:23,18
DA:24,0
DA:28,1
DA:29,19
DA:30,27
DA:31,5
DA:32,12
DA:33,17
DA:39,1
DA:40,19
DA:41,27
DA:42,5
DA:43,12
DA:44,17
DA:48,1
DA:49,19
DA:50,9
DA:51,5
DA:52,11
DA:86,1
DA:88,6
DA:89,58
DA:90,16
DA:91,20
DA:92,18
DA:95,6
DA:96,58
DA:97,16
DA:98,20
DA:99,18
DA:102,5
DA:103,26
DA:104,0
DA:105,0
DA:106,0
end_of_record

SF:/Users/vladimirdzotov/Dropbox/do/GA/synthetix/synthetix-perps-minimal/markets/perps-market/contracts/fuzzing/properties/Properties_ORD.sol
DA:9,1
DA:10,81
DA:13,1
DA:14,69
DA:17,1
DA:18,66
DA:21,1
DA:22,27
DA:23,19
DA:24,10
DA:25,18
DA:29,1
DA:30,27
DA:31,19
DA:32,10
DA:33,18
DA:71,1
DA:73,2
DA:74,10
DA:75,19
DA:77,54
DA:78,19
DA:79,10
DA:80,18
DA:82,27
DA:83,17
DA:84,9
DA:85,19
DA:145,1
DA:146,68
DA:161,1
DA:162,66
end_of_record

SF:/Users/vladimirdzotov/Dropbox/do/GA/synthetix/synthetix-perps-minimal/markets/perps-market/contracts/fuzzing/util/CheckCaller.sol
DA:4,0
DA:5,0
DA:6,0
DA:7,0
DA:9,0
end_of_record

SF:/Users/vladimirdzotov/Dropbox/do/GA/synthetix/synthetix-perps-minimal/markets/perps-market/contracts/fuzzing/util/FunctionCalls.sol
DA:8,0
DA:27,3
DA:31,4
DA:32,12
DA:34,41
DA:35,68
DA:36,28
DA:45,3
DA:48,4
DA:49,12
DA:51,41
DA:52,68
DA:53,36
DA:57,3
DA:65,2
DA:66,22
DA:67,1
DA:68,1
DA:69,1
DA:70,1
DA:71,1
DA:72,1
DA:73,1
DA:76,54
DA:86,40
DA:87,65
DA:88,27
DA:91,1
DA:94,4
DA:95,12
DA:97,41
DA:98,6
DA:99,6
DA:100,1
DA:106,1
DA:109,4
DA:110,12
DA:112,41
DA:113,6
DA:114,7
DA:118,1
DA:120,4
DA:121,11
DA:123,41
DA:124,6
DA:125,7
DA:129,0
DA:131,0
DA:132,0
DA:134,0
DA:135,0
DA:136,0
DA:140,3
DA:142,2
DA:143,14
DA:145,41
DA:146,64
DA:147,35
DA:148,1
DA:154,1
DA:156,2
DA:157,17
DA:159,41
DA:160,6
DA:161,8
DA:162,1
DA:163,2
end_of_record

SF:/Users/vladimirdzotov/Dropbox/do/GA/synthetix/synthetix-perps-minimal/markets/perps-market/contracts/fuzzing/util/FuzzConstants.sol
DA:8,0
DA:9,0
DA:10,0
DA:11,0
DA:12,0
DA:14,0
DA:15,0
DA:29,0
DA:30,0
DA:33,0
DA:34,0
DA:38,0
DA:44,0
DA:51,0
DA:52,0
DA:57,0
DA:58,0
DA:60,0
DA:62,0
DA:67,0
DA:68,0
DA:70,0
DA:89,0
DA:96,0
DA:100,0
DA:104,0
DA:108,5
DA:109,5
DA:116,0
DA:117,0
DA:118,0
DA:119,0
DA:122,0
DA:123,0
DA:124,0
DA:125,0
DA:126,0
DA:129,0
DA:130,0
DA:131,0
DA:132,0
DA:133,0
DA:136,0
DA:137,0
DA:142,0
DA:143,0
DA:150,28
DA:153,2
DA:154,2
DA:156,10
DA:159,2
DA:160,2
end_of_record

SF:/Users/vladimirdzotov/Dropbox/do/GA/synthetix/synthetix-perps-minimal/markets/perps-market/contracts/interfaces/IAccountEvents.sol
end_of_record

SF:/Users/vladimirdzotov/Dropbox/do/GA/synthetix/synthetix-perps-minimal/markets/perps-market/contracts/interfaces/IAsyncOrderCancelModule.sol
end_of_record

SF:/Users/vladimirdzotov/Dropbox/do/GA/synthetix/synthetix-perps-minimal/markets/perps-market/contracts/interfaces/IAsyncOrderModule.sol
end_of_record

SF:/Users/vladimirdzotov/Dropbox/do/GA/synthetix/synthetix-perps-minimal/markets/perps-market/contracts/interfaces/IAsyncOrderSettlementPythModule.sol
end_of_record

SF:/Users/vladimirdzotov/Dropbox/do/GA/synthetix/synthetix-perps-minimal/markets/perps-market/contracts/interfaces/ICollateralConfigurationModule.sol
end_of_record

SF:/Users/vladimirdzotov/Dropbox/do/GA/synthetix/synthetix-perps-minimal/markets/perps-market/contracts/interfaces/IDistributorErrors.sol
end_of_record

SF:/Users/vladimirdzotov/Dropbox/do/GA/synthetix/synthetix-perps-minimal/markets/perps-market/contracts/interfaces/IGlobalPerpsMarketModule.sol
end_of_record

SF:/Users/vladimirdzotov/Dropbox/do/GA/synthetix/synthetix-perps-minimal/markets/perps-market/contracts/interfaces/ILiquidationModule.sol
end_of_record

SF:/Users/vladimirdzotov/Dropbox/do/GA/synthetix/synthetix-perps-minimal/markets/perps-market/contracts/interfaces/IMarketConfigurationModule.sol
end_of_record

SF:/Users/vladimirdzotov/Dropbox/do/GA/synthetix/synthetix-perps-minimal/markets/perps-market/contracts/interfaces/IMarketEvents.sol
end_of_record

SF:/Users/vladimirdzotov/Dropbox/do/GA/synthetix/synthetix-perps-minimal/markets/perps-market/contracts/interfaces/IPerpsAccountModule.sol
end_of_record

SF:/Users/vladimirdzotov/Dropbox/do/GA/synthetix/synthetix-perps-minimal/markets/perps-market/contracts/interfaces/IPerpsMarketFactoryModule.sol
end_of_record

SF:/Users/vladimirdzotov/Dropbox/do/GA/synthetix/synthetix-perps-minimal/markets/perps-market/contracts/interfaces/IPerpsMarketModule.sol
end_of_record

SF:/Users/vladimirdzotov/Dropbox/do/GA/synthetix/synthetix-perps-minimal/markets/perps-market/contracts/interfaces/external/IFeeCollector.sol
end_of_record

SF:/Users/vladimirdzotov/Dropbox/do/GA/synthetix/synthetix-perps-minimal/markets/perps-market/contracts/interfaces/external/IPythERC7412Wrapper.sol
end_of_record

SF:/Users/vladimirdzotov/Dropbox/do/GA/synthetix/synthetix-perps-minimal/markets/perps-market/contracts/interfaces/external/ISpotMarketSystem.sol
end_of_record

SF:/Users/vladimirdzotov/Dropbox/do/GA/synthetix/synthetix-perps-minimal/markets/perps-market/contracts/interfaces/external/ISynthetixSystem.sol
end_of_record

SF:/Users/vladimirdzotov/Dropbox/do/GA/synthetix/synthetix-perps-minimal/markets/perps-market/contracts/mocks/MockGasPriceNode.sol
DA:6,0
DA:9,0
DA:10,0
DA:11,0
DA:13,0
DA:14,0
DA:15,0
DA:17,0
DA:19,0
DA:20,0
DA:21,0
DA:22,0
DA:26,0
DA:31,0
DA:32,0
DA:35,0
DA:36,0
DA:37,0
DA:38,0
DA:40,0
DA:41,0
DA:46,0
DA:47,0
DA:48,0
DA:49,0
DA:50,0
DA:51,0
DA:53,0
DA:56,0
DA:59,0
DA:61,0
DA:62,0
DA:65,0
DA:66,0
end_of_record

SF:/Users/vladimirdzotov/Dropbox/do/GA/synthetix/synthetix-perps-minimal/markets/perps-market/contracts/mocks/MockPythERC7412Wrapper.sol
DA:6,34
DA:9,0
DA:10,0
DA:15,0
DA:16,0
DA:19,12
DA:20,14
DA:21,41
DA:22,6
DA:25,2
DA:26,0
DA:29,23
DA:32,1
DA:33,10
DA:34,0
DA:37,12
end_of_record

SF:/Users/vladimirdzotov/Dropbox/do/GA/synthetix/synthetix-perps-minimal/markets/perps-market/contracts/modules/AsyncOrderCancelModule.sol
DA:22,24
DA:33,18
DA:34,4
DA:36,4
DA:37,1
DA:38,1
DA:39,5
DA:41,70
DA:43,4
DA:44,16
DA:47,11
DA:53,5
DA:57,1
DA:60,11
DA:61,4
DA:62,6
DA:63,5
DA:64,9
DA:67,10
DA:69,11
DA:71,9
DA:73,16
DA:74,13
DA:77,23
DA:80,10
DA:81,4
DA:82,4
DA:87,3
DA:90,20
DA:91,4
DA:92,4
DA:93,4
DA:94,4
DA:95,4
DA:96,4
DA:97,6
DA:98,4
end_of_record

SF:/Users/vladimirdzotov/Dropbox/do/GA/synthetix/synthetix-perps-minimal/markets/perps-market/contracts/modules/AsyncOrderModule.sol
DA:23,40
DA:31,22
DA:33,5
DA:34,4
DA:35,8
DA:38,9
DA:41,5
DA:42,4
DA:43,1
DA:46,13
DA:48,8
DA:49,8
DA:51,11
DA:54,10
DA:56,12
DA:57,2
DA:58,6
DA:59,9
DA:60,3
DA:61,2
DA:62,8
DA:66,6
DA:68,10
DA:69,1
DA:70,9
DA:73,33
DA:74,2
DA:75,4
DA:76,7
DA:77,6
DA:78,4
DA:79,3
DA:80,9
DA:81,12
DA:82,22
DA:83,6
DA:84,4
DA:87,105
DA:94,0
DA:96,0
DA:97,0
DA:103,0
DA:106,0
DA:107,0
DA:108,0
DA:109,0
DA:110,0
DA:117,25
DA:121,2
DA:122,11
DA:128,6
DA:131,0
DA:132,2
DA:133,1
DA:134,0
DA:138,0
DA:142,0
DA:144,0
DA:145,0
DA:146,0
DA:147,0
DA:148,0
DA:152,8
DA:157,0
DA:158,0
DA:161,0
DA:166,0
DA:167,0
DA:168,0
DA:171,0
DA:172,0
DA:173,0
DA:176,0
DA:178,0
DA:179,0
DA:180,0
DA:181,0
DA:182,0
DA:183,0
DA:184,0
DA:185,0
DA:186,0
DA:190,8
DA:194,4
DA:195,11
DA:196,7
DA:197,1
DA:199,6
DA:200,1
DA:201,4
DA:202,1
DA:203,1
DA:206,6
DA:207,1
DA:209,1
DA:210,1
end_of_record

SF:/Users/vladimirdzotov/Dropbox/do/GA/synthetix/synthetix-perps-minimal/markets/perps-market/contracts/modules/AsyncOrderSettlementPythModule.sol
DA:27,24
DA:46,18
DA:47,4
DA:49,4
DA:50,1
DA:51,1
DA:52,5
DA:54,70
DA:56,4
DA:57,16
DA:60,11
DA:66,5
DA:70,4
DA:71,4
DA:72,14
DA:73,4
DA:75,10
DA:77,1
DA:78,26
DA:79,2
DA:80,7
DA:82,11
DA:84,6
DA:85,11
DA:88,22
DA:89,4
DA:92,25
DA:93,8
DA:94,28
DA:97,18
DA:98,4
DA:99,4
DA:101,22
DA:103,21
DA:104,7
DA:105,1
DA:106,7
DA:107,7
DA:108,4
DA:109,7
DA:110,7
DA:111,7
DA:114,11
DA:116,3
DA:118,15
DA:121,19
DA:124,14
DA:125,5
DA:126,1
DA:130,3
DA:133,22
DA:136,13
DA:137,4
DA:138,4
DA:139,4
DA:140,4
DA:141,4
DA:142,4
DA:143,7
DA:144,4
DA:145,4
DA:146,4
DA:147,4
DA:148,6
DA:149,4
end_of_record

SF:/Users/vladimirdzotov/Dropbox/do/GA/synthetix/synthetix-perps-minimal/markets/perps-market/contracts/modules/CollateralConfigurationModule.sol
DA:18,0
DA:28,0
DA:34,0
DA:35,0
DA:36,0
DA:37,0
DA:39,0
DA:42,0
DA:43,0
DA:44,0
DA:47,0
DA:59,0
DA:61,0
DA:62,0
DA:68,0
DA:75,0
DA:76,0
DA:77,0
DA:78,0
DA:81,0
DA:87,0
DA:90,0
DA:91,0
DA:93,0
DA:95,0
DA:101,0
DA:105,0
DA:107,0
DA:113,0
DA:118,0
DA:119,0
DA:121,0
DA:122,0
DA:126,0
DA:127,0
DA:130,0
DA:133,0
DA:136,0
DA:138,0
DA:144,0
DA:145,0
DA:151,0
DA:157,0
DA:158,0
DA:159,0
DA:160,0
DA:162,0
DA:163,0
end_of_record

SF:/Users/vladimirdzotov/Dropbox/do/GA/synthetix/synthetix-perps-minimal/markets/perps-market/contracts/modules/CoreModule.sol
DA:11,0
end_of_record

SF:/Users/vladimirdzotov/Dropbox/do/GA/synthetix/synthetix-perps-minimal/markets/perps-market/contracts/modules/FeatureFlagModule.sol
DA:12,0
end_of_record

SF:/Users/vladimirdzotov/Dropbox/do/GA/synthetix/synthetix-perps-minimal/markets/perps-market/contracts/modules/GlobalPerpsMarketModule.sol
DA:23,56
DA:32,23
DA:36,1
DA:37,1
DA:38,7
DA:39,9
DA:45,0
DA:50,0
DA:51,0
DA:52,0
DA:53,0
DA:56,0
DA:57,0
DA:58,0
DA:59,0
DA:60,0
DA:62,0
DA:73,0
DA:78,0
DA:79,0
DA:80,0
DA:81,0
DA:84,0
DA:85,0
DA:86,0
DA:87,0
DA:88,0
DA:94,7
DA:98,1
DA:100,10
DA:106,12
DA:108,1
DA:109,23
DA:115,0
DA:116,0
DA:117,0
DA:118,0
DA:119,0
DA:121,0
DA:125,0
DA:126,0
DA:132,0
DA:133,0
DA:139,0
DA:140,0
DA:142,0
DA:144,0
DA:150,4
DA:151,0
DA:157,0
DA:158,0
DA:160,0
DA:161,0
DA:164,0
DA:165,0
DA:168,0
DA:170,0
DA:176,0
DA:178,0
DA:179,0
DA:185,0
DA:186,0
DA:192,0
DA:195,0
DA:196,0
DA:197,0
DA:198,0
DA:199,0
DA:201,0
DA:207,0
DA:211,0
DA:213,0
DA:214,0
DA:215,0
DA:221,0
DA:225,0
DA:226,0
DA:227,0
DA:229,0
DA:230,0
DA:236,0
DA:237,0
DA:238,0
DA:240,0
DA:250,0
DA:255,0
DA:256,0
DA:257,0
DA:260,0
DA:261,0
DA:262,0
DA:263,0
DA:269,0
DA:270,0
DA:272,0
end_of_record

SF:/Users/vladimirdzotov/Dropbox/do/GA/synthetix/synthetix-perps-minimal/markets/perps-market/contracts/modules/LiquidationModule.sol
DA:27,60
DA:41,29
DA:42,4
DA:44,7
DA:47,6
DA:48,17
DA:49,9
DA:50,4
DA:55,6
DA:57,9
DA:58,10
DA:60,15
DA:68,10
DA:70,0
DA:73,10
DA:77,0
DA:79,0
DA:80,0
DA:82,0
DA:84,0
DA:85,0
DA:88,0
DA:89,0
DA:91,0
DA:94,0
DA:95,0
DA:96,0
DA:97,0
DA:98,0
DA:101,0
DA:103,0
DA:105,0
DA:112,15
DA:114,3
DA:115,4
DA:117,8
DA:122,7
DA:123,1
DA:124,2
DA:127,23
DA:128,22
DA:129,14
DA:136,16
DA:138,2
DA:139,4
DA:141,7
DA:145,22
DA:146,26
DA:147,10
DA:148,3
DA:151,20
DA:158,0
DA:159,3
DA:165,14
DA:166,12
DA:167,1
DA:171,19
DA:173,1
DA:174,8
DA:175,9
DA:176,2
DA:178,7
DA:185,22
DA:192,1
DA:193,1
DA:194,1
DA:197,6
DA:198,10
DA:199,5
DA:217,8
DA:222,2
DA:224,7
DA:225,8
DA:227,8
DA:228,5
DA:229,7
DA:230,13
DA:231,5
DA:232,20
DA:233,11
DA:235,1
DA:238,12
DA:239,10
DA:244,11
DA:247,3
DA:248,6
DA:249,12
DA:252,23
DA:253,4
DA:254,14
DA:257,6
DA:258,7
DA:261,15
DA:263,11
DA:264,5
DA:265,5
DA:266,5
DA:267,5
DA:269,5
DA:270,4
DA:271,5
DA:274,17
DA:275,4
DA:276,4
DA:277,1
DA:278,1
DA:282,3
DA:283,6
DA:284,12
DA:287,12
DA:289,1
DA:291,11
DA:292,4
DA:293,0
DA:294,4
DA:297,4
DA:298,14
DA:299,1
DA:300,15
DA:301,6
DA:302,12
DA:303,4
DA:304,1
DA:306,16
DA:307,3
DA:308,2
DA:309,1
DA:311,1
DA:315,16
DA:316,2
DA:318,4
DA:325,1
DA:329,1
DA:330,11
DA:331,0
DA:334,12
DA:335,1
DA:336,1
DA:337,1
DA:339,4
DA:340,0
end_of_record

SF:/Users/vladimirdzotov/Dropbox/do/GA/synthetix/synthetix-perps-minimal/markets/perps-market/contracts/modules/MarketConfigurationModule.sol
DA:14,0
DA:21,0
DA:24,0
DA:25,0
DA:27,0
DA:28,0
DA:31,0
DA:33,0
DA:34,0
DA:36,0
DA:37,0
DA:43,0
DA:47,0
DA:48,0
DA:50,0
DA:51,0
DA:53,0
DA:54,0
DA:57,0
DA:58,0
DA:60,0
DA:66,0
DA:70,0
DA:71,0
DA:73,0
DA:74,0
DA:76,0
DA:77,0
DA:79,0
DA:85,0
DA:90,0
DA:91,0
DA:92,0
DA:93,0
DA:94,0
DA:100,0
DA:105,0
DA:107,0
DA:109,0
DA:115,0
DA:117,0
DA:118,0
DA:119,0
DA:120,0
DA:126,0
DA:127,0
DA:128,0
DA:129,0
DA:130,0
DA:136,0
DA:137,0
DA:138,0
DA:139,0
DA:140,0
DA:146,0
DA:150,0
DA:151,0
DA:152,0
DA:154,0
DA:155,0
DA:156,0
DA:162,0
DA:168,0
DA:169,0
DA:170,0
DA:172,0
DA:174,0
DA:175,0
DA:176,0
DA:178,0
DA:190,0
DA:197,0
DA:198,0
DA:199,0
DA:201,0
DA:202,0
DA:203,0
DA:204,0
DA:205,0
DA:207,0
DA:220,0
DA:221,0
DA:222,0
DA:223,0
DA:224,0
DA:230,0
DA:234,0
DA:240,0
DA:247,0
DA:248,0
DA:249,0
DA:250,0
DA:253,0
DA:255,0
DA:257,0
DA:258,0
DA:259,0
DA:265,0
DA:272,0
DA:273,0
DA:274,0
DA:275,0
DA:276,0
DA:279,0
DA:281,0
DA:282,0
DA:283,0
DA:284,0
DA:285,0
DA:291,0
DA:293,0
DA:294,0
DA:296,0
DA:297,0
DA:303,0
DA:305,0
DA:306,0
DA:308,0
DA:314,0
DA:316,0
DA:317,0
DA:319,0
DA:325,0
DA:327,0
DA:328,0
DA:337,0
DA:338,0
DA:340,0
end_of_record

SF:/Users/vladimirdzotov/Dropbox/do/GA/synthetix/synthetix-perps-minimal/markets/perps-market/contracts/modules/PerpsAccountModule.sol
DA:29,81
DA:41,15
DA:45,4
DA:46,21
DA:48,21
DA:49,4
DA:50,21
DA:52,6
DA:54,6
DA:55,5
DA:56,1
DA:57,1
DA:60,14
DA:62,21
DA:63,7
DA:64,21
DA:66,21
DA:68,7
DA:69,21
DA:71,7
DA:72,6
DA:74,8
DA:75,5
DA:77,6
DA:79,11
DA:81,10
DA:82,12
DA:83,1
DA:84,10
DA:86,7
DA:87,2
DA:89,5
DA:91,8
DA:95,8
DA:97,23
DA:98,21
DA:101,14
DA:102,6
DA:103,6
DA:105,4
DA:111,17
DA:112,6
DA:113,8
DA:115,5
DA:117,21
DA:123,12
DA:125,10
DA:126,1
DA:127,1
DA:134,0
DA:135,0
DA:141,23
DA:148,4
DA:150,8
DA:152,14
DA:154,11
DA:155,7
DA:157,10
DA:163,0
DA:166,0
DA:167,0
DA:169,0
DA:175,13
DA:177,1
DA:178,11
DA:179,1
DA:186,13
DA:188,0
DA:189,0
DA:190,2
DA:196,23
DA:203,1
DA:204,1
DA:205,1
DA:207,1
DA:208,8
DA:209,12
DA:210,12
DA:213,11
DA:214,1
DA:217,5
DA:218,8
DA:224,16
DA:227,1
DA:228,21
DA:234,11
DA:236,1
DA:237,10
DA:243,8
DA:245,0
DA:246,0
DA:249,1
DA:255,7
DA:257,78
DA:258,1
DA:259,4
DA:260,1
DA:263,63
DA:264,65
DA:266,6
DA:270,6
DA:276,5
DA:278,6
DA:279,1
DA:280,3
DA:283,1
DA:284,65
DA:286,49
DA:287,2
DA:289,2
DA:291,65
end_of_record

SF:/Users/vladimirdzotov/Dropbox/do/GA/synthetix/synthetix-perps-minimal/markets/perps-market/contracts/modules/PerpsMarketFactoryModule.sol
DA:28,60
DA:42,0
DA:45,0
DA:46,0
DA:48,0
DA:50,0
DA:51,0
DA:52,0
DA:54,0
DA:57,0
DA:59,0
DA:65,2
DA:66,0
DA:67,2
DA:73,0
DA:77,0
DA:78,0
DA:79,0
DA:81,0
DA:82,0
DA:84,0
DA:85,0
DA:88,0
DA:89,0
DA:91,0
DA:93,0
DA:100,0
DA:101,0
DA:103,0
DA:104,0
DA:107,0
DA:113,0
DA:114,0
DA:116,0
DA:119,0
DA:120,0
DA:121,0
DA:123,0
DA:124,0
DA:125,0
DA:126,3
DA:127,0
DA:128,0
DA:132,0
DA:133,0
DA:134,0
DA:135,0
DA:138,0
DA:144,18
DA:145,14
DA:146,9
DA:149,2
DA:155,0
DA:156,0
DA:162,12
DA:166,3
DA:168,18
DA:174,10
DA:176,0
DA:177,1
DA:178,1
DA:179,0
end_of_record

SF:/Users/vladimirdzotov/Dropbox/do/GA/synthetix/synthetix-perps-minimal/markets/perps-market/contracts/modules/PerpsMarketModule.sol
DA:14,40
DA:20,0
DA:22,0
DA:23,0
DA:24,0
DA:30,12
DA:31,4
DA:37,14
DA:38,9
DA:44,13
DA:45,5
DA:51,0
DA:52,0
DA:58,0
DA:59,0
DA:65,0
DA:66,0
DA:72,0
DA:76,0
DA:77,0
DA:78,0
DA:79,0
DA:80,0
DA:81,0
DA:82,0
DA:89,0
DA:91,0
DA:92,0
DA:93,0
DA:94,0
DA:95,0
DA:96,0
DA:97,0
DA:98,0
DA:99,0
DA:100,0
end_of_record

SF:/Users/vladimirdzotov/Dropbox/do/GA/synthetix/synthetix-perps-minimal/markets/perps-market/contracts/storage/AsyncOrder.sol
DA:19,0
DA:121,4
DA:122,30
DA:133,5
DA:135,2
DA:136,7
DA:137,11
DA:138,13
DA:141,7
DA:142,8
DA:143,7
DA:145,6
DA:153,2
DA:154,9
DA:156,12
DA:159,3
DA:160,73
DA:167,6
DA:168,7
DA:170,10
DA:171,31
DA:172,5
DA:173,8
DA:175,9
DA:176,13
DA:187,1
DA:188,7
DA:196,1
DA:200,15
DA:201,14
DA:203,7
DA:204,0
DA:207,6
DA:208,9
DA:215,3
DA:218,1
DA:219,17
DA:220,4
DA:221,4
DA:222,3
DA:260,10
DA:265,4
DA:266,16
DA:267,9
DA:268,5
DA:270,4
DA:271,0
DA:274,11
DA:276,8
DA:278,3
DA:279,3
DA:281,3
DA:282,5
DA:284,3
DA:285,13
DA:288,11
DA:289,7
DA:291,7
DA:292,4
DA:295,8
DA:296,4
DA:297,4
DA:298,4
DA:299,1
DA:302,4
DA:303,10
DA:304,4
DA:305,4
DA:306,4
DA:307,3
DA:309,5
DA:311,16
DA:312,23
DA:315,19
DA:316,12
DA:317,1
DA:320,18
DA:321,16
DA:324,4
DA:325,1
DA:326,4
DA:327,4
DA:328,1
DA:329,13
DA:330,4
DA:333,6
DA:334,10
DA:335,1
DA:336,1
DA:337,4
DA:338,13
DA:339,4
DA:340,4
DA:341,4
DA:343,4
DA:345,14
DA:346,16
DA:349,41
DA:350,4
DA:351,8
DA:352,8
DA:353,1
DA:354,4
DA:356,13
DA:369,7
DA:373,3
DA:374,6
DA:376,14
DA:378,9
DA:379,5
DA:382,7
DA:383,4
DA:384,4
DA:385,6
DA:386,1
DA:390,9
DA:391,14
DA:398,1
DA:400,1
DA:401,17
DA:407,3
DA:412,1
DA:413,16
DA:416,18
DA:422,15
DA:423,4
DA:424,2
DA:425,23
DA:440,15
DA:441,4
DA:444,17
DA:445,4
DA:448,6
DA:454,9
DA:459,1
DA:487,6
DA:488,0
DA:491,13
DA:492,12
DA:493,14
DA:496,25
DA:497,20
DA:500,24
DA:516,1
DA:520,1
DA:521,24
DA:529,12
DA:537,1
DA:538,2
DA:540,10
DA:541,6
DA:545,8
DA:546,1
DA:547,1
DA:551,16
DA:552,1
DA:553,5
DA:558,4
DA:559,12
DA:560,2
DA:563,13
DA:564,1
DA:565,20
DA:566,10
DA:568,13
DA:569,8
DA:571,11
DA:573,4
DA:576,14
DA:577,5
DA:582,12
DA:585,1
DA:586,9
DA:587,14
DA:594,2
DA:597,2
DA:599,21
DA:600,22
end_of_record

SF:/Users/vladimirdzotov/Dropbox/do/GA/synthetix/synthetix-perps-minimal/markets/perps-market/contracts/storage/GlobalPerpsMarket.sol
DA:19,0
DA:28,27
DA:71,4
DA:72,1
DA:78,8
DA:81,5
DA:82,21
DA:84,7
DA:85,21
DA:87,14
DA:88,9
DA:89,22
DA:91,8
DA:92,21
DA:94,6
DA:95,21
DA:96,21
DA:98,21
DA:99,21
DA:100,9
DA:103,7
DA:104,22
DA:106,9
DA:107,22
DA:109,21
DA:112,5
DA:115,2
DA:116,21
DA:118,10
DA:119,21
DA:121,3
DA:122,22
DA:124,22
DA:125,12
DA:126,21
DA:127,22
DA:129,9
DA:130,22
DA:132,8
DA:133,22
DA:136,19
DA:137,23
DA:139,8
DA:140,22
DA:142,1
DA:145,9
DA:146,13
DA:147,3
DA:148,5
DA:149,20
DA:150,12
DA:152,8
DA:153,23
DA:154,1
DA:155,18
DA:158,15
DA:159,1
DA:163,7
DA:168,7
DA:172,2
DA:173,25
DA:174,17
DA:176,11
DA:177,15
DA:178,9
DA:179,12
DA:180,1
DA:184,5
DA:185,18
DA:186,20
DA:192,4
DA:193,11
DA:194,8
DA:204,5
DA:208,1
DA:209,16
DA:210,10
DA:211,11
DA:212,6
DA:213,0
DA:215,14
DA:216,7
DA:217,0
DA:218,0
DA:219,0
DA:220,0
DA:221,0
DA:224,1
DA:225,8
DA:226,7
DA:227,8
DA:232,0
DA:233,0
end_of_record

SF:/Users/vladimirdzotov/Dropbox/do/GA/synthetix/synthetix-perps-minimal/markets/perps-market/contracts/storage/GlobalPerpsMarketConfiguration.sol
DA:16,0
DA:24,6
DA:100,2
DA:101,1
DA:107,6
DA:108,5
DA:110,8
DA:111,6
DA:112,7
DA:116,1
DA:119,1
DA:121,1
DA:122,11
DA:123,15
DA:127,1
DA:130,1
DA:132,6
DA:133,6
DA:137,1
DA:138,14
DA:139,4
DA:146,1
DA:151,1
DA:152,9
DA:153,8
DA:154,15
DA:157,10
DA:162,2
DA:163,10
DA:164,7
DA:166,13
DA:167,4
DA:170,0
DA:171,0
DA:172,0
DA:173,0
DA:176,0
DA:177,0
DA:180,0
DA:181,0
DA:184,0
DA:186,0
DA:189,1
DA:192,2
DA:193,13
DA:196,0
DA:200,0
DA:201,0
DA:202,0
DA:203,0
DA:204,0
DA:205,0
DA:209,1
DA:214,1
DA:215,12
DA:216,3
DA:219,0
DA:220,0
DA:221,0
DA:222,0
end_of_record

SF:/Users/vladimirdzotov/Dropbox/do/GA/synthetix/synthetix-perps-minimal/markets/perps-market/contracts/storage/InterestRate.sol
DA:11,0
DA:20,1
DA:23,6
DA:31,2
DA:32,1
DA:38,3
DA:40,2
DA:41,7
DA:43,6
DA:44,1
DA:45,1
DA:46,1
DA:47,4
DA:50,3
DA:51,14
DA:52,3
DA:53,3
DA:55,10
DA:56,3
DA:59,0
DA:60,0
DA:63,0
DA:65,0
DA:66,0
DA:67,0
DA:68,0
DA:69,0
DA:71,0
DA:73,0
DA:76,2
DA:78,12
DA:81,2
DA:82,12
DA:85,2
DA:86,18
DA:89,0
DA:94,0
DA:97,0
DA:98,0
DA:99,0
DA:100,0
DA:101,0
DA:102,0
DA:103,0
DA:104,0
DA:105,0
DA:106,0
DA:107,0
end_of_record

SF:/Users/vladimirdzotov/Dropbox/do/GA/synthetix/synthetix-perps-minimal/markets/perps-market/contracts/storage/KeeperCosts.sol
DA:16,0
DA:22,1
DA:23,1
DA:24,1
DA:30,2
DA:31,7
DA:37,0
DA:38,0
DA:41,4
DA:42,7
DA:44,11
DA:47,1
DA:50,1
DA:51,7
DA:53,7
DA:54,16
DA:55,14
DA:56,7
DA:57,9
DA:58,7
DA:60,3
DA:61,4
DA:62,1
DA:63,1
DA:68,2
DA:69,7
DA:71,9
DA:74,1
DA:79,4
DA:80,24
DA:81,29
DA:82,19
DA:83,19
DA:84,22
DA:85,22
DA:87,66
DA:88,6
end_of_record

SF:/Users/vladimirdzotov/Dropbox/do/GA/synthetix/synthetix-perps-minimal/markets/perps-market/contracts/storage/Liquidation.sol
DA:7,0
end_of_record

SF:/Users/vladimirdzotov/Dropbox/do/GA/synthetix/synthetix-perps-minimal/markets/perps-market/contracts/storage/LiquidationAssetManager.sol
DA:20,0
DA:39,0
DA:42,0
DA:43,0
DA:51,0
DA:52,0
DA:53,0
DA:55,0
DA:56,0
DA:57,0
DA:60,0
DA:65,0
DA:70,0
DA:71,0
DA:74,0
DA:75,0
DA:77,0
DA:80,0
DA:81,0
DA:84,0
DA:87,0
DA:91,0
DA:92,0
DA:94,0
DA:95,0
DA:98,0
DA:99,0
DA:102,0
DA:105,0
DA:106,0
DA:107,0
DA:108,0
DA:109,0
DA:110,0
DA:111,0
DA:113,0
DA:114,0
DA:117,0
DA:122,0
DA:123,0
DA:125,0
DA:126,0
DA:127,0
DA:128,0
DA:129,0
DA:130,0
DA:133,0
DA:134,0
DA:135,0
DA:137,0
DA:138,0
DA:139,0
DA:140,0
DA:141,0
DA:142,0
DA:148,0
end_of_record

SF:/Users/vladimirdzotov/Dropbox/do/GA/synthetix/synthetix-perps-minimal/markets/perps-market/contracts/storage/MarketUpdate.sol
DA:7,0
end_of_record

SF:/Users/vladimirdzotov/Dropbox/do/GA/synthetix/synthetix-perps-minimal/markets/perps-market/contracts/storage/OrderFee.sol
DA:7,0
end_of_record

SF:/Users/vladimirdzotov/Dropbox/do/GA/synthetix/synthetix-perps-minimal/markets/perps-market/contracts/storage/PerpsAccount.sol
DA:23,2
DA:28,0
DA:83,2
DA:84,9
DA:94,6
DA:95,7
DA:96,9
DA:97,13
DA:101,4
DA:102,16
DA:103,10
DA:106,17
DA:107,0
DA:112,1
DA:113,8
DA:115,17
DA:116,12
DA:119,12
DA:120,0
DA:131,2
DA:132,1
DA:133,8
DA:134,18
DA:135,8
DA:136,0
DA:138,3
DA:139,3
DA:141,2
DA:142,19
DA:143,8
DA:145,10
DA:146,7
DA:148,8
DA:149,21
DA:153,23
DA:156,3
DA:157,14
DA:158,10
DA:160,4
DA:163,3
DA:166,2
DA:167,8
DA:168,4
DA:171,10
DA:178,1
DA:179,1
DA:180,1
DA:181,1
DA:182,1
DA:185,8
DA:187,6
DA:191,6
DA:192,12
DA:195,5
DA:197,3
DA:198,9
DA:202,13
DA:203,17
DA:204,12
DA:205,7
DA:206,13
DA:208,19
DA:212,0
DA:214,0
DA:216,0
DA:218,0
DA:221,5
DA:226,11
DA:227,1
DA:228,10
DA:229,7
DA:233,1
DA:237,1
DA:238,30
DA:239,16
DA:241,11
DA:242,15
DA:243,9
DA:244,12
DA:245,9
DA:249,11
DA:252,9
DA:253,9
DA:254,15
DA:257,7
DA:258,80
DA:259,5
DA:260,4
DA:261,1
DA:264,11
DA:265,10
DA:266,12
DA:268,17
DA:278,1
DA:284,14
DA:285,7
DA:286,8
DA:289,9
DA:291,7
DA:292,0
DA:295,1
DA:296,8
DA:297,1
DA:299,7
DA:300,1
DA:301,1
DA:302,1
DA:303,1
DA:307,10
DA:308,8
DA:321,6
DA:324,2
DA:325,8
DA:328,14
DA:330,11
DA:331,5
DA:332,1
DA:334,1
DA:335,6
DA:336,11
DA:337,2
DA:338,12
DA:339,5
DA:341,13
DA:345,3
DA:349,1
DA:350,1
DA:351,11
DA:352,28
DA:353,12
DA:354,15
DA:357,6
DA:358,1
DA:360,14
DA:361,1
DA:362,1
DA:363,1
DA:364,1
DA:367,8
DA:369,2
DA:372,1
DA:375,1
DA:376,28
DA:377,12
DA:378,26
DA:379,13
DA:380,6
DA:382,10
DA:391,3
DA:394,1
DA:395,11
DA:397,9
DA:399,21
DA:402,4
DA:404,0
DA:405,2
DA:406,3
DA:408,0
DA:409,0
DA:410,0
DA:412,0
DA:421,8
DA:428,1
DA:429,1
DA:430,1
DA:433,10
DA:434,6
DA:435,12
DA:439,26
DA:440,15
DA:441,26
DA:442,6
DA:443,1
DA:445,18
DA:447,6
DA:448,6
DA:451,9
DA:452,8
DA:455,4
DA:456,1
DA:457,1
DA:458,6
DA:459,6
DA:460,1
DA:461,1
DA:462,1
DA:465,3
DA:468,7
DA:471,2
DA:473,32
DA:474,12
DA:475,11
DA:476,26
DA:477,6
DA:478,1
DA:481,11
DA:482,11
DA:485,9
DA:486,12
DA:487,6
DA:490,7
DA:492,8
DA:496,1
DA:500,1
DA:501,7
DA:503,9
DA:504,14
DA:505,8
DA:506,10
DA:507,1
DA:508,1
DA:509,7
DA:511,10
DA:512,0
DA:513,20
DA:515,4
DA:518,1
DA:520,1
DA:521,10
DA:523,22
DA:524,12
DA:525,7
DA:526,22
DA:529,0
DA:530,0
DA:531,0
DA:535,6
DA:536,2
DA:537,2
DA:538,24
DA:543,12
DA:550,1
DA:551,1
DA:552,1
DA:553,1
DA:554,4
DA:557,9
DA:558,17
DA:560,5
DA:562,7
DA:563,6
DA:564,7
DA:566,7
DA:567,8
DA:570,9
DA:572,12
DA:573,6
DA:574,6
DA:578,8
DA:579,35
DA:580,1
DA:581,5
DA:582,8
DA:583,1
DA:584,1
DA:589,10
DA:592,14
DA:593,8
DA:595,5
DA:604,4
DA:605,10
end_of_record

SF:/Users/vladimirdzotov/Dropbox/do/GA/synthetix/synthetix-perps-minimal/markets/perps-market/contracts/storage/PerpsCollateralConfiguration.sol
DA:15,0
DA:53,2
DA:54,1
DA:55,8
DA:65,0
DA:66,0
DA:67,0
DA:68,0
DA:75,1
DA:77,1
DA:78,9
DA:79,7
DA:80,0
DA:84,4
DA:85,1
DA:86,6
DA:87,12
DA:90,0
DA:91,0
DA:92,0
DA:101,0
DA:102,0
DA:103,0
DA:106,0
DA:118,0
DA:119,0
DA:120,0
DA:121,0
DA:128,10
DA:134,10
DA:135,63
DA:137,14
DA:138,16
DA:139,2
DA:140,4
DA:141,9
DA:142,4
DA:147,5
DA:148,70
DA:149,3
DA:151,15
DA:153,7
DA:156,13
end_of_record

SF:/Users/vladimirdzotov/Dropbox/do/GA/synthetix/synthetix-perps-minimal/markets/perps-market/contracts/storage/PerpsMarket.sol
DA:20,0
DA:68,2
DA:69,9
DA:76,0
DA:80,0
DA:81,0
DA:82,0
DA:85,0
DA:87,0
DA:88,0
DA:89,0
DA:95,6
DA:96,7
DA:97,10
DA:98,0
DA:101,11
DA:102,0
DA:105,10
DA:106,0
DA:117,6
DA:120,9
DA:121,12
DA:124,14
DA:125,0
DA:126,0
DA:129,6
DA:130,1
DA:131,1
DA:132,1
DA:133,6
DA:138,6
DA:139,0
DA:142,4
DA:144,7
DA:145,6
DA:146,5
DA:147,1
DA:149,4
DA:150,8
DA:152,0
DA:153,0
DA:158,4
DA:159,0
DA:160,0
DA:161,0
DA:162,0
DA:167,5
DA:168,6
DA:172,2
DA:173,5
DA:174,10
DA:175,1
DA:176,29
DA:178,6
DA:179,0
DA:181,46
DA:182,22
DA:192,8
DA:199,1
DA:200,1
DA:201,1
DA:203,5
DA:204,7
DA:205,2
DA:206,4
DA:207,14
DA:209,9
DA:210,26
DA:211,14
DA:213,33
DA:214,33
DA:216,4
DA:217,9
DA:219,14
DA:220,5
DA:222,9
DA:237,3
DA:241,4
DA:242,2
DA:243,14
DA:245,4
DA:246,26
DA:247,11
DA:248,34
DA:250,12
DA:251,11
DA:253,26
DA:254,19
DA:257,21
DA:261,16
DA:262,21
DA:264,2
DA:265,2
DA:271,9
DA:272,1
DA:276,1
DA:277,36
DA:278,8
DA:280,4
DA:281,4
DA:282,4
DA:283,4
DA:287,7
DA:290,2
DA:291,7
DA:292,7
DA:294,6
DA:295,6
DA:296,5
DA:301,1
DA:304,1
DA:305,15
DA:308,2
DA:309,7
DA:311,24
DA:312,6
DA:315,11
DA:318,2
DA:338,9
DA:339,11
DA:342,5
DA:343,12
DA:344,11
DA:345,11
DA:347,6
DA:348,2
DA:351,14
DA:352,7
DA:353,14
DA:354,4
DA:356,4
DA:359,2
DA:361,13
DA:364,8
DA:371,1
DA:373,9
DA:374,7
DA:375,25
DA:377,23
DA:378,8
DA:379,8
DA:381,1
DA:382,12
DA:386,8
DA:391,8
DA:395,13
DA:396,8
DA:397,7
DA:398,2
DA:399,6
DA:405,12
DA:406,0
DA:407,0
DA:408,0
DA:409,0
DA:420,0
DA:423,0
DA:424,0
DA:426,0
DA:429,1
DA:432,1
DA:434,16
DA:435,1
DA:437,6
DA:438,8
DA:441,3
DA:444,1
DA:445,23
end_of_record

SF:/Users/vladimirdzotov/Dropbox/do/GA/synthetix/synthetix-perps-minimal/markets/perps-market/contracts/storage/PerpsMarketConfiguration.sol
DA:10,0
DA:84,2
DA:85,1
DA:86,8
DA:93,2
DA:94,6
DA:96,25
DA:97,4
DA:98,4
DA:101,1
DA:104,1
DA:105,9
DA:108,1
DA:111,1
DA:112,13
DA:115,9
DA:123,1
DA:124,1
DA:125,1
DA:126,1
DA:128,3
DA:129,8
DA:130,9
DA:132,9
DA:133,25
DA:135,2
DA:136,20
DA:137,4
DA:138,15
DA:140,10
DA:142,17
DA:143,2
DA:144,12
DA:145,4
DA:151,6
DA:154,2
DA:155,8
DA:156,6
DA:158,26
DA:159,10
DA:160,0
DA:164,1
DA:168,8
DA:169,0
end_of_record

SF:/Users/vladimirdzotov/Dropbox/do/GA/synthetix/synthetix-perps-minimal/markets/perps-market/contracts/storage/PerpsMarketFactory.sol
DA:19,0
DA:29,6
DA:53,0
DA:54,0
DA:55,0
DA:59,0
DA:60,0
DA:61,0
DA:65,2
DA:66,1
DA:72,0
DA:76,0
DA:77,0
DA:79,0
DA:80,0
DA:82,0
DA:83,0
DA:84,0
DA:85,0
DA:86,0
DA:89,4
DA:90,5
DA:91,72
DA:94,1
DA:99,65
DA:100,56
DA:108,1
DA:109,69
DA:112,0
DA:116,0
DA:117,0
DA:118,0
DA:120,0
DA:121,0
DA:122,0
DA:127,0
end_of_record

SF:/Users/vladimirdzotov/Dropbox/do/GA/synthetix/synthetix-perps-minimal/markets/perps-market/contracts/storage/PerpsPrice.sol
DA:12,0
DA:21,1
DA:35,2
DA:36,9
DA:42,3
DA:45,1
DA:46,8
DA:47,7
DA:48,2
DA:49,15
DA:50,65
DA:51,2
DA:52,26
DA:53,30
DA:54,19
DA:55,25
DA:56,65
DA:57,2
DA:58,2
DA:59,2
DA:63,8
DA:66,0
DA:67,0
DA:68,0
DA:71,1
DA:74,1
DA:75,12
DA:76,6
DA:77,12
DA:78,2
DA:80,0
end_of_record

SF:/Users/vladimirdzotov/Dropbox/do/GA/synthetix/synthetix-perps-minimal/markets/perps-market/contracts/storage/Position.sol
DA:11,0
DA:32,10
DA:33,12
DA:34,8
DA:35,11
DA:36,7
DA:39,12
DA:46,1
DA:47,1
DA:48,1
DA:49,1
DA:50,1
DA:51,1
DA:52,1
DA:55,9
DA:62,6
DA:63,8
DA:66,10
DA:73,1
DA:74,1
DA:75,1
DA:76,1
DA:77,1
DA:78,1
DA:80,1
DA:81,25
DA:82,16
DA:83,13
DA:85,28
DA:86,13
DA:88,8
DA:90,19
DA:93,1
DA:96,1
DA:97,11
DA:98,14
DA:101,7
DA:104,1
DA:107,2
DA:109,7
DA:110,11
DA:114,3
DA:115,14
end_of_record

SF:/Users/vladimirdzotov/Dropbox/do/GA/synthetix/synthetix-perps-minimal/markets/perps-market/contracts/storage/SettlementStrategy.sol
DA:8,0
end_of_record

SF:/Users/vladimirdzotov/Dropbox/do/GA/synthetix/synthetix-perps-minimal/markets/perps-market/contracts/utils/Flags.sol
DA:4,0
DA:5,0
DA:6,0
end_of_record

SF:/Users/vladimirdzotov/Dropbox/do/GA/synthetix/synthetix-perps-minimal/markets/perps-market/contracts/utils/MathUtil.sol
DA:6,0
DA:11,2
DA:12,22
DA:15,2
DA:16,28
DA:19,2
DA:20,5
DA:23,2
DA:24,8
DA:27,4
DA:28,11
DA:35,4
DA:36,12
DA:39,2
DA:40,10
DA:43,3
DA:44,18
DA:47,4
DA:48,31
DA:51,2
DA:52,6
DA:53,26
end_of_record

SF:/Users/vladimirdzotov/Dropbox/do/GA/synthetix/synthetix-perps-minimal/markets/perps-market/lib/forge-std/src/Base.sol
DA:9,0
end_of_record

SF:/Users/vladimirdzotov/Dropbox/do/GA/synthetix/synthetix-perps-minimal/markets/perps-market/lib/forge-std/src/StdAssertions.sol
DA:38,13
DA:39,8
DA:40,0
DA:42,59
end_of_record

SF:/Users/vladimirdzotov/Dropbox/do/GA/synthetix/synthetix-perps-minimal/markets/perps-market/lib/forge-std/src/StdChains.sol
DA:66,0
end_of_record

SF:/Users/vladimirdzotov/Dropbox/do/GA/synthetix/synthetix-perps-minimal/markets/perps-market/lib/forge-std/src/StdCheats.sol
end_of_record

SF:/Users/vladimirdzotov/Dropbox/do/GA/synthetix/synthetix-perps-minimal/markets/perps-market/lib/forge-std/src/StdError.sol
DA:5,0
DA:6,0
DA:7,0
DA:8,0
DA:9,0
DA:10,0
DA:11,0
DA:12,0
DA:13,0
DA:14,0
end_of_record

SF:/Users/vladimirdzotov/Dropbox/do/GA/synthetix/synthetix-perps-minimal/markets/perps-market/lib/forge-std/src/StdInvariant.sol
DA:83,6
DA:84,33
DA:87,6
DA:88,31
DA:91,6
DA:92,33
DA:95,16
DA:96,39
DA:99,14
DA:100,33
DA:103,14
DA:104,33
DA:107,6
DA:108,31
DA:111,14
DA:112,33
DA:115,6
DA:116,31
DA:119,16
DA:120,40
end_of_record

SF:/Users/vladimirdzotov/Dropbox/do/GA/synthetix/synthetix-perps-minimal/markets/perps-market/lib/forge-std/src/StdJson.sol
DA:25,0
end_of_record

SF:/Users/vladimirdzotov/Dropbox/do/GA/synthetix/synthetix-perps-minimal/markets/perps-market/lib/forge-std/src/StdMath.sol
DA:4,0
end_of_record

SF:/Users/vladimirdzotov/Dropbox/do/GA/synthetix/synthetix-perps-minimal/markets/perps-market/lib/forge-std/src/StdStorage.sol
DA:24,0
DA:334,0
end_of_record

SF:/Users/vladimirdzotov/Dropbox/do/GA/synthetix/synthetix-perps-minimal/markets/perps-market/lib/forge-std/src/StdStyle.sol
DA:6,0
end_of_record

SF:/Users/vladimirdzotov/Dropbox/do/GA/synthetix/synthetix-perps-minimal/markets/perps-market/lib/forge-std/src/StdToml.sol
DA:25,0
end_of_record

SF:/Users/vladimirdzotov/Dropbox/do/GA/synthetix/synthetix-perps-minimal/markets/perps-market/lib/forge-std/src/StdUtils.sol
end_of_record

SF:/Users/vladimirdzotov/Dropbox/do/GA/synthetix/synthetix-perps-minimal/markets/perps-market/lib/forge-std/src/Test.sol
DA:32,9
end_of_record

SF:/Users/vladimirdzotov/Dropbox/do/GA/synthetix/synthetix-perps-minimal/markets/perps-market/lib/forge-std/src/Vm.sol
end_of_record

SF:/Users/vladimirdzotov/Dropbox/do/GA/synthetix/synthetix-perps-minimal/markets/perps-market/lib/forge-std/src/console.sol
DA:4,0
DA:5,2
DA:15,1
DA:16,4
DA:19,3
DA:20,5
DA:23,2
DA:24,4
DA:25,4
DA:181,1
DA:182,32
DA:193,1
DA:194,35
DA:221,1
DA:222,37
DA:225,1
DA:226,37
DA:233,1
DA:234,37
DA:237,1
DA:238,37
end_of_record

SF:/Users/vladimirdzotov/Dropbox/do/GA/synthetix/synthetix-perps-minimal/markets/perps-market/lib/forge-std/src/console2.sol
end_of_record

SF:/Users/vladimirdzotov/Dropbox/do/GA/synthetix/synthetix-perps-minimal/markets/perps-market/lib/forge-std/src/interfaces/IERC165.sol
end_of_record

SF:/Users/vladimirdzotov/Dropbox/do/GA/synthetix/synthetix-perps-minimal/markets/perps-market/lib/forge-std/src/interfaces/IERC20.sol
end_of_record

SF:/Users/vladimirdzotov/Dropbox/do/GA/synthetix/synthetix-perps-minimal/markets/perps-market/lib/forge-std/src/interfaces/IERC721.sol
end_of_record

SF:/Users/vladimirdzotov/Dropbox/do/GA/synthetix/synthetix-perps-minimal/markets/perps-market/lib/forge-std/src/interfaces/IMulticall3.sol
end_of_record

SF:/Users/vladimirdzotov/Dropbox/do/GA/synthetix/synthetix-perps-minimal/markets/perps-market/lib/forge-std/src/mocks/MockERC20.sol
DA:8,0
DA:19,0
DA:20,0
DA:23,0
DA:24,0
DA:27,0
DA:28,0
DA:41,0
DA:42,0
DA:45,0
DA:46,0
DA:49,0
DA:50,0
DA:61,0
DA:72,0
DA:73,0
DA:75,0
DA:76,0
DA:77,0
DA:79,0
DA:80,0
DA:82,0
DA:89,0
DA:90,0
DA:92,0
DA:94,0
DA:97,0
DA:98,0
DA:99,0
DA:101,0
DA:106,0
DA:107,0
DA:109,0
DA:111,0
DA:112,0
DA:114,0
DA:116,0
DA:123,0
DA:126,0
DA:127,0
DA:129,0
DA:130,0
DA:131,0
DA:133,0
DA:134,0
DA:135,0
DA:136,0
DA:139,0
DA:140,0
DA:141,0
DA:142,0
DA:153,0
DA:155,0
DA:157,0
DA:160,0
DA:161,0
DA:164,0
DA:165,0
DA:166,0
DA:167,0
DA:168,0
DA:169,0
DA:170,0
DA:171,0
DA:198,0
DA:199,0
DA:200,0
DA:204,0
DA:205,0
DA:206,0
DA:217,0
DA:220,0
DA:226,0
DA:227,0
DA:232,0
end_of_record

SF:/Users/vladimirdzotov/Dropbox/do/GA/synthetix/synthetix-perps-minimal/markets/perps-market/lib/forge-std/src/mocks/MockERC721.sol
DA:8,0
DA:17,0
DA:18,0
DA:21,0
DA:22,0
DA:25,0
DA:35,0
DA:36,0
DA:39,0
DA:40,0
DA:42,0
DA:53,0
DA:54,0
DA:57,0
DA:58,0
DA:70,0
DA:71,0
DA:73,0
DA:74,0
DA:76,0
DA:83,0
DA:84,0
DA:86,0
DA:88,0
DA:90,0
DA:93,0
DA:94,0
DA:96,0
DA:99,0
DA:100,0
DA:102,0
DA:104,0
DA:105,0
DA:111,0
DA:113,0
DA:115,0
DA:117,0
DA:119,0
DA:122,0
DA:123,0
DA:125,0
DA:126,0
DA:127,0
DA:128,0
DA:133,0
DA:139,0
DA:141,0
DA:142,0
DA:143,0
DA:144,0
DA:153,0
DA:154,0
DA:155,0
DA:156,0
DA:226,0
DA:229,0
end_of_record

SF:/Users/vladimirdzotov/Dropbox/do/GA/synthetix/synthetix-perps-minimal/markets/perps-market/lib/forge-std/src/safeconsole.sol
DA:6,0
end_of_record

SF:/Users/vladimirdzotov/Dropbox/do/GA/synthetix/synthetix-perps-minimal/markets/perps-market/lib/fuzzlib/src/FuzzBase.sol
DA:8,0
DA:11,0
end_of_record

SF:/Users/vladimirdzotov/Dropbox/do/GA/synthetix/synthetix-perps-minimal/markets/perps-market/lib/fuzzlib/src/FuzzLibString.sol
DA:8,0
DA:11,7
DA:12,19
DA:13,7
DA:15,7
DA:16,25
DA:20,4
DA:26,4
DA:29,3
DA:32,6
DA:35,3
DA:38,1
DA:43,3
DA:45,5
DA:49,7
DA:52,3
DA:55,2
DA:59,3
DA:62,4
DA:65,3
DA:69,2
DA:70,0
DA:71,1
DA:72,0
DA:73,0
DA:75,0
DA:76,0
DA:77,0
DA:78,0
DA:80,1
DA:83,4
DA:84,1
DA:85,0
DA:90,0
DA:93,0
DA:95,0
DA:96,0
DA:97,0
DA:98,0
DA:99,0
DA:100,0
DA:101,0
DA:107,0
DA:110,0
DA:113,0
DA:115,0
DA:116,0
DA:117,0
DA:118,0
DA:121,0
DA:122,0
DA:123,0
DA:124,0
DA:128,0
DA:129,0
DA:133,0
DA:137,0
DA:141,0
DA:143,0
DA:146,0
DA:149,0
DA:151,0
DA:152,0
end_of_record

SF:/Users/vladimirdzotov/Dropbox/do/GA/synthetix/synthetix-perps-minimal/markets/perps-market/lib/fuzzlib/src/Fuzzlib.sol
DA:11,230
end_of_record

SF:/Users/vladimirdzotov/Dropbox/do/GA/synthetix/synthetix-perps-minimal/markets/perps-market/lib/fuzzlib/src/helpers/HelperAssert.sol
DA:18,11
DA:19,3
DA:20,17
DA:21,50
DA:26,11
DA:31,5
DA:32,0
DA:33,0
DA:41,11
DA:46,5
DA:47,0
DA:48,0
DA:49,0
DA:50,0
DA:56,0
DA:61,0
DA:62,0
DA:63,0
DA:64,0
DA:71,0
DA:76,0
DA:77,0
DA:78,0
DA:86,0
DA:91,0
DA:92,0
DA:93,0
DA:94,0
DA:95,0
DA:96,0
DA:97,0
DA:98,0
DA:103,0
DA:108,0
DA:109,0
DA:110,0
DA:111,0
DA:112,0
DA:118,0
DA:123,0
DA:124,0
DA:125,0
DA:133,0
DA:138,0
DA:139,0
DA:140,0
DA:148,0
DA:153,0
DA:154,0
DA:155,0
DA:156,0
DA:157,0
DA:163,11
DA:168,5
DA:169,0
DA:170,0
DA:171,0
DA:172,0
DA:178,11
DA:183,5
DA:184,0
DA:185,0
DA:193,11
DA:198,6
DA:199,0
DA:200,0
DA:208,0
DA:213,0
DA:214,0
DA:215,0
DA:216,0
DA:217,0
DA:223,17
DA:228,6
DA:229,0
DA:230,0
DA:231,0
DA:232,0
DA:233,0
DA:238,0
DA:243,0
DA:244,0
DA:245,0
DA:252,0
DA:256,0
DA:257,0
DA:260,0
DA:264,0
DA:265,0
DA:268,0
DA:272,0
DA:273,0
DA:274,0
DA:275,0
DA:276,0
DA:278,0
DA:281,0
DA:286,0
DA:287,0
DA:288,0
DA:289,0
DA:290,0
DA:291,0
DA:293,0
DA:296,0
DA:302,0
DA:303,0
DA:304,0
DA:305,0
DA:306,0
DA:307,0
DA:308,0
DA:309,0
DA:311,0
DA:313,0
DA:315,0
DA:318,0
DA:321,0
DA:325,0
DA:326,0
DA:327,0
DA:328,0
DA:329,0
DA:330,0
DA:333,0
DA:336,0
DA:341,0
DA:342,0
DA:343,0
DA:344,0
DA:345,0
DA:346,0
DA:347,0
DA:350,0
DA:353,0
DA:354,0
end_of_record

SF:/Users/vladimirdzotov/Dropbox/do/GA/synthetix/synthetix-perps-minimal/markets/perps-market/lib/fuzzlib/src/helpers/HelperBase.sol
DA:6,0
DA:7,0
DA:9,0
DA:10,0
end_of_record

SF:/Users/vladimirdzotov/Dropbox/do/GA/synthetix/synthetix-perps-minimal/markets/perps-market/lib/fuzzlib/src/helpers/HelperClamp.sol
DA:18,11
DA:22,1
DA:23,7
DA:27,11
DA:31,1
DA:32,7
DA:36,0
DA:37,0
DA:41,0
DA:42,0
DA:46,0
DA:47,0
DA:51,0
DA:52,0
DA:56,0
DA:57,0
DA:61,0
DA:62,0
DA:66,0
DA:67,0
DA:71,0
DA:72,0
DA:82,20
DA:87,1
DA:88,15
DA:89,27
DA:90,8
DA:91,8
DA:92,8
DA:93,26
DA:95,1
DA:97,1
DA:99,17
DA:101,3
DA:103,1
DA:107,1
DA:112,1
DA:113,14
DA:114,15
DA:115,15
DA:116,15
DA:117,9
DA:118,8
DA:119,8
DA:120,8
DA:121,26
DA:123,1
DA:125,1
DA:127,17
DA:129,4
DA:135,0
DA:139,0
DA:140,0
DA:141,0
DA:142,0
DA:143,0
DA:146,0
DA:164,0
DA:168,0
DA:169,0
DA:170,0
DA:171,0
DA:172,0
DA:188,0
DA:192,0
DA:193,0
DA:194,0
DA:212,7
DA:216,0
DA:217,0
DA:218,0
DA:219,0
DA:220,0
DA:221,0
DA:222,0
DA:224,0
DA:226,0
DA:228,0
DA:230,0
DA:232,0
DA:236,0
DA:240,0
DA:241,0
DA:242,0
DA:243,0
DA:247,0
DA:248,0
DA:249,0
DA:250,0
DA:261,0
DA:266,0
DA:270,0
DA:271,0
DA:272,0
DA:291,0
DA:295,0
DA:296,0
DA:297,0
DA:298,0
DA:299,0
DA:315,0
DA:319,0
DA:320,0
DA:321,0
DA:322,0
DA:323,0
end_of_record

SF:/Users/vladimirdzotov/Dropbox/do/GA/synthetix/synthetix-perps-minimal/markets/perps-market/lib/fuzzlib/src/helpers/HelperLog.sol
DA:7,13
DA:8,5
DA:11,0
DA:12,0
DA:15,0
DA:16,0
DA:19,11
DA:20,5
DA:23,11
DA:24,5
DA:27,11
DA:28,5
DA:31,11
DA:32,5
DA:39,0
DA:40,0
DA:43,0
DA:44,0
DA:47,0
DA:48,0
DA:51,0
DA:52,0
DA:55,0
DA:56,0
DA:59,0
DA:60,0
DA:63,0
DA:64,0
DA:67,3
DA:68,1
DA:71,0
DA:72,0
end_of_record

SF:/Users/vladimirdzotov/Dropbox/do/GA/synthetix/synthetix-perps-minimal/markets/perps-market/lib/fuzzlib/src/helpers/HelperMath.sol
DA:5,12
DA:6,8
DA:9,2
DA:10,3
DA:14,0
DA:15,0
DA:19,0
DA:20,0
DA:23,2
DA:24,2
DA:27,0
DA:28,0
DA:31,0
DA:32,0
end_of_record

SF:/Users/vladimirdzotov/Dropbox/do/GA/synthetix/synthetix-perps-minimal/markets/perps-market/lib/fuzzlib/src/helpers/HelperRandom.sol
DA:7,0
DA:11,0
DA:12,0
DA:14,0
DA:15,0
DA:17,0
DA:18,0
end_of_record

SF:/Users/vladimirdzotov/Dropbox/do/GA/synthetix/synthetix-perps-minimal/markets/perps-market/lib/fuzzlib/src/libraries/LibLog.sol
DA:4,0
DA:23,3
DA:24,17
DA:27,0
DA:28,0
DA:31,0
DA:32,0
DA:35,1
DA:36,11
DA:39,1
DA:40,11
DA:43,1
DA:44,11
DA:47,1
DA:48,11
DA:51,0
DA:52,0
DA:55,0
DA:56,0
DA:59,0
DA:60,0
DA:63,0
DA:64,0
DA:67,0
DA:68,0
DA:71,0
DA:72,0
DA:75,0
DA:76,0
DA:79,0
DA:80,0
DA:83,3
DA:84,8
end_of_record

SF:/Users/vladimirdzotov/Dropbox/do/GA/synthetix/synthetix-perps-minimal/markets/perps-market/lib/fuzzlib/src/platform/IPlatform.sol
end_of_record

SF:/Users/vladimirdzotov/Dropbox/do/GA/synthetix/synthetix-perps-minimal/markets/perps-market/lib/fuzzlib/src/platform/PlatformCrytic.sol
DA:7,24
DA:8,5
DA:9,3
end_of_record

SF:/Users/vladimirdzotov/Dropbox/do/GA/synthetix/synthetix-perps-minimal/markets/perps-market/node_modules/@openzeppelin/contracts/token/ERC20/ERC20.sol
DA:38,0
DA:54,0
DA:55,0
DA:56,0
DA:62,8
DA:63,0
DA:70,0
DA:71,0
DA:87,0
DA:88,0
DA:94,4
DA:95,0
DA:101,10
DA:102,13
DA:113,12
DA:115,5
DA:122,3
DA:123,28
DA:136,22
DA:138,6
DA:139,4
DA:158,14
DA:160,6
DA:161,7
DA:162,2
DA:177,0
DA:179,0
DA:197,0
DA:199,0
DA:200,8
DA:202,0
DA:222,1
DA:223,5
DA:224,5
DA:228,14
DA:229,7
DA:231,20
DA:234,18
DA:237,11
DA:239,1
DA:251,1
DA:252,5
DA:256,15
DA:259,20
DA:261,10
DA:277,2
DA:278,5
DA:282,14
DA:283,15
DA:285,22
DA:287,8
DA:290,4
DA:308,5
DA:309,5
DA:310,5
DA:312,32
DA:313,12
DA:324,6
DA:325,9
DA:326,4
DA:327,7
DA:329,9
DA:348,0
end_of_record

SF:/Users/vladimirdzotov/Dropbox/do/GA/synthetix/synthetix-perps-minimal/markets/perps-market/node_modules/@openzeppelin/contracts/token/ERC20/IERC20.sol
end_of_record

SF:/Users/vladimirdzotov/Dropbox/do/GA/synthetix/synthetix-perps-minimal/markets/perps-market/node_modules/@openzeppelin/contracts/token/ERC20/extensions/IERC20Metadata.sol
end_of_record

SF:/Users/vladimirdzotov/Dropbox/do/GA/synthetix/synthetix-perps-minimal/markets/perps-market/node_modules/@openzeppelin/contracts/utils/Context.sol
DA:18,6
end_of_record

SF:/Users/vladimirdzotov/Dropbox/do/GA/synthetix/synthetix-perps-minimal/markets/perps-market/node_modules/@synthetixio/core-contracts/contracts/errors/AccessError.sol
DA:7,0
end_of_record

SF:/Users/vladimirdzotov/Dropbox/do/GA/synthetix/synthetix-perps-minimal/markets/perps-market/node_modules/@synthetixio/core-contracts/contracts/errors/AddressError.sol
DA:7,0
end_of_record

SF:/Users/vladimirdzotov/Dropbox/do/GA/synthetix/synthetix-perps-minimal/markets/perps-market/node_modules/@synthetixio/core-contracts/contracts/errors/ChangeError.sol
DA:7,0
end_of_record

SF:/Users/vladimirdzotov/Dropbox/do/GA/synthetix/synthetix-perps-minimal/markets/perps-market/node_modules/@synthetixio/core-contracts/contracts/errors/InitError.sol
DA:7,0
end_of_record

SF:/Users/vladimirdzotov/Dropbox/do/GA/synthetix/synthetix-perps-minimal/markets/perps-market/node_modules/@synthetixio/core-contracts/contracts/errors/ParameterError.sol
DA:7,0
end_of_record

SF:/Users/vladimirdzotov/Dropbox/do/GA/synthetix/synthetix-perps-minimal/markets/perps-market/node_modules/@synthetixio/core-contracts/contracts/initializable/InitializableMixin.sol
end_of_record

SF:/Users/vladimirdzotov/Dropbox/do/GA/synthetix/synthetix-perps-minimal/markets/perps-market/node_modules/@synthetixio/core-contracts/contracts/interfaces/IERC165.sol
end_of_record

SF:/Users/vladimirdzotov/Dropbox/do/GA/synthetix/synthetix-perps-minimal/markets/perps-market/node_modules/@synthetixio/core-contracts/contracts/interfaces/IERC20.sol
end_of_record

SF:/Users/vladimirdzotov/Dropbox/do/GA/synthetix/synthetix-perps-minimal/markets/perps-market/node_modules/@synthetixio/core-contracts/contracts/interfaces/IOwnable.sol
end_of_record

SF:/Users/vladimirdzotov/Dropbox/do/GA/synthetix/synthetix-perps-minimal/markets/perps-market/node_modules/@synthetixio/core-contracts/contracts/interfaces/IUUPSImplementation.sol
end_of_record

SF:/Users/vladimirdzotov/Dropbox/do/GA/synthetix/synthetix-perps-minimal/markets/perps-market/node_modules/@synthetixio/core-contracts/contracts/ownership/Ownable.sol
DA:13,0
DA:14,0
DA:15,0
DA:21,0
DA:22,0
DA:24,0
DA:25,0
DA:26,0
DA:29,0
DA:30,0
DA:32,0
DA:38,0
DA:39,0
DA:41,0
DA:42,0
DA:45,0
DA:46,0
DA:49,0
DA:50,0
DA:56,0
DA:57,0
DA:59,0
DA:60,0
DA:63,0
DA:69,0
DA:70,0
DA:76,0
DA:77,0
DA:84,0
end_of_record

SF:/Users/vladimirdzotov/Dropbox/do/GA/synthetix/synthetix-perps-minimal/markets/perps-market/node_modules/@synthetixio/core-contracts/contracts/ownership/OwnableStorage.sol
DA:6,0
DA:8,21
DA:15,2
DA:16,0
DA:22,0
DA:23,0
DA:24,0
DA:28,0
DA:29,0
end_of_record

SF:/Users/vladimirdzotov/Dropbox/do/GA/synthetix/synthetix-perps-minimal/markets/perps-market/node_modules/@synthetixio/core-contracts/contracts/proxy/AbstractProxy.sol
DA:6,1
DA:10,0
DA:13,1
DA:14,7
DA:18,4
DA:20,7
DA:22,4
DA:24,1
DA:25,5
DA:26,3
DA:29,3
end_of_record

SF:/Users/vladimirdzotov/Dropbox/do/GA/synthetix/synthetix-perps-minimal/markets/perps-market/node_modules/@synthetixio/core-contracts/contracts/proxy/ProxyStorage.sol
DA:4,0
DA:6,6
DA:13,2
DA:14,1
end_of_record

SF:/Users/vladimirdzotov/Dropbox/do/GA/synthetix/synthetix-perps-minimal/markets/perps-market/node_modules/@synthetixio/core-contracts/contracts/proxy/UUPSImplementation.sol
DA:14,0
DA:15,0
DA:17,0
DA:19,0
DA:20,0
DA:22,0
DA:23,0
DA:26,0
DA:27,0
DA:30,0
DA:33,0
DA:39,0
DA:40,0
DA:43,0
DA:44,0
DA:45,0
DA:48,0
DA:49,0
DA:52,0
DA:54,0
DA:55,0
DA:58,0
DA:59,0
DA:62,0
DA:64,0
DA:67,0
DA:70,0
DA:71,0
DA:74,0
DA:75,0
DA:76,0
DA:77,0
end_of_record

SF:/Users/vladimirdzotov/Dropbox/do/GA/synthetix/synthetix-perps-minimal/markets/perps-market/node_modules/@synthetixio/core-contracts/contracts/proxy/UUPSProxy.sol
DA:9,0
DA:10,0
DA:11,0
DA:12,0
DA:15,0
DA:16,0
DA:19,0
DA:22,4
DA:23,7
end_of_record

SF:/Users/vladimirdzotov/Dropbox/do/GA/synthetix/synthetix-perps-minimal/markets/perps-market/node_modules/@synthetixio/core-contracts/contracts/proxy/UUPSProxyWithOwner.sol
DA:7,7
DA:9,0
DA:10,0
end_of_record

SF:/Users/vladimirdzotov/Dropbox/do/GA/synthetix/synthetix-perps-minimal/markets/perps-market/node_modules/@synthetixio/core-contracts/contracts/token/ERC20Helper.sol
DA:6,0
DA:9,0
DA:10,0
DA:11,0
DA:13,0
DA:14,0
end_of_record

SF:/Users/vladimirdzotov/Dropbox/do/GA/synthetix/synthetix-perps-minimal/markets/perps-market/node_modules/@synthetixio/core-contracts/contracts/utils/AddressUtil.sol
DA:4,0
DA:5,0
DA:9,0
DA:12,0
end_of_record

SF:/Users/vladimirdzotov/Dropbox/do/GA/synthetix/synthetix-perps-minimal/markets/perps-market/node_modules/@synthetixio/core-contracts/contracts/utils/DecimalMath.sol
DA:21,0
DA:28,4
DA:30,0
DA:31,0
DA:34,0
DA:35,0
DA:36,0
DA:39,0
DA:54,2
DA:55,5
DA:65,2
DA:66,11
DA:100,2
DA:101,11
DA:132,2
DA:133,5
DA:139,2
DA:140,2
end_of_record

SF:/Users/vladimirdzotov/Dropbox/do/GA/synthetix/synthetix-perps-minimal/markets/perps-market/node_modules/@synthetixio/core-contracts/contracts/utils/ERC165Helper.sol
DA:6,0
DA:7,6
DA:10,0
DA:11,0
DA:12,0
DA:15,0
DA:16,0
DA:19,0
DA:20,0
DA:24,0
end_of_record

SF:/Users/vladimirdzotov/Dropbox/do/GA/synthetix/synthetix-perps-minimal/markets/perps-market/node_modules/@synthetixio/core-contracts/contracts/utils/ERC2771Context.sol
DA:7,0
DA:9,1
DA:11,3
DA:12,10
DA:16,0
DA:19,2
DA:32,1
end_of_record

SF:/Users/vladimirdzotov/Dropbox/do/GA/synthetix/synthetix-perps-minimal/markets/perps-market/node_modules/@synthetixio/core-contracts/contracts/utils/HeapUtil.sol
DA:8,0
end_of_record

SF:/Users/vladimirdzotov/Dropbox/do/GA/synthetix/synthetix-perps-minimal/markets/perps-market/node_modules/@synthetixio/core-contracts/contracts/utils/SafeCast.sol
end_of_record

SF:/Users/vladimirdzotov/Dropbox/do/GA/synthetix/synthetix-perps-minimal/markets/perps-market/node_modules/@synthetixio/core-contracts/contracts/utils/SafeCast/SafeCastAddress.sol
DA:7,0
end_of_record

SF:/Users/vladimirdzotov/Dropbox/do/GA/synthetix/synthetix-perps-minimal/markets/perps-market/node_modules/@synthetixio/core-contracts/contracts/utils/SafeCast/SafeCastBytes32.sol
DA:7,0
DA:12,1
DA:13,1
end_of_record

SF:/Users/vladimirdzotov/Dropbox/do/GA/synthetix/synthetix-perps-minimal/markets/perps-market/node_modules/@synthetixio/core-contracts/contracts/utils/SafeCast/SafeCastI128.sol
DA:7,0
DA:11,2
DA:14,8
DA:15,0
end_of_record

SF:/Users/vladimirdzotov/Dropbox/do/GA/synthetix/synthetix-perps-minimal/markets/perps-market/node_modules/@synthetixio/core-contracts/contracts/utils/SafeCast/SafeCastI24.sol
DA:7,0
end_of_record

SF:/Users/vladimirdzotov/Dropbox/do/GA/synthetix/synthetix-perps-minimal/markets/perps-market/node_modules/@synthetixio/core-contracts/contracts/utils/SafeCast/SafeCastI256.sol
DA:7,0
DA:12,2
DA:15,11
DA:16,0
DA:32,2
DA:35,6
DA:36,0
DA:39,1
end_of_record

SF:/Users/vladimirdzotov/Dropbox/do/GA/synthetix/synthetix-perps-minimal/markets/perps-market/node_modules/@synthetixio/core-contracts/contracts/utils/SafeCast/SafeCastI32.sol
DA:7,0
end_of_record

SF:/Users/vladimirdzotov/Dropbox/do/GA/synthetix/synthetix-perps-minimal/markets/perps-market/node_modules/@synthetixio/core-contracts/contracts/utils/SafeCast/SafeCastI56.sol
DA:7,0
end_of_record

SF:/Users/vladimirdzotov/Dropbox/do/GA/synthetix/synthetix-perps-minimal/markets/perps-market/node_modules/@synthetixio/core-contracts/contracts/utils/SafeCast/SafeCastI64.sol
DA:7,0
end_of_record

SF:/Users/vladimirdzotov/Dropbox/do/GA/synthetix/synthetix-perps-minimal/markets/perps-market/node_modules/@synthetixio/core-contracts/contracts/utils/SafeCast/SafeCastU128.sol
DA:7,0
DA:10,1
DA:14,2
DA:17,6
DA:18,0
end_of_record

SF:/Users/vladimirdzotov/Dropbox/do/GA/synthetix/synthetix-perps-minimal/markets/perps-market/node_modules/@synthetixio/core-contracts/contracts/utils/SafeCast/SafeCastU160.sol
DA:7,0
end_of_record

SF:/Users/vladimirdzotov/Dropbox/do/GA/synthetix/synthetix-perps-minimal/markets/perps-market/node_modules/@synthetixio/core-contracts/contracts/utils/SafeCast/SafeCastU256.sol
DA:7,0
DA:14,2
DA:17,5
DA:18,0
DA:21,1
DA:24,3
DA:27,7
DA:28,0
DA:31,1
DA:58,2
DA:61,5
DA:62,0
DA:65,1
end_of_record

SF:/Users/vladimirdzotov/Dropbox/do/GA/synthetix/synthetix-perps-minimal/markets/perps-market/node_modules/@synthetixio/core-contracts/contracts/utils/SafeCast/SafeCastU32.sol
DA:7,0
end_of_record

SF:/Users/vladimirdzotov/Dropbox/do/GA/synthetix/synthetix-perps-minimal/markets/perps-market/node_modules/@synthetixio/core-contracts/contracts/utils/SafeCast/SafeCastU56.sol
DA:7,0
end_of_record

SF:/Users/vladimirdzotov/Dropbox/do/GA/synthetix/synthetix-perps-minimal/markets/perps-market/node_modules/@synthetixio/core-contracts/contracts/utils/SafeCast/SafeCastU64.sol
DA:7,0
end_of_record

SF:/Users/vladimirdzotov/Dropbox/do/GA/synthetix/synthetix-perps-minimal/markets/perps-market/node_modules/@synthetixio/core-contracts/contracts/utils/SetUtil.sol
DA:6,0
DA:19,1
DA:20,5
DA:23,1
DA:24,5
DA:31,2
DA:32,1
DA:35,2
DA:36,2
DA:39,2
DA:40,7
DA:47,4
DA:48,7
DA:66,0
DA:67,0
DA:70,0
DA:71,0
DA:78,2
DA:79,2
DA:94,0
DA:95,0
DA:118,2
DA:119,3
DA:120,0
DA:123,22
DA:124,14
DA:127,7
DA:128,14
DA:129,6
DA:130,0
DA:133,9
DA:134,13
DA:138,6
DA:139,22
DA:141,27
DA:142,14
DA:146,25
DA:147,19
DA:168,1
DA:169,14
DA:172,1
DA:173,2
DA:176,7
DA:177,14
DA:178,0
DA:181,9
DA:183,22
DA:194,6
DA:195,69
end_of_record

SF:/Users/vladimirdzotov/Dropbox/do/GA/synthetix/synthetix-perps-minimal/markets/perps-market/node_modules/@synthetixio/core-modules/contracts/interfaces/IAssociatedSystemsModule.sol
end_of_record

SF:/Users/vladimirdzotov/Dropbox/do/GA/synthetix/synthetix-perps-minimal/markets/perps-market/node_modules/@synthetixio/core-modules/contracts/interfaces/IFeatureFlagModule.sol
end_of_record

SF:/Users/vladimirdzotov/Dropbox/do/GA/synthetix/synthetix-perps-minimal/markets/perps-market/node_modules/@synthetixio/core-modules/contracts/interfaces/IOwnerModule.sol
end_of_record

SF:/Users/vladimirdzotov/Dropbox/do/GA/synthetix/synthetix-perps-minimal/markets/perps-market/node_modules/@synthetixio/core-modules/contracts/interfaces/ITokenModule.sol
end_of_record

SF:/Users/vladimirdzotov/Dropbox/do/GA/synthetix/synthetix-perps-minimal/markets/perps-market/node_modules/@synthetixio/core-modules/contracts/modules/CoreModule.sol
DA:8,0
end_of_record

SF:/Users/vladimirdzotov/Dropbox/do/GA/synthetix/synthetix-perps-minimal/markets/perps-market/node_modules/@synthetixio/core-modules/contracts/modules/FeatureFlagModule.sol
DA:14,0
DA:21,0
DA:22,0
DA:23,0
DA:24,0
DA:25,0
DA:26,0
DA:28,0
DA:29,0
DA:32,0
DA:33,0
DA:39,0
DA:40,0
DA:42,0
DA:43,0
DA:46,0
DA:48,0
DA:54,0
DA:55,0
DA:57,0
DA:58,0
DA:61,0
DA:62,0
DA:63,0
DA:70,0
DA:71,0
DA:73,0
DA:74,0
DA:77,0
DA:78,0
DA:79,0
DA:86,0
DA:87,0
DA:88,0
DA:91,0
DA:92,0
DA:93,0
DA:96,0
DA:97,0
DA:98,0
DA:100,0
DA:104,0
DA:110,0
DA:111,0
DA:112,0
DA:113,0
DA:114,0
DA:117,0
DA:123,0
DA:124,0
DA:130,0
DA:131,0
DA:137,0
DA:139,0
DA:140,0
DA:146,0
DA:149,0
DA:150,0
end_of_record

SF:/Users/vladimirdzotov/Dropbox/do/GA/synthetix/synthetix-perps-minimal/markets/perps-market/node_modules/@synthetixio/core-modules/contracts/modules/OwnerModule.sol
DA:12,0
DA:14,0
end_of_record

SF:/Users/vladimirdzotov/Dropbox/do/GA/synthetix/synthetix-perps-minimal/markets/perps-market/node_modules/@synthetixio/core-modules/contracts/modules/UpgradeModule.sol
DA:7,0
DA:8,0
DA:9,0
DA:10,0
end_of_record

SF:/Users/vladimirdzotov/Dropbox/do/GA/synthetix/synthetix-perps-minimal/markets/perps-market/node_modules/@synthetixio/core-modules/contracts/storage/FeatureFlag.sol
DA:7,0
DA:20,5
DA:21,7
DA:27,3
DA:28,12
DA:29,8
DA:33,8
DA:34,6
DA:36,15
DA:37,0
DA:40,13
DA:43,0
DA:44,0
DA:45,0
DA:46,0
DA:50,0
end_of_record

SF:/Users/vladimirdzotov/Dropbox/do/GA/synthetix/synthetix-perps-minimal/markets/perps-market/node_modules/@synthetixio/main/contracts/interfaces/ICollateralConfigurationModule.sol
end_of_record

SF:/Users/vladimirdzotov/Dropbox/do/GA/synthetix/synthetix-perps-minimal/markets/perps-market/node_modules/@synthetixio/main/contracts/interfaces/ICollateralModule.sol
end_of_record

SF:/Users/vladimirdzotov/Dropbox/do/GA/synthetix/synthetix-perps-minimal/markets/perps-market/node_modules/@synthetixio/main/contracts/interfaces/IMarketCollateralModule.sol
end_of_record

SF:/Users/vladimirdzotov/Dropbox/do/GA/synthetix/synthetix-perps-minimal/markets/perps-market/node_modules/@synthetixio/main/contracts/interfaces/IMarketManagerModule.sol
end_of_record

SF:/Users/vladimirdzotov/Dropbox/do/GA/synthetix/synthetix-perps-minimal/markets/perps-market/node_modules/@synthetixio/main/contracts/interfaces/IPoolModule.sol
end_of_record

SF:/Users/vladimirdzotov/Dropbox/do/GA/synthetix/synthetix-perps-minimal/markets/perps-market/node_modules/@synthetixio/main/contracts/interfaces/IRewardsManagerModule.sol
end_of_record

SF:/Users/vladimirdzotov/Dropbox/do/GA/synthetix/synthetix-perps-minimal/markets/perps-market/node_modules/@synthetixio/main/contracts/interfaces/IUtilsModule.sol
end_of_record

SF:/Users/vladimirdzotov/Dropbox/do/GA/synthetix/synthetix-perps-minimal/markets/perps-market/node_modules/@synthetixio/main/contracts/interfaces/IVaultModule.sol
end_of_record

SF:/Users/vladimirdzotov/Dropbox/do/GA/synthetix/synthetix-perps-minimal/markets/perps-market/node_modules/@synthetixio/main/contracts/interfaces/external/IMarket.sol
end_of_record

SF:/Users/vladimirdzotov/Dropbox/do/GA/synthetix/synthetix-perps-minimal/markets/perps-market/node_modules/@synthetixio/main/contracts/interfaces/external/IOracleManager.sol
end_of_record

SF:/Users/vladimirdzotov/Dropbox/do/GA/synthetix/synthetix-perps-minimal/markets/perps-market/node_modules/@synthetixio/main/contracts/interfaces/external/IRewardDistributor.sol
end_of_record

SF:/Users/vladimirdzotov/Dropbox/do/GA/synthetix/synthetix-perps-minimal/markets/perps-market/node_modules/@synthetixio/main/contracts/storage/Account.sol
DA:16,0
DA:67,2
DA:68,9
DA:79,0
DA:80,0
DA:82,0
DA:83,0
DA:89,2
DA:90,8
DA:91,7
DA:92,0
DA:144,1
DA:146,12
DA:157,1
DA:160,1
DA:161,7
DA:163,17
DA:164,0
DA:167,1
end_of_record

SF:/Users/vladimirdzotov/Dropbox/do/GA/synthetix/synthetix-perps-minimal/markets/perps-market/node_modules/@synthetixio/main/contracts/storage/AccountRBAC.sol
DA:10,0
DA:75,0
DA:76,0
DA:77,0
DA:80,0
DA:81,0
DA:84,0
DA:85,0
DA:88,0
DA:123,0
DA:127,0
DA:128,0
DA:134,1
DA:138,2
DA:139,14
DA:140,1
DA:141,1
end_of_record

SF:/Users/vladimirdzotov/Dropbox/do/GA/synthetix/synthetix-perps-minimal/markets/perps-market/node_modules/@synthetixio/main/contracts/storage/Collateral.sol
DA:14,0
end_of_record

SF:/Users/vladimirdzotov/Dropbox/do/GA/synthetix/synthetix-perps-minimal/markets/perps-market/node_modules/@synthetixio/main/contracts/storage/CollateralConfiguration.sol
DA:17,0
end_of_record

SF:/Users/vladimirdzotov/Dropbox/do/GA/synthetix/synthetix-perps-minimal/markets/perps-market/node_modules/@synthetixio/main/contracts/storage/CollateralLock.sol
DA:7,0
end_of_record

SF:/Users/vladimirdzotov/Dropbox/do/GA/synthetix/synthetix-perps-minimal/markets/perps-market/node_modules/@synthetixio/main/contracts/storage/Config.sol
DA:7,0
end_of_record

SF:/Users/vladimirdzotov/Dropbox/do/GA/synthetix/synthetix-perps-minimal/markets/perps-market/node_modules/@synthetixio/main/contracts/storage/Distribution.sol
DA:20,0
end_of_record

SF:/Users/vladimirdzotov/Dropbox/do/GA/synthetix/synthetix-perps-minimal/markets/perps-market/node_modules/@synthetixio/main/contracts/storage/DistributionActor.sol
DA:7,0
end_of_record

SF:/Users/vladimirdzotov/Dropbox/do/GA/synthetix/synthetix-perps-minimal/markets/perps-market/node_modules/@synthetixio/main/contracts/storage/Market.sol
DA:19,0
end_of_record

SF:/Users/vladimirdzotov/Dropbox/do/GA/synthetix/synthetix-perps-minimal/markets/perps-market/node_modules/@synthetixio/main/contracts/storage/MarketConfiguration.sol
DA:15,0
end_of_record

SF:/Users/vladimirdzotov/Dropbox/do/GA/synthetix/synthetix-perps-minimal/markets/perps-market/node_modules/@synthetixio/main/contracts/storage/MarketPoolInfo.sol
DA:7,0
end_of_record

SF:/Users/vladimirdzotov/Dropbox/do/GA/synthetix/synthetix-perps-minimal/markets/perps-market/node_modules/@synthetixio/main/contracts/storage/OracleManager.sol
DA:7,0
end_of_record

SF:/Users/vladimirdzotov/Dropbox/do/GA/synthetix/synthetix-perps-minimal/markets/perps-market/node_modules/@synthetixio/main/contracts/storage/Pool.sol
DA:24,0
end_of_record

SF:/Users/vladimirdzotov/Dropbox/do/GA/synthetix/synthetix-perps-minimal/markets/perps-market/node_modules/@synthetixio/main/contracts/storage/PoolCollateralConfiguration.sol
DA:4,0
end_of_record

SF:/Users/vladimirdzotov/Dropbox/do/GA/synthetix/synthetix-perps-minimal/markets/perps-market/node_modules/@synthetixio/main/contracts/storage/RewardDistribution.sol
DA:16,0
end_of_record

SF:/Users/vladimirdzotov/Dropbox/do/GA/synthetix/synthetix-perps-minimal/markets/perps-market/node_modules/@synthetixio/main/contracts/storage/RewardDistributionClaimStatus.sol
DA:7,0
end_of_record

SF:/Users/vladimirdzotov/Dropbox/do/GA/synthetix/synthetix-perps-minimal/markets/perps-market/node_modules/@synthetixio/main/contracts/storage/ScalableMapping.sol
DA:35,0
end_of_record

SF:/Users/vladimirdzotov/Dropbox/do/GA/synthetix/synthetix-perps-minimal/markets/perps-market/node_modules/@synthetixio/main/contracts/storage/SystemPoolConfiguration.sol
DA:9,0
end_of_record

SF:/Users/vladimirdzotov/Dropbox/do/GA/synthetix/synthetix-perps-minimal/markets/perps-market/node_modules/@synthetixio/main/contracts/storage/Vault.sol
DA:20,0
end_of_record

SF:/Users/vladimirdzotov/Dropbox/do/GA/synthetix/synthetix-perps-minimal/markets/perps-market/node_modules/@synthetixio/main/contracts/storage/VaultEpoch.sol
DA:19,0
end_of_record

SF:/Users/vladimirdzotov/Dropbox/do/GA/synthetix/synthetix-perps-minimal/markets/perps-market/node_modules/@synthetixio/oracle-manager/contracts/interfaces/INodeModule.sol
end_of_record

SF:/Users/vladimirdzotov/Dropbox/do/GA/synthetix/synthetix-perps-minimal/markets/perps-market/node_modules/@synthetixio/oracle-manager/contracts/interfaces/external/IAggregatorV3Interface.sol
end_of_record

SF:/Users/vladimirdzotov/Dropbox/do/GA/synthetix/synthetix-perps-minimal/markets/perps-market/node_modules/@synthetixio/oracle-manager/contracts/interfaces/external/IExternalNode.sol
end_of_record

SF:/Users/vladimirdzotov/Dropbox/do/GA/synthetix/synthetix-perps-minimal/markets/perps-market/node_modules/@synthetixio/oracle-manager/contracts/interfaces/external/IPyth.sol
DA:162,0
end_of_record

SF:/Users/vladimirdzotov/Dropbox/do/GA/synthetix/synthetix-perps-minimal/markets/perps-market/node_modules/@synthetixio/oracle-manager/contracts/interfaces/external/IUniswapV3Pool.sol
end_of_record

SF:/Users/vladimirdzotov/Dropbox/do/GA/synthetix/synthetix-perps-minimal/markets/perps-market/node_modules/@synthetixio/oracle-manager/contracts/nodes/ChainlinkNode.sol
DA:11,0
DA:16,0
end_of_record

SF:/Users/vladimirdzotov/Dropbox/do/GA/synthetix/synthetix-perps-minimal/markets/perps-market/node_modules/@synthetixio/oracle-manager/contracts/nodes/ConstantNode.sol
DA:7,0
end_of_record

SF:/Users/vladimirdzotov/Dropbox/do/GA/synthetix/synthetix-perps-minimal/markets/perps-market/node_modules/@synthetixio/oracle-manager/contracts/nodes/ExternalNode.sol
DA:10,0
end_of_record

SF:/Users/vladimirdzotov/Dropbox/do/GA/synthetix/synthetix-perps-minimal/markets/perps-market/node_modules/@synthetixio/oracle-manager/contracts/nodes/PriceDeviationCircuitBreakerNode.sol
DA:10,0
end_of_record

SF:/Users/vladimirdzotov/Dropbox/do/GA/synthetix/synthetix-perps-minimal/markets/perps-market/node_modules/@synthetixio/oracle-manager/contracts/nodes/ReducerNode.sol
DA:10,0
end_of_record

SF:/Users/vladimirdzotov/Dropbox/do/GA/synthetix/synthetix-perps-minimal/markets/perps-market/node_modules/@synthetixio/oracle-manager/contracts/nodes/StalenessCircuitBreakerNode.sol
DA:8,0
end_of_record

SF:/Users/vladimirdzotov/Dropbox/do/GA/synthetix/synthetix-perps-minimal/markets/perps-market/node_modules/@synthetixio/oracle-manager/contracts/nodes/UniswapNode.sol
DA:15,0
DA:25,0
end_of_record

SF:/Users/vladimirdzotov/Dropbox/do/GA/synthetix/synthetix-perps-minimal/markets/perps-market/node_modules/@synthetixio/oracle-manager/contracts/nodes/pyth/PythNode.sol
DA:11,0
DA:15,0
end_of_record

SF:/Users/vladimirdzotov/Dropbox/do/GA/synthetix/synthetix-perps-minimal/markets/perps-market/node_modules/@synthetixio/oracle-manager/contracts/nodes/pyth/PythOffchainLookupNode.sol
DA:10,0
DA:16,0
end_of_record

SF:/Users/vladimirdzotov/Dropbox/do/GA/synthetix/synthetix-perps-minimal/markets/perps-market/node_modules/@synthetixio/oracle-manager/contracts/storage/NodeDefinition.sol
DA:17,0
end_of_record

SF:/Users/vladimirdzotov/Dropbox/do/GA/synthetix/synthetix-perps-minimal/markets/perps-market/node_modules/@synthetixio/oracle-manager/contracts/storage/NodeOutput.sol
DA:4,0
end_of_record

SF:/Users/vladimirdzotov/Dropbox/do/GA/synthetix/synthetix-perps-minimal/markets/perps-market/node_modules/@synthetixio/oracle-manager/contracts/utils/FullMath.sol
DA:9,0
end_of_record

SF:/Users/vladimirdzotov/Dropbox/do/GA/synthetix/synthetix-perps-minimal/markets/perps-market/node_modules/@synthetixio/oracle-manager/contracts/utils/TickMath.sol
DA:9,0
end_of_record

SF:/Users/vladimirdzotov/Dropbox/do/GA/synthetix/synthetix-perps-minimal/markets/perps-market/node_modules/@synthetixio/rewards-distributor/src/RewardsDistributor.sol
DA:14,0
DA:20,0
DA:21,0
DA:22,0
DA:23,0
DA:24,0
DA:26,0
DA:27,0
DA:29,0
DA:32,0
DA:34,0
DA:42,0
DA:43,0
DA:44,0
DA:45,0
DA:46,0
DA:48,0
DA:49,0
DA:52,0
DA:53,0
DA:59,0
DA:62,0
DA:63,0
DA:66,0
DA:67,0
DA:68,0
DA:70,0
DA:73,0
DA:79,0
DA:80,0
DA:81,0
DA:84,0
DA:85,0
DA:87,0
DA:88,0
DA:93,0
DA:94,0
DA:101,0
DA:103,0
DA:104,0
DA:106,0
DA:108,0
DA:110,0
DA:113,0
DA:119,0
DA:120,0
DA:121,0
DA:122,0
DA:127,0
DA:128,0
DA:134,0
DA:135,0
DA:136,0
DA:137,0
DA:142,0
DA:144,0
DA:153,0
DA:163,0
DA:165,0
DA:166,0
DA:167,0
DA:168,0
DA:171,0
DA:172,0
DA:173,0
end_of_record

SF:/Users/vladimirdzotov/Dropbox/do/GA/synthetix/synthetix-perps-minimal/markets/perps-market/node_modules/@synthetixio/spot-market/contracts/interfaces/IAtomicOrderModule.sol
end_of_record

SF:/Users/vladimirdzotov/Dropbox/do/GA/synthetix/synthetix-perps-minimal/markets/perps-market/node_modules/@synthetixio/spot-market/contracts/interfaces/IMarketConfigurationModule.sol
end_of_record

SF:/Users/vladimirdzotov/Dropbox/do/GA/synthetix/synthetix-perps-minimal/markets/perps-market/node_modules/@synthetixio/spot-market/contracts/interfaces/ISpotMarketFactoryModule.sol
end_of_record

SF:/Users/vladimirdzotov/Dropbox/do/GA/synthetix/synthetix-perps-minimal/markets/perps-market/node_modules/@synthetixio/spot-market/contracts/interfaces/external/ISynthetixSystem.sol
end_of_record

SF:/Users/vladimirdzotov/Dropbox/do/GA/synthetix/synthetix-perps-minimal/markets/perps-market/node_modules/@synthetixio/spot-market/contracts/storage/OrderFees.sol
DA:9,0
end_of_record

SF:/Users/vladimirdzotov/Dropbox/do/GA/synthetix/synthetix-perps-minimal/markets/perps-market/node_modules/@synthetixio/spot-market/contracts/storage/Price.sol
DA:14,0
end_of_record

SF:/Users/vladimirdzotov/Dropbox/do/GA/synthetix/synthetix-perps-minimal/markets/perps-market/node_modules/@synthetixio/spot-market/contracts/storage/SpotMarketFactory.sol
DA:12,0
end_of_record

SF:/Users/vladimirdzotov/Dropbox/do/GA/synthetix/synthetix-perps-minimal/markets/perps-market/node_modules/@synthetixio/spot-market/contracts/utils/TransactionUtil.sol
DA:7,0
end_of_record

SF:/Users/vladimirdzotov/Dropbox/do/GA/synthetix/synthetix-perps-minimal/markets/perps-market/storage.dump.sol
DA:5,0
DA:21,0
DA:37,0
DA:38,0
DA:40,0
DA:41,0
DA:42,0
DA:43,0
DA:44,0
DA:45,0
DA:49,0
DA:55,0
DA:69,0
DA:83,0
DA:84,0
DA:85,0
DA:86,0
DA:103,0
DA:124,0
DA:142,0
DA:161,0
DA:170,0
DA:209,0
DA:217,0
DA:224,0
DA:233,0
DA:241,0
DA:274,0
DA:283,0
DA:291,0
DA:306,0
DA:335,0
DA:347,0
DA:361,0
DA:369,0
DA:378,0
DA:400,0
DA:417,0
DA:429,0
DA:444,0
DA:445,0
DA:449,0
DA:464,0
DA:465,0
DA:469,0
DA:470,0
DA:474,0
DA:475,0
DA:479,0
DA:508,0
DA:518,0
DA:527,0
DA:528,0
DA:532,0
DA:542,0
DA:563,0
DA:583,0
DA:644,0
DA:658,0
DA:663,0
DA:719,0
DA:738,0
DA:772,0
DA:790,0
DA:808,0
DA:816,0
DA:825,0
DA:837,0
DA:845,0
DA:864,0
DA:889,0
DA:925,0
DA:958,0
DA:979,0
DA:1001,0
DA:1012,0
DA:1029,0
DA:1041,0
DA:1042,0
DA:1043,0
end_of_record

